2026-03-30 14:18:45,884 - INFO - Загрузка модели YOLOv8n...
2026-03-30 14:18:45,941 - INFO - Модель загружена
2026-03-30 14:18:56,683 - INFO - Выбрано столиков: 1
2026-03-30 14:18:59,089 - INFO - [00:00:00] Стол 1: Активность=Да, Ячеек активных=0/9, Motion=0, YOLO=2, Состояние=СВОБОДЕН
2026-03-30 14:18:59,090 - INFO - [0.00s] 🟡 Стол #1: старт стабилизации посадки
2026-03-30 14:18:59,746 - INFO - [00:00:02] Стол 1: Активность=Да, Ячеек активных=0/9, Motion=587, YOLO=1, Состояние=СВОБОДЕН
2026-03-30 14:19:00,348 - INFO - [00:00:04] Стол 1: Активность=Да, Ячеек активных=0/9, Motion=697, YOLO=2, Состояние=СВОБОДЕН
2026-03-30 14:19:00,933 - INFO - [00:00:06] Стол 1: Активность=Да, Ячеек активных=0/9, Motion=362, YOLO=1, Состояние=СВОБОДЕН
2026-03-30 14:19:01,535 - INFO - [00:00:08] Стол 1: Активность=Да, Ячеек активных=0/9, Motion=270, YOLO=2, Состояние=СВОБОДЕН
2026-03-30 14:19:02,116 - INFO - [00:00:10] Стол 1: Активность=Да, Ячеек активных=0/9, Motion=815, YOLO=2, Состояние=СВОБОДЕН
2026-03-30 14:19:02,116 - INFO - [10.00s] ✅ Стол #1: КЛИЕНТ СЕЛ
2026-03-30 14:19:02,709 - INFO - [00:00:12] Стол 1: Активность=Да, Ячеек активных=0/9, Motion=1111, YOLO=1, Состояние=ЗАНЯТ
2026-03-30 14:19:03,290 - INFO - [00:00:14] Стол 1: Активность=Да, Ячеек активных=0/9, Motion=475, YOLO=2, Состояние=ЗАНЯТ
2026-03-30 14:19:03,883 - INFO - [00:00:16] Стол 1: Активность=Да, Ячеек активных=0/9, Motion=339, YOLO=1, Состояние=ЗАНЯТ
2026-03-30 14:19:04,460 - INFO - [00:00:18] Стол 1: Активность=Да, Ячеек активных=0/9, Motion=220, YOLO=1, Состояние=ЗАНЯТ
2026-03-30 14:19:05,049 - INFO - [00:00:20] Стол 1: Активность=Да, Ячеек активных=0/9, Motion=162, YOLO=1, Состояние=ЗАНЯТ
2026-03-30 14:19:05,626 - INFO - [00:00:22] Стол 1: Активность=Да, Ячеек активных=0/9, Motion=48, YOLO=1, Состояние=ЗАНЯТ
2026-03-30 14:19:06,225 - INFO - [00:00:24] Стол 1: Активность=Да, Ячеек активных=0/9, Motion=5, YOLO=1, Состояние=ЗАНЯТ
2026-03-30 14:19:06,804 - INFO - [00:00:26] Стол 1: Активность=Да, Ячеек активных=0/9, Motion=4, YOLO=1, Состояние=ЗАНЯТ
2026-03-30 14:19:07,404 - INFO - [00:00:28] Стол 1: Активность=Да, Ячеек активных=0/9, Motion=624, YOLO=1, Состояние=ЗАНЯТ
2026-03-30 14:19:07,993 - INFO - [00:00:30] Стол 1: Активность=Да, Ячеек активных=0/9, Motion=516, YOLO=1, Состояние=ЗАНЯТ
2026-03-30 14:19:08,586 - INFO - [00:00:32] Стол 1: Активность=Да, Ячеек активных=0/9, Motion=3899, YOLO=1, Состояние=ЗАНЯТ
2026-03-30 14:19:09,171 - INFO - [00:00:34] Стол 1: Активность=Да, Ячеек активных=0/9, Motion=2951, YOLO=2, Состояние=ЗАНЯТ
2026-03-30 14:19:09,761 - INFO - [00:00:36] Стол 1: Активность=Да, Ячеек активных=0/9, Motion=1968, YOLO=2, Состояние=ЗАНЯТ
2026-03-30 14:19:10,349 - INFO - [00:00:38] Стол 1: Активность=Да, Ячеек активных=0/9, Motion=1088, YOLO=1, Состояние=ЗАНЯТ
2026-03-30 14:19:10,939 - INFO - [00:00:40] Стол 1: Активность=Да, Ячеек активных=0/9, Motion=649, YOLO=2, Состояние=ЗАНЯТ
2026-03-30 14:19:11,515 - INFO - [00:00:42] Стол 1: Активность=Да, Ячеек активных=0/9, Motion=339, YOLO=1, Состояние=ЗАНЯТ
2026-03-30 14:19:12,107 - INFO - [00:00:44] Стол 1: Активность=Да, Ячеек активных=0/9, Motion=1383, YOLO=1, Состояние=ЗАНЯТ
2026-03-30 14:19:12,685 - INFO - [00:00:46] Стол 1: Активность=Да, Ячеек активных=0/9, Motion=800, YOLO=1, Состояние=ЗАНЯТ
2026-03-30 14:19:13,278 - INFO - [00:00:48] Стол 1: Активность=Да, Ячеек активных=0/9, Motion=4192, YOLO=1, Состояние=ЗАНЯТ
2026-03-30 14:19:13,857 - INFO - [00:00:50] Стол 1: Активность=Да, Ячеек активных=0/9, Motion=3727, YOLO=1, Состояние=ЗАНЯТ
2026-03-30 14:19:14,446 - INFO - [00:00:52] Стол 1: Активность=Да, Ячеек активных=0/9, Motion=2743, YOLO=1, Состояние=ЗАНЯТ
2026-03-30 14:19:15,019 - INFO - [00:00:54] Стол 1: Активность=Да, Ячеек активных=0/9, Motion=1861, YOLO=1, Состояние=ЗАНЯТ
2026-03-30 14:19:15,607 - INFO - [00:00:56] Стол 1: Активность=Да, Ячеек активных=0/9, Motion=2571, YOLO=2, Состояние=ЗАНЯТ
2026-03-30 14:19:16,184 - INFO - [00:00:58] Стол 1: Активность=Да, Ячеек активных=0/9, Motion=1514, YOLO=2, Состояние=ЗАНЯТ
2026-03-30 14:19:16,780 - INFO - [00:01:00] Стол 1: Активность=Да, Ячеек активных=0/9, Motion=708, YOLO=1, Состояние=ЗАНЯТ
2026-03-30 14:19:17,360 - INFO - [00:01:02] Стол 1: Активность=Да, Ячеек активных=0/9, Motion=421, YOLO=1, Состояние=ЗАНЯТ
2026-03-30 14:19:17,952 - INFO - [00:01:04] Стол 1: Активность=Да, Ячеек активных=0/9, Motion=248, YOLO=1, Состояние=ЗАНЯТ
2026-03-30 14:19:18,528 - INFO - [00:01:06] Стол 1: Активность=Да, Ячеек активных=0/9, Motion=61, YOLO=1, Состояние=ЗАНЯТ
2026-03-30 14:19:19,126 - INFO - [00:01:08] Стол 1: Активность=Да, Ячеек активных=0/9, Motion=21, YOLO=2, Состояние=ЗАНЯТ
2026-03-30 14:19:19,702 - INFO - [00:01:10] Стол 1: Активность=Да, Ячеек активных=0/9, Motion=775, YOLO=1, Состояние=ЗАНЯТ
2026-03-30 14:19:20,293 - INFO - [00:01:12] Стол 1: Активность=Да, Ячеек активных=0/9, Motion=6147, YOLO=1, Состояние=ЗАНЯТ
2026-03-30 14:19:20,870 - INFO - [00:01:14] Стол 1: Активность=Нет, Ячеек активных=0/9, Motion=5548, YOLO=0, Состояние=ЗАНЯТ
2026-03-30 14:19:20,870 - INFO - [74.00s] ⚠️ Стол #1: нет активности, старт таймера ухода (20.0s)
2026-03-30 14:19:20,870 - INFO - [74.00s] ⏱ Стол #1: без движения 0.0/20.0s
2026-03-30 14:19:21,457 - INFO - [00:01:16] Стол 1: Активность=Нет, Ячеек активных=0/9, Motion=4545, YOLO=0, Состояние=ЗАНЯТ
2026-03-30 14:19:21,457 - INFO - [76.00s] ⏱ Стол #1: без движения 2.0/20.0s
2026-03-30 14:19:22,034 - INFO - [00:01:18] Стол 1: Активность=Нет, Ячеек активных=0/9, Motion=3552, YOLO=0, Состояние=ЗАНЯТ
2026-03-30 14:19:22,034 - INFO - [78.00s] ⏱ Стол #1: без движения 4.0/20.0s
2026-03-30 14:19:22,633 - INFO - [00:01:20] Стол 1: Активность=Нет, Ячеек активных=0/9, Motion=2150, YOLO=0, Состояние=ЗАНЯТ
2026-03-30 14:19:22,633 - INFO - [80.00s] ⏱ Стол #1: без движения 6.0/20.0s
2026-03-30 14:19:23,247 - INFO - [00:01:22] Стол 1: Активность=Да, Ячеек активных=0/9, Motion=4469, YOLO=1, Состояние=ЗАНЯТ
2026-03-30 14:19:23,838 - INFO - [00:01:24] Стол 1: Активность=Да, Ячеек активных=0/9, Motion=3078, YOLO=1, Состояние=ЗАНЯТ
2026-03-30 14:19:24,413 - INFO - [00:01:26] Стол 1: Активность=Да, Ячеек активных=0/9, Motion=1641, YOLO=1, Состояние=ЗАНЯТ
2026-03-30 14:19:25,000 - INFO - [00:01:28] Стол 1: Активность=Да, Ячеек активных=0/9, Motion=882, YOLO=1, Состояние=ЗАНЯТ
2026-03-30 14:19:25,575 - INFO - [00:01:30] Стол 1: Активность=Да, Ячеек активных=0/9, Motion=1913, YOLO=1, Состояние=ЗАНЯТ
2026-03-30 14:19:26,168 - INFO - [00:01:32] Стол 1: Активность=Да, Ячеек активных=2/9, Motion=18198, YOLO=2, Состояние=ЗАНЯТ
2026-03-30 14:19:26,747 - INFO - [00:01:34] Стол 1: Активность=Да, Ячеек активных=2/9, Motion=28819, YOLO=0, Состояние=ЗАНЯТ
2026-03-30 14:19:27,345 - INFO - [00:01:36] Стол 1: Активность=Да, Ячеек активных=2/9, Motion=32020, YOLO=2, Состояние=ЗАНЯТ
2026-03-30 14:19:27,934 - INFO - [00:01:38] Стол 1: Активность=Да, Ячеек активных=2/9, Motion=29558, YOLO=0, Состояние=ЗАНЯТ
2026-03-30 14:19:28,529 - INFO - [00:01:40] Стол 1: Активность=Да, Ячеек активных=3/9, Motion=29977, YOLO=1, Состояние=ЗАНЯТ
2026-03-30 14:19:29,151 - INFO - [00:01:42] Стол 1: Активность=Да, Ячеек активных=2/9, Motion=30711, YOLO=1, Состояние=ЗАНЯТ
2026-03-30 14:19:29,754 - INFO - [00:01:44] Стол 1: Активность=Да, Ячеек активных=2/9, Motion=26842, YOLO=0, Состояние=ЗАНЯТ
2026-03-30 14:19:30,341 - INFO - [00:01:46] Стол 1: Активность=Да, Ячеек активных=1/9, Motion=20952, YOLO=1, Состояние=ЗАНЯТ
2026-03-30 14:19:30,943 - INFO - [00:01:48] Стол 1: Активность=Нет, Ячеек активных=0/9, Motion=14408, YOLO=0, Состояние=ЗАНЯТ
2026-03-30 14:19:30,943 - INFO - [108.00s] ⚠️ Стол #1: нет активности, старт таймера ухода (20.0s)
2026-03-30 14:19:30,943 - INFO - [108.00s] ⏱ Стол #1: без движения 0.0/20.0s
2026-03-30 14:19:31,648 - INFO - [00:01:50] Стол 1: Активность=Нет, Ячеек активных=0/9, Motion=10191, YOLO=0, Состояние=ЗАНЯТ
2026-03-30 14:19:31,649 - INFO - [110.00s] ⏱ Стол #1: без движения 2.0/20.0s
2026-03-30 14:19:32,272 - INFO - [00:01:52] Стол 1: Активность=Нет, Ячеек активных=0/9, Motion=3288, YOLO=0, Состояние=ЗАНЯТ
2026-03-30 14:19:32,272 - INFO - [112.00s] ⏱ Стол #1: без движения 4.0/20.0s
2026-03-30 14:19:32,890 - INFO - [00:01:54] Стол 1: Активность=Нет, Ячеек активных=0/9, Motion=1560, YOLO=0, Состояние=ЗАНЯТ
2026-03-30 14:19:32,890 - INFO - [114.00s] ⏱ Стол #1: без движения 6.0/20.0s
2026-03-30 14:19:33,489 - INFO - [00:01:56] Стол 1: Активность=Нет, Ячеек активных=0/9, Motion=383, YOLO=0, Состояние=ЗАНЯТ
2026-03-30 14:19:33,489 - INFO - [116.00s] ⏱ Стол #1: без движения 8.0/20.0s
2026-03-30 14:19:34,281 - INFO - [00:01:58] Стол 1: Активность=Нет, Ячеек активных=0/9, Motion=89, YOLO=0, Состояние=ЗАНЯТ
2026-03-30 14:19:34,282 - INFO - [118.00s] ⏱ Стол #1: без движения 10.0/20.0s
2026-03-30 14:19:34,939 - INFO - [00:02:00] Стол 1: Активность=Нет, Ячеек активных=0/9, Motion=0, YOLO=0, Состояние=ЗАНЯТ
2026-03-30 14:19:34,939 - INFO - [120.00s] ⏱ Стол #1: без движения 12.0/20.0s
2026-03-30 14:19:35,516 - INFO - [00:02:02] Стол 1: Активность=Нет, Ячеек активных=0/9, Motion=0, YOLO=0, Состояние=ЗАНЯТ
2026-03-30 14:19:35,517 - INFO - [122.00s] ⏱ Стол #1: без движения 14.0/20.0s
2026-03-30 14:19:36,148 - INFO - [00:02:04] Стол 1: Активность=Нет, Ячеек активных=0/9, Motion=0, YOLO=0, Состояние=ЗАНЯТ
2026-03-30 14:19:36,148 - INFO - [124.00s] ⏱ Стол #1: без движения 16.0/20.0s
2026-03-30 14:19:36,796 - INFO - [00:02:06] Стол 1: Активность=Нет, Ячеек активных=0/9, Motion=0, YOLO=0, Состояние=ЗАНЯТ
2026-03-30 14:19:36,796 - INFO - [126.00s] ⏱ Стол #1: без движения 18.0/20.0s
2026-03-30 14:19:37,406 - INFO - [00:02:08] Стол 1: Активность=Нет, Ячеек активных=0/9, Motion=0, YOLO=0, Состояние=ЗАНЯТ
2026-03-30 14:19:37,406 - INFO - [128.00s] ⏱ Стол #1: без движения 20.0/20.0s
2026-03-30 14:19:37,406 - INFO - [128.00s] 🚪 Стол #1: КЛИЕНТ УШЕЛ (нет активности 20.0s)
2026-03-30 14:19:37,996 - INFO - [00:02:10] Стол 1: Активность=Нет, Ячеек активных=0/9, Motion=0, YOLO=0, Состояние=СВОБОДЕН
2026-03-30 14:19:38,594 - INFO - [00:02:12] Стол 1: Активность=Нет, Ячеек активных=0/9, Motion=0, YOLO=0, Состояние=СВОБОДЕН
2026-03-30 14:19:39,192 - INFO - [00:02:14] Стол 1: Активность=Нет, Ячеек активных=0/9, Motion=0, YOLO=0, Состояние=СВОБОДЕН
2026-03-30 14:19:39,805 - INFO - [00:02:16] Стол 1: Активность=Нет, Ячеек активных=0/9, Motion=0, YOLO=0, Состояние=СВОБОДЕН
2026-03-30 14:19:40,408 - INFO - [00:02:18] Стол 1: Активность=Нет, Ячеек активных=0/9, Motion=0, YOLO=0, Состояние=СВОБОДЕН
2026-03-30 14:19:41,002 - INFO - [00:02:20] Стол 1: Активность=Нет, Ячеек активных=0/9, Motion=0, YOLO=0, Состояние=СВОБОДЕН
2026-03-30 14:19:41,581 - INFO - [00:02:22] Стол 1: Активность=Нет, Ячеек активных=0/9, Motion=0, YOLO=0, Состояние=СВОБОДЕН
2026-03-30 14:19:42,181 - INFO - [00:02:24] Стол 1: Активность=Нет, Ячеек активных=0/9, Motion=0, YOLO=0, Состояние=СВОБОДЕН
2026-03-30 14:19:42,771 - INFO - [00:02:26] Стол 1: Активность=Нет, Ячеек активных=0/9, Motion=0, YOLO=0, Состояние=СВОБОДЕН
2026-03-30 14:19:43,363 - INFO - [00:02:28] Стол 1: Активность=Нет, Ячеек активных=0/9, Motion=0, YOLO=0, Состояние=СВОБОДЕН
2026-03-30 14:19:43,992 - INFO - [00:02:30] Стол 1: Активность=Нет, Ячеек активных=0/9, Motion=0, YOLO=0, Состояние=СВОБОДЕН
2026-03-30 14:19:44,585 - INFO - [00:02:32] Стол 1: Активность=Нет, Ячеек активных=0/9, Motion=0, YOLO=0, Состояние=СВОБОДЕН
2026-03-30 14:19:45,166 - INFO - [00:02:34] Стол 1: Активность=Нет, Ячеек активных=0/9, Motion=0, YOLO=0, Состояние=СВОБОДЕН
2026-03-30 14:19:45,757 - INFO - [00:02:36] Стол 1: Активность=Нет, Ячеек активных=0/9, Motion=0, YOLO=0, Состояние=СВОБОДЕН
2026-03-30 14:19:46,333 - INFO - [00:02:38] Стол 1: Активность=Нет, Ячеек активных=0/9, Motion=0, YOLO=0, Состояние=СВОБОДЕН
2026-03-30 14:19:46,925 - INFO - [00:02:40] Стол 1: Активность=Нет, Ячеек активных=0/9, Motion=0, YOLO=0, Состояние=СВОБОДЕН
2026-03-30 14:19:47,507 - INFO - [00:02:42] Стол 1: Активность=Нет, Ячеек активных=0/9, Motion=0, YOLO=0, Состояние=СВОБОДЕН
2026-03-30 14:19:48,100 - INFO - [00:02:44] Стол 1: Активность=Нет, Ячеек активных=0/9, Motion=0, YOLO=0, Состояние=СВОБОДЕН
2026-03-30 14:19:48,688 - INFO - [00:02:46] Стол 1: Активность=Нет, Ячеек активных=0/9, Motion=0, YOLO=0, Состояние=СВОБОДЕН
2026-03-30 14:19:49,281 - INFO - [00:02:48] Стол 1: Активность=Нет, Ячеек активных=0/9, Motion=0, YOLO=0, Состояние=СВОБОДЕН
2026-03-30 14:19:49,877 - INFO - [00:02:50] Стол 1: Активность=Нет, Ячеек активных=0/9, Motion=192, YOLO=0, Состояние=СВОБОДЕН
2026-03-30 14:19:50,480 - INFO - [00:02:52] Стол 1: Активность=Нет, Ячеек активных=0/9, Motion=0, YOLO=0, Состояние=СВОБОДЕН
2026-03-30 14:19:51,063 - INFO - [00:02:54] Стол 1: Активность=Нет, Ячеек активных=0/9, Motion=0, YOLO=0, Состояние=СВОБОДЕН
2026-03-30 14:19:51,650 - INFO - [00:02:56] Стол 1: Активность=Нет, Ячеек активных=0/9, Motion=0, YOLO=0, Состояние=СВОБОДЕН
2026-03-30 14:19:52,230 - INFO - [00:02:58] Стол 1: Активность=Нет, Ячеек активных=0/9, Motion=0, YOLO=0, Состояние=СВОБОДЕН
2026-03-30 14:19:52,837 - INFO - [00:03:00] Стол 1: Активность=Нет, Ячеек активных=0/9, Motion=0, YOLO=0, Состояние=СВОБОДЕН
2026-03-30 14:19:53,444 - INFO - [00:03:02] Стол 1: Активность=Нет, Ячеек активных=0/9, Motion=0, YOLO=0, Состояние=СВОБОДЕН
2026-03-30 14:19:54,059 - INFO - [00:03:04] Стол 1: Активность=Нет, Ячеек активных=0/9, Motion=1356, YOLO=0, Состояние=СВОБОДЕН
2026-03-30 14:19:54,659 - INFO - [00:03:06] Стол 1: Активность=Нет, Ячеек активных=0/9, Motion=4448, YOLO=0, Состояние=СВОБОДЕН
2026-03-30 14:19:55,292 - INFO - [00:03:08] Стол 1: Активность=Нет, Ячеек активных=0/9, Motion=3758, YOLO=0, Состояние=СВОБОДЕН
2026-03-30 14:19:55,891 - INFO - [00:03:10] Стол 1: Активность=Нет, Ячеек активных=0/9, Motion=3075, YOLO=0, Состояние=СВОБОДЕН
2026-03-30 14:19:56,525 - INFO - [00:03:12] Стол 1: Активность=Нет, Ячеек активных=0/9, Motion=2385, YOLO=0, Состояние=СВОБОДЕН
2026-03-30 14:19:57,116 - INFO - [00:03:14] Стол 1: Активность=Нет, Ячеек активных=0/9, Motion=1914, YOLO=0, Состояние=СВОБОДЕН
2026-03-30 14:19:57,712 - INFO - [00:03:16] Стол 1: Активность=Нет, Ячеек активных=0/9, Motion=953, YOLO=0, Состояние=СВОБОДЕН
2026-03-30 14:19:58,318 - INFO - [00:03:18] Стол 1: Активность=Нет, Ячеек активных=0/9, Motion=424, YOLO=0, Состояние=СВОБОДЕН
2026-03-30 14:19:58,916 - INFO - [00:03:20] Стол 1: Активность=Нет, Ячеек активных=0/9, Motion=50, YOLO=0, Состояние=СВОБОДЕН
2026-03-30 14:19:59,507 - INFO - [00:03:22] Стол 1: Активность=Нет, Ячеек активных=0/9, Motion=0, YOLO=0, Состояние=СВОБОДЕН
2026-03-30 14:20:00,115 - INFO - [00:03:24] Стол 1: Активность=Нет, Ячеек активных=0/9, Motion=0, YOLO=0, Состояние=СВОБОДЕН
2026-03-30 14:20:00,714 - INFO - [00:03:26] Стол 1: Активность=Да, Ячеек активных=0/9, Motion=390, YOLO=1, Состояние=СВОБОДЕН
2026-03-30 14:20:00,715 - INFO - [206.00s] 🟡 Стол #1: старт стабилизации посадки
2026-03-30 14:20:01,328 - INFO - [00:03:28] Стол 1: Активность=Нет, Ячеек активных=0/9, Motion=0, YOLO=0, Состояние=СВОБОДЕН
2026-03-30 14:20:01,328 - INFO - [208.00s] 🟡 Стол #1: ложное срабатывание, сброс таймера посадки
2026-03-30 14:20:01,921 - INFO - [00:03:30] Стол 1: Активность=Нет, Ячеек активных=0/9, Motion=0, YOLO=0, Состояние=СВОБОДЕН
2026-03-30 14:20:02,520 - INFO - [00:03:32] Стол 1: Активность=Нет, Ячеек активных=0/9, Motion=0, YOLO=0, Состояние=СВОБОДЕН
2026-03-30 14:20:03,125 - INFO - [00:03:34] Стол 1: Активность=Нет, Ячеек активных=0/9, Motion=0, YOLO=0, Состояние=СВОБОДЕН
2026-03-30 14:20:03,731 - INFO - [00:03:36] Стол 1: Активность=Нет, Ячеек активных=0/9, Motion=0, YOLO=0, Состояние=СВОБОДЕН
2026-03-30 14:20:04,326 - INFO - [00:03:38] Стол 1: Активность=Нет, Ячеек активных=0/9, Motion=0, YOLO=0, Состояние=СВОБОДЕН
2026-03-30 14:20:04,942 - INFO - [00:03:40] Стол 1: Активность=Нет, Ячеек активных=0/9, Motion=0, YOLO=0, Состояние=СВОБОДЕН
2026-03-30 14:20:05,553 - INFO - [00:03:42] Стол 1: Активность=Нет, Ячеек активных=0/9, Motion=0, YOLO=0, Состояние=СВОБОДЕН
2026-03-30 14:20:06,148 - INFO - [00:03:44] Стол 1: Активность=Нет, Ячеек активных=0/9, Motion=0, YOLO=0, Состояние=СВОБОДЕН
2026-03-30 14:20:06,732 - INFO - [00:03:46] Стол 1: Активность=Нет, Ячеек активных=0/9, Motion=0, YOLO=0, Состояние=СВОБОДЕН
2026-03-30 14:20:07,328 - INFO - [00:03:48] Стол 1: Активность=Нет, Ячеек активных=0/9, Motion=0, YOLO=0, Состояние=СВОБОДЕН
2026-03-30 14:20:07,912 - INFO - [00:03:50] Стол 1: Активность=Нет, Ячеек активных=0/9, Motion=0, YOLO=0, Состояние=СВОБОДЕН
2026-03-30 14:20:08,508 - INFO - [00:03:52] Стол 1: Активность=Нет, Ячеек активных=0/9, Motion=0, YOLO=0, Состояние=СВОБОДЕН
2026-03-30 14:20:09,087 - INFO - [00:03:54] Стол 1: Активность=Нет, Ячеек активных=0/9, Motion=0, YOLO=0, Состояние=СВОБОДЕН
2026-03-30 14:20:09,686 - INFO - [00:03:56] Стол 1: Активность=Нет, Ячеек активных=0/9, Motion=0, YOLO=0, Состояние=СВОБОДЕН
2026-03-30 14:20:10,279 - INFO - [00:03:58] Стол 1: Активность=Нет, Ячеек активных=0/9, Motion=0, YOLO=0, Состояние=СВОБОДЕН
2026-03-30 14:20:10,873 - INFO - [00:04:00] Стол 1: Активность=Нет, Ячеек активных=0/9, Motion=0, YOLO=0, Состояние=СВОБОДЕН
2026-03-30 14:20:11,459 - INFO - [00:04:02] Стол 1: Активность=Нет, Ячеек активных=0/9, Motion=0, YOLO=0, Состояние=СВОБОДЕН
2026-03-30 14:20:12,052 - INFO - [00:04:04] Стол 1: Активность=Нет, Ячеек активных=0/9, Motion=0, YOLO=0, Состояние=СВОБОДЕН
2026-03-30 14:20:12,638 - INFO - [00:04:06] Стол 1: Активность=Нет, Ячеек активных=0/9, Motion=0, YOLO=0, Состояние=СВОБОДЕН
2026-03-30 14:20:13,236 - INFO - [00:04:08] Стол 1: Активность=Нет, Ячеек активных=0/9, Motion=0, YOLO=0, Состояние=СВОБОДЕН
2026-03-30 14:20:13,817 - INFO - [00:04:10] Стол 1: Активность=Нет, Ячеек активных=0/9, Motion=0, YOLO=0, Состояние=СВОБОДЕН
2026-03-30 14:20:14,408 - INFO - [00:04:12] Стол 1: Активность=Нет, Ячеек активных=0/9, Motion=0, YOLO=0, Состояние=СВОБОДЕН
2026-03-30 14:20:14,990 - INFO - [00:04:14] Стол 1: Активность=Нет, Ячеек активных=0/9, Motion=0, YOLO=0, Состояние=СВОБОДЕН
2026-03-30 14:20:15,588 - INFO - [00:04:16] Стол 1: Активность=Нет, Ячеек активных=0/9, Motion=0, YOLO=0, Состояние=СВОБОДЕН
2026-03-30 14:20:16,188 - INFO - [00:04:18] Стол 1: Активность=Нет, Ячеек активных=0/9, Motion=0, YOLO=0, Состояние=СВОБОДЕН
2026-03-30 14:20:16,785 - INFO - [00:04:20] Стол 1: Активность=Нет, Ячеек активных=0/9, Motion=0, YOLO=0, Состояние=СВОБОДЕН
2026-03-30 14:20:17,369 - INFO - [00:04:22] Стол 1: Активность=Нет, Ячеек активных=0/9, Motion=0, YOLO=0, Состояние=СВОБОДЕН
2026-03-30 14:20:17,966 - INFO - [00:04:24] Стол 1: Активность=Нет, Ячеек активных=0/9, Motion=0, YOLO=0, Состояние=СВОБОДЕН
2026-03-30 14:20:18,544 - INFO - [00:04:26] Стол 1: Активность=Нет, Ячеек активных=0/9, Motion=0, YOLO=0, Состояние=СВОБОДЕН
2026-03-30 14:20:19,142 - INFO - [00:04:28] Стол 1: Активность=Нет, Ячеек активных=0/9, Motion=0, YOLO=0, Состояние=СВОБОДЕН
2026-03-30 14:20:19,721 - INFO - [00:04:30] Стол 1: Активность=Нет, Ячеек активных=0/9, Motion=0, YOLO=0, Состояние=СВОБОДЕН
2026-03-30 14:20:20,315 - INFO - [00:04:32] Стол 1: Активность=Нет, Ячеек активных=0/9, Motion=0, YOLO=0, Состояние=СВОБОДЕН
2026-03-30 14:20:20,894 - INFO - [00:04:34] Стол 1: Активность=Нет, Ячеек активных=0/9, Motion=0, YOLO=0, Состояние=СВОБОДЕН
2026-03-30 14:20:21,485 - INFO - [00:04:36] Стол 1: Активность=Нет, Ячеек активных=0/9, Motion=0, YOLO=0, Состояние=СВОБОДЕН
2026-03-30 14:20:22,085 - INFO - [00:04:38] Стол 1: Активность=Нет, Ячеек активных=0/9, Motion=0, YOLO=0, Состояние=СВОБОДЕН
2026-03-30 14:20:22,679 - INFO - [00:04:40] Стол 1: Активность=Нет, Ячеек активных=0/9, Motion=0, YOLO=0, Состояние=СВОБОДЕН
2026-03-30 14:20:23,261 - INFO - [00:04:42] Стол 1: Активность=Нет, Ячеек активных=0/9, Motion=0, YOLO=0, Состояние=СВОБОДЕН
2026-03-30 14:20:23,856 - INFO - [00:04:44] Стол 1: Активность=Нет, Ячеек активных=0/9, Motion=0, YOLO=0, Состояние=СВОБОДЕН
2026-03-30 14:20:24,445 - INFO - [00:04:46] Стол 1: Активность=Нет, Ячеек активных=0/9, Motion=0, YOLO=0, Состояние=СВОБОДЕН
2026-03-30 14:20:25,037 - INFO - [00:04:48] Стол 1: Активность=Нет, Ячеек активных=0/9, Motion=0, YOLO=0, Состояние=СВОБОДЕН
2026-03-30 14:20:25,632 - INFO - [00:04:50] Стол 1: Активность=Нет, Ячеек активных=0/9, Motion=0, YOLO=0, Состояние=СВОБОДЕН
2026-03-30 14:20:26,222 - INFO - [00:04:52] Стол 1: Активность=Нет, Ячеек активных=0/9, Motion=0, YOLO=0, Состояние=СВОБОДЕН
2026-03-30 14:20:26,805 - INFO - [00:04:54] Стол 1: Активность=Нет, Ячеек активных=0/9, Motion=0, YOLO=0, Состояние=СВОБОДЕН
2026-03-30 14:20:27,393 - INFO - [00:04:56] Стол 1: Активность=Нет, Ячеек активных=0/9, Motion=0, YOLO=0, Состояние=СВОБОДЕН
2026-03-30 14:20:27,985 - INFO - [00:04:58] Стол 1: Активность=Нет, Ячеек активных=0/9, Motion=0, YOLO=0, Состояние=СВОБОДЕН
2026-03-30 14:20:28,575 - INFO - [00:05:00] Стол 1: Активность=Нет, Ячеек активных=0/9, Motion=0, YOLO=0, Состояние=СВОБОДЕН
2026-03-30 14:20:29,156 - INFO - [00:05:02] Стол 1: Активность=Нет, Ячеек активных=0/9, Motion=0, YOLO=0, Состояние=СВОБОДЕН
2026-03-30 14:20:29,753 - INFO - [00:05:04] Стол 1: Активность=Нет, Ячеек активных=0/9, Motion=0, YOLO=0, Состояние=СВОБОДЕН
2026-03-30 14:20:30,337 - INFO - [00:05:06] Стол 1: Активность=Нет, Ячеек активных=0/9, Motion=0, YOLO=0, Состояние=СВОБОДЕН
2026-03-30 14:20:30,934 - INFO - [00:05:08] Стол 1: Активность=Нет, Ячеек активных=0/9, Motion=0, YOLO=0, Состояние=СВОБОДЕН
2026-03-30 14:20:31,511 - INFO - [00:05:10] Стол 1: Активность=Нет, Ячеек активных=0/9, Motion=0, YOLO=0, Состояние=СВОБОДЕН
2026-03-30 14:20:32,114 - INFO - [00:05:12] Стол 1: Активность=Нет, Ячеек активных=0/9, Motion=0, YOLO=0, Состояние=СВОБОДЕН
2026-03-30 14:20:32,710 - INFO - [00:05:14] Стол 1: Активность=Да, Ячеек активных=2/9, Motion=15533, YOLO=0, Состояние=СВОБОДЕН
2026-03-30 14:20:32,711 - INFO - [314.00s] 🟡 Стол #1: старт стабилизации посадки
2026-03-30 14:20:33,308 - INFO - [00:05:16] Стол 1: Активность=Да, Ячеек активных=2/9, Motion=16586, YOLO=0, Состояние=СВОБОДЕН
2026-03-30 14:20:33,892 - INFO - [00:05:18] Стол 1: Активность=Да, Ячеек активных=1/9, Motion=15514, YOLO=1, Состояние=СВОБОДЕН
2026-03-30 14:20:34,491 - INFO - [00:05:20] Стол 1: Активность=Нет, Ячеек активных=1/9, Motion=12633, YOLO=0, Состояние=СВОБОДЕН
2026-03-30 14:20:34,491 - INFO - [320.00s] 🟡 Стол #1: ложное срабатывание, сброс таймера посадки
2026-03-30 14:20:35,126 - INFO - [00:05:22] Стол 1: Активность=Да, Ячеек активных=1/9, Motion=10244, YOLO=1, Состояние=СВОБОДЕН
2026-03-30 14:20:35,126 - INFO - [322.00s] 🟡 Стол #1: старт стабилизации посадки
2026-03-30 14:20:35,721 - INFO - [00:05:24] Стол 1: Активность=Нет, Ячеек активных=1/9, Motion=6743, YOLO=0, Состояние=СВОБОДЕН
2026-03-30 14:20:35,722 - INFO - [324.00s] 🟡 Стол #1: ложное срабатывание, сброс таймера посадки
2026-03-30 14:20:36,309 - INFO - [00:05:26] Стол 1: Активность=Да, Ячеек активных=0/9, Motion=5078, YOLO=1, Состояние=СВОБОДЕН
2026-03-30 14:20:36,309 - INFO - [326.00s] 🟡 Стол #1: старт стабилизации посадки
2026-03-30 14:20:36,909 - INFO - [00:05:28] Стол 1: Активность=Да, Ячеек активных=0/9, Motion=6159, YOLO=1, Состояние=СВОБОДЕН
2026-03-30 14:20:37,501 - INFO - [00:05:30] Стол 1: Активность=Да, Ячеек активных=0/9, Motion=6161, YOLO=1, Состояние=СВОБОДЕН
2026-03-30 14:20:38,098 - INFO - [00:05:32] Стол 1: Активность=Да, Ячеек активных=0/9, Motion=4722, YOLO=2, Состояние=СВОБОДЕН
2026-03-30 14:20:38,681 - INFO - [00:05:34] Стол 1: Активность=Да, Ячеек активных=0/9, Motion=4360, YOLO=1, Состояние=СВОБОДЕН
2026-03-30 14:20:39,278 - INFO - [00:05:36] Стол 1: Активность=Да, Ячеек активных=0/9, Motion=3705, YOLO=1, Состояние=СВОБОДЕН
2026-03-30 14:20:39,278 - INFO - [336.00s] ✅ Стол #1: КЛИЕНТ СЕЛ
2026-03-30 14:20:39,859 - INFO - [00:05:38] Стол 1: Активность=Да, Ячеек активных=0/9, Motion=3524, YOLO=1, Состояние=ЗАНЯТ
2026-03-30 14:20:40,453 - INFO - [00:05:40] Стол 1: Активность=Да, Ячеек активных=0/9, Motion=2671, YOLO=2, Состояние=ЗАНЯТ
2026-03-30 14:20:41,035 - INFO - [00:05:42] Стол 1: Активность=Да, Ячеек активных=0/9, Motion=2290, YOLO=1, Состояние=ЗАНЯТ
2026-03-30 14:20:41,624 - INFO - [00:05:44] Стол 1: Активность=Да, Ячеек активных=0/9, Motion=3290, YOLO=1, Состояние=ЗАНЯТ
2026-03-30 14:20:42,204 - INFO - [00:05:46] Стол 1: Активность=Да, Ячеек активных=0/9, Motion=2704, YOLO=1, Состояние=ЗАНЯТ
2026-03-30 14:20:42,796 - INFO - [00:05:48] Стол 1: Активность=Нет, Ячеек активных=0/9, Motion=4504, YOLO=0, Состояние=ЗАНЯТ
2026-03-30 14:20:42,796 - INFO - [348.00s] ⚠️ Стол #1: нет активности, старт таймера ухода (20.0s)
2026-03-30 14:20:42,796 - INFO - [348.00s] ⏱ Стол #1: без движения 0.0/20.0s
2026-03-30 14:20:43,378 - INFO - [00:05:50] Стол 1: Активность=Да, Ячеек активных=0/9, Motion=4542, YOLO=1, Состояние=ЗАНЯТ
2026-03-30 14:20:43,969 - INFO - [00:05:52] Стол 1: Активность=Да, Ячеек активных=0/9, Motion=3677, YOLO=3, Состояние=ЗАНЯТ
2026-03-30 14:20:44,548 - INFO - [00:05:54] Стол 1: Активность=Да, Ячеек активных=0/9, Motion=3076, YOLO=1, Состояние=ЗАНЯТ
2026-03-30 14:20:45,141 - INFO - [00:05:56] Стол 1: Активность=Да, Ячеек активных=0/9, Motion=2577, YOLO=1, Состояние=ЗАНЯТ
2026-03-30 14:20:45,719 - INFO - [00:05:58] Стол 1: Активность=Да, Ячеек активных=0/9, Motion=5212, YOLO=1, Состояние=ЗАНЯТ
2026-03-30 14:20:46,324 - INFO - [00:06:00] Стол 1: Активность=Нет, Ячеек активных=0/9, Motion=5835, YOLO=0, Состояние=ЗАНЯТ
2026-03-30 14:20:46,324 - INFO - [360.00s] ⚠️ Стол #1: нет активности, старт таймера ухода (20.0s)
2026-03-30 14:20:46,324 - INFO - [360.00s] ⏱ Стол #1: без движения 0.0/20.0s
2026-03-30 14:20:46,907 - INFO - [00:06:02] Стол 1: Активность=Нет, Ячеек активных=0/9, Motion=4938, YOLO=0, Состояние=ЗАНЯТ
2026-03-30 14:20:46,907 - INFO - [362.00s] ⏱ Стол #1: без движения 2.0/20.0s
2026-03-30 14:20:47,508 - INFO - [00:06:04] Стол 1: Активность=Нет, Ячеек активных=0/9, Motion=3572, YOLO=0, Состояние=ЗАНЯТ
2026-03-30 14:20:47,508 - INFO - [364.00s] ⏱ Стол #1: без движения 4.0/20.0s
2026-03-30 14:20:48,092 - INFO - [00:06:06] Стол 1: Активность=Да, Ячеек активных=0/9, Motion=5530, YOLO=3, Состояние=ЗАНЯТ
2026-03-30 14:20:48,697 - INFO - [00:06:08] Стол 1: Активность=Да, Ячеек активных=0/9, Motion=3843, YOLO=3, Состояние=ЗАНЯТ
2026-03-30 14:20:49,284 - INFO - [00:06:10] Стол 1: Активность=Да, Ячеек активных=0/9, Motion=3019, YOLO=3, Состояние=ЗАНЯТ
2026-03-30 14:20:49,877 - INFO - [00:06:12] Стол 1: Активность=Да, Ячеек активных=0/9, Motion=3654, YOLO=1, Состояние=ЗАНЯТ
2026-03-30 14:20:50,460 - INFO - [00:06:14] Стол 1: Активность=Да, Ячеек активных=0/9, Motion=3148, YOLO=2, Состояние=ЗАНЯТ
2026-03-30 14:20:51,054 - INFO - [00:06:16] Стол 1: Активность=Да, Ячеек активных=0/9, Motion=2855, YOLO=2, Состояние=ЗАНЯТ
2026-03-30 14:20:51,640 - INFO - [00:06:18] Стол 1: Активность=Да, Ячеек активных=0/9, Motion=3679, YOLO=2, Состояние=ЗАНЯТ
2026-03-30 14:20:52,241 - INFO - [00:06:20] Стол 1: Активность=Да, Ячеек активных=0/9, Motion=3078, YOLO=1, Состояние=ЗАНЯТ
2026-03-30 14:20:52,830 - INFO - [00:06:22] Стол 1: Активность=Нет, Ячеек активных=0/9, Motion=4907, YOLO=0, Состояние=ЗАНЯТ
2026-03-30 14:20:52,830 - INFO - [382.00s] ⚠️ Стол #1: нет активности, старт таймера ухода (20.0s)
2026-03-30 14:20:52,830 - INFO - [382.00s] ⏱ Стол #1: без движения 0.0/20.0s
2026-03-30 14:20:53,432 - INFO - [00:06:24] Стол 1: Активность=Да, Ячеек активных=0/9, Motion=4315, YOLO=1, Состояние=ЗАНЯТ
2026-03-30 14:20:54,016 - INFO - [00:06:26] Стол 1: Активность=Да, Ячеек активных=0/9, Motion=4142, YOLO=2, Состояние=ЗАНЯТ
2026-03-30 14:20:54,614 - INFO - [00:06:28] Стол 1: Активность=Да, Ячеек активных=0/9, Motion=2822, YOLO=3, Состояние=ЗАНЯТ
2026-03-30 14:20:55,199 - INFO - [00:06:30] Стол 1: Активность=Да, Ячеек активных=0/9, Motion=2111, YOLO=2, Состояние=ЗАНЯТ
2026-03-30 14:20:55,793 - INFO - [00:06:32] Стол 1: Активность=Да, Ячеек активных=0/9, Motion=1995, YOLO=2, Состояние=ЗАНЯТ
2026-03-30 14:20:56,376 - INFO - [00:06:34] Стол 1: Активность=Да, Ячеек активных=0/9, Motion=1727, YOLO=2, Состояние=ЗАНЯТ
2026-03-30 14:20:56,995 - INFO - [00:06:36] Стол 1: Активность=Да, Ячеек активных=0/9, Motion=1318, YOLO=1, Состояние=ЗАНЯТ
2026-03-30 14:20:57,599 - INFO - [00:06:38] Стол 1: Активность=Да, Ячеек активных=0/9, Motion=1169, YOLO=2, Состояние=ЗАНЯТ
2026-03-30 14:20:58,226 - INFO - [00:06:40] Стол 1: Активность=Да, Ячеек активных=0/9, Motion=2742, YOLO=1, Состояние=ЗАНЯТ
2026-03-30 14:20:58,828 - INFO - [00:06:42] Стол 1: Активность=Да, Ячеек активных=0/9, Motion=3426, YOLO=2, Состояние=ЗАНЯТ
2026-03-30 14:20:59,435 - INFO - [00:06:44] Стол 1: Активность=Да, Ячеек активных=0/9, Motion=2907, YOLO=1, Состояние=ЗАНЯТ
2026-03-30 14:21:00,036 - INFO - [00:06:46] Стол 1: Активность=Да, Ячеек активных=0/9, Motion=2451, YOLO=1, Состояние=ЗАНЯТ
2026-03-30 14:21:00,636 - INFO - [00:06:48] Стол 1: Активность=Да, Ячеек активных=0/9, Motion=1862, YOLO=1, Состояние=ЗАНЯТ
2026-03-30 14:21:01,245 - INFO - [00:06:50] Стол 1: Активность=Нет, Ячеек активных=0/9, Motion=1558, YOLO=0, Состояние=ЗАНЯТ
2026-03-30 14:21:01,245 - INFO - [410.00s] ⚠️ Стол #1: нет активности, старт таймера ухода (20.0s)
2026-03-30 14:21:01,245 - INFO - [410.00s] ⏱ Стол #1: без движения 0.0/20.0s
2026-03-30 14:21:01,848 - INFO - [00:06:52] Стол 1: Активность=Да, Ячеек активных=0/9, Motion=951, YOLO=1, Состояние=ЗАНЯТ
2026-03-30 14:21:02,443 - INFO - [00:06:54] Стол 1: Активность=Нет, Ячеек активных=0/9, Motion=653, YOLO=0, Состояние=ЗАНЯТ
2026-03-30 14:21:02,444 - INFO - [414.00s] ⚠️ Стол #1: нет активности, старт таймера ухода (20.0s)
2026-03-30 14:21:02,444 - INFO - [414.00s] ⏱ Стол #1: без движения 0.0/20.0s
2026-03-30 14:21:03,059 - INFO - [00:06:56] Стол 1: Активность=Да, Ячеек активных=0/9, Motion=3000, YOLO=1, Состояние=ЗАНЯТ
2026-03-30 14:21:03,654 - INFO - [00:06:58] Стол 1: Активность=Да, Ячеек активных=0/9, Motion=2741, YOLO=1, Состояние=ЗАНЯТ
2026-03-30 14:21:04,254 - INFO - [00:07:00] Стол 1: Активность=Нет, Ячеек активных=0/9, Motion=3785, YOLO=0, Состояние=ЗАНЯТ
2026-03-30 14:21:04,254 - INFO - [420.00s] ⚠️ Стол #1: нет активности, старт таймера ухода (20.0s)
2026-03-30 14:21:04,254 - INFO - [420.00s] ⏱ Стол #1: без движения 0.0/20.0s
2026-03-30 14:21:04,838 - INFO - [00:07:02] Стол 1: Активность=Да, Ячеек активных=0/9, Motion=3561, YOLO=1, Состояние=ЗАНЯТ
2026-03-30 14:21:05,426 - INFO - [00:07:04] Стол 1: Активность=Да, Ячеек активных=0/9, Motion=2458, YOLO=3, Состояние=ЗАНЯТ
2026-03-30 14:21:06,006 - INFO - [00:07:06] Стол 1: Активность=Да, Ячеек активных=0/9, Motion=2473, YOLO=2, Состояние=ЗАНЯТ
2026-03-30 14:21:06,591 - INFO - [00:07:08] Стол 1: Активность=Да, Ячеек активных=0/9, Motion=1613, YOLO=2, Состояние=ЗАНЯТ
2026-03-30 14:21:07,176 - INFO - [00:07:10] Стол 1: Активность=Да, Ячеек активных=0/9, Motion=1013, YOLO=3, Состояние=ЗАНЯТ
2026-03-30 14:21:07,760 - INFO - [00:07:12] Стол 1: Активность=Да, Ячеек активных=0/9, Motion=1001, YOLO=2, Состояние=ЗАНЯТ
2026-03-30 14:21:08,347 - INFO - [00:07:14] Стол 1: Активность=Да, Ячеек активных=0/9, Motion=2581, YOLO=3, Состояние=ЗАНЯТ
2026-03-30 14:21:08,934 - INFO - [00:07:16] Стол 1: Активность=Да, Ячеек активных=0/9, Motion=758, YOLO=2, Состояние=ЗАНЯТ
2026-03-30 14:21:09,516 - INFO - [00:07:18] Стол 1: Активность=Да, Ячеек активных=0/9, Motion=525, YOLO=3, Состояние=ЗАНЯТ
2026-03-30 14:21:10,099 - INFO - [00:07:20] Стол 1: Активность=Да, Ячеек активных=0/9, Motion=4151, YOLO=1, Состояние=ЗАНЯТ
2026-03-30 14:21:10,686 - INFO - [00:07:22] Стол 1: Активность=Нет, Ячеек активных=1/9, Motion=7906, YOLO=0, Состояние=ЗАНЯТ
2026-03-30 14:21:10,686 - INFO - [442.00s] ⚠️ Стол #1: нет активности, старт таймера ухода (20.0s)
2026-03-30 14:21:10,686 - INFO - [442.00s] ⏱ Стол #1: без движения 0.0/20.0s
2026-03-30 14:21:11,273 - INFO - [00:07:24] Стол 1: Активность=Нет, Ячеек активных=1/9, Motion=6653, YOLO=0, Состояние=ЗАНЯТ
2026-03-30 14:21:11,273 - INFO - [444.00s] ⏱ Стол #1: без движения 2.0/20.0s
2026-03-30 14:21:11,856 - INFO - [00:07:26] Стол 1: Активность=Нет, Ячеек активных=0/9, Motion=5818, YOLO=0, Состояние=ЗАНЯТ
2026-03-30 14:21:11,856 - INFO - [446.00s] ⏱ Стол #1: без движения 4.0/20.0s
2026-03-30 14:21:12,441 - INFO - [00:07:28] Стол 1: Активность=Да, Ячеек активных=0/9, Motion=7668, YOLO=2, Состояние=ЗАНЯТ
2026-03-30 14:21:13,030 - INFO - [00:07:30] Стол 1: Активность=Нет, Ячеек активных=1/9, Motion=12741, YOLO=0, Состояние=ЗАНЯТ
2026-03-30 14:21:13,030 - INFO - [450.00s] ⚠️ Стол #1: нет активности, старт таймера ухода (20.0s)
2026-03-30 14:21:13,030 - INFO - [450.00s] ⏱ Стол #1: без движения 0.0/20.0s
2026-03-30 14:21:13,615 - INFO - [00:07:32] Стол 1: Активность=Да, Ячеек активных=0/9, Motion=11965, YOLO=1, Состояние=ЗАНЯТ
2026-03-30 14:21:14,201 - INFO - [00:07:34] Стол 1: Активность=Да, Ячеек активных=1/9, Motion=15125, YOLO=1, Состояние=ЗАНЯТ
2026-03-30 14:21:14,786 - INFO - [00:07:36] Стол 1: Активность=Нет, Ячеек активных=1/9, Motion=12855, YOLO=0, Состояние=ЗАНЯТ
2026-03-30 14:21:14,786 - INFO - [456.00s] ⚠️ Стол #1: нет активности, старт таймера ухода (20.0s)
2026-03-30 14:21:14,786 - INFO - [456.00s] ⏱ Стол #1: без движения 0.0/20.0s
2026-03-30 14:21:15,371 - INFO - [00:07:38] Стол 1: Активность=Нет, Ячеек активных=0/9, Motion=12994, YOLO=0, Состояние=ЗАНЯТ
2026-03-30 14:21:15,371 - INFO - [458.00s] ⏱ Стол #1: без движения 2.0/20.0s
2026-03-30 14:21:15,958 - INFO - [00:07:40] Стол 1: Активность=Нет, Ячеек активных=0/9, Motion=10408, YOLO=0, Состояние=ЗАНЯТ
2026-03-30 14:21:15,958 - INFO - [460.00s] ⏱ Стол #1: без движения 4.0/20.0s
2026-03-30 14:21:16,543 - INFO - [00:07:42] Стол 1: Активность=Нет, Ячеек активных=0/9, Motion=7614, YOLO=0, Состояние=ЗАНЯТ
2026-03-30 14:21:16,543 - INFO - [462.00s] ⏱ Стол #1: без движения 6.0/20.0s
2026-03-30 14:21:17,131 - INFO - [00:07:44] Стол 1: Активность=Да, Ячеек активных=0/9, Motion=11973, YOLO=1, Состояние=ЗАНЯТ
2026-03-30 14:21:17,721 - INFO - [00:07:46] Стол 1: Активность=Нет, Ячеек активных=0/9, Motion=8113, YOLO=0, Состояние=ЗАНЯТ
2026-03-30 14:21:17,721 - INFO - [466.00s] ⚠️ Стол #1: нет активности, старт таймера ухода (20.0s)
2026-03-30 14:21:17,721 - INFO - [466.00s] ⏱ Стол #1: без движения 0.0/20.0s
2026-03-30 14:21:18,315 - INFO - [00:07:48] Стол 1: Активность=Нет, Ячеек активных=0/9, Motion=4582, YOLO=0, Состояние=ЗАНЯТ
2026-03-30 14:21:18,316 - INFO - [468.00s] ⏱ Стол #1: без движения 2.0/20.0s
2026-03-30 14:21:18,911 - INFO - [00:07:50] Стол 1: Активность=Нет, Ячеек активных=0/9, Motion=2807, YOLO=0, Состояние=ЗАНЯТ
2026-03-30 14:21:18,911 - INFO - [470.00s] ⏱ Стол #1: без движения 4.0/20.0s
2026-03-30 14:21:19,493 - INFO - [00:07:52] Стол 1: Активность=Нет, Ячеек активных=0/9, Motion=1551, YOLO=0, Состояние=ЗАНЯТ
2026-03-30 14:21:19,493 - INFO - [472.00s] ⏱ Стол #1: без движения 6.0/20.0s
2026-03-30 14:21:20,075 - INFO - [00:07:54] Стол 1: Активность=Нет, Ячеек активных=0/9, Motion=447, YOLO=0, Состояние=ЗАНЯТ
2026-03-30 14:21:20,075 - INFO - [474.00s] ⏱ Стол #1: без движения 8.0/20.0s
2026-03-30 14:21:20,670 - INFO - [00:07:56] Стол 1: Активность=Нет, Ячеек активных=0/9, Motion=96, YOLO=0, Состояние=ЗАНЯТ
2026-03-30 14:21:20,670 - INFO - [476.00s] ⏱ Стол #1: без движения 10.0/20.0s
2026-03-30 14:21:21,247 - INFO - [00:07:58] Стол 1: Активность=Нет, Ячеек активных=0/9, Motion=0, YOLO=0, Состояние=ЗАНЯТ
2026-03-30 14:21:21,247 - INFO - [478.00s] ⏱ Стол #1: без движения 12.0/20.0s
2026-03-30 14:21:21,833 - INFO - [00:08:00] Стол 1: Активность=Нет, Ячеек активных=0/9, Motion=0, YOLO=0, Состояние=ЗАНЯТ
2026-03-30 14:21:21,833 - INFO - [480.00s] ⏱ Стол #1: без движения 14.0/20.0s
2026-03-30 14:21:22,501 - INFO - [00:08:02] Стол 1: Активность=Нет, Ячеек активных=0/9, Motion=0, YOLO=0, Состояние=ЗАНЯТ
2026-03-30 14:21:22,501 - INFO - [482.00s] ⏱ Стол #1: без движения 16.0/20.0s
2026-03-30 14:21:23,111 - INFO - [00:08:04] Стол 1: Активность=Нет, Ячеек активных=0/9, Motion=0, YOLO=0, Состояние=ЗАНЯТ
2026-03-30 14:21:23,111 - INFO - [484.00s] ⏱ Стол #1: без движения 18.0/20.0s
2026-03-30 14:21:23,695 - INFO - [00:08:06] Стол 1: Активность=Нет, Ячеек активных=0/9, Motion=0, YOLO=0, Состояние=ЗАНЯТ
2026-03-30 14:21:23,695 - INFO - [486.00s] ⏱ Стол #1: без движения 20.0/20.0s
2026-03-30 14:21:23,695 - INFO - [486.00s] 🚪 Стол #1: КЛИЕНТ УШЕЛ (нет активности 20.0s)
2026-03-30 14:21:24,284 - INFO - [00:08:08] Стол 1: Активность=Нет, Ячеек активных=0/9, Motion=0, YOLO=0, Состояние=СВОБОДЕН
2026-03-30 14:21:24,861 - INFO - [00:08:10] Стол 1: Активность=Нет, Ячеек активных=0/9, Motion=0, YOLO=0, Состояние=СВОБОДЕН
2026-03-30 14:21:25,442 - INFO - [00:08:12] Стол 1: Активность=Нет, Ячеек активных=0/9, Motion=0, YOLO=0, Состояние=СВОБОДЕН
2026-03-30 14:21:26,074 - INFO - [00:08:14] Стол 1: Активность=Нет, Ячеек активных=0/9, Motion=0, YOLO=0, Состояние=СВОБОДЕН
2026-03-30 14:21:26,655 - INFO - [00:08:16] Стол 1: Активность=Нет, Ячеек активных=0/9, Motion=0, YOLO=0, Состояние=СВОБОДЕН
2026-03-30 14:21:27,236 - INFO - [00:08:18] Стол 1: Активность=Нет, Ячеек активных=0/9, Motion=0, YOLO=0, Состояние=СВОБОДЕН
2026-03-30 14:21:27,824 - INFO - [00:08:20] Стол 1: Активность=Нет, Ячеек активных=0/9, Motion=0, YOLO=0, Состояние=СВОБОДЕН
2026-03-30 14:21:28,404 - INFO - [00:08:22] Стол 1: Активность=Нет, Ячеек активных=0/9, Motion=0, YOLO=0, Состояние=СВОБОДЕН
2026-03-30 14:21:28,984 - INFO - [00:08:24] Стол 1: Активность=Нет, Ячеек активных=0/9, Motion=0, YOLO=0, Состояние=СВОБОДЕН
2026-03-30 14:21:29,562 - INFO - [00:08:26] Стол 1: Активность=Нет, Ячеек активных=0/9, Motion=0, YOLO=0, Состояние=СВОБОДЕН
2026-03-30 14:21:30,150 - INFO - [00:08:28] Стол 1: Активность=Нет, Ячеек активных=0/9, Motion=0, YOLO=0, Состояние=СВОБОДЕН
2026-03-30 14:21:30,797 - INFO - [00:08:30] Стол 1: Активность=Нет, Ячеек активных=0/9, Motion=0, YOLO=0, Состояние=СВОБОДЕН
2026-03-30 14:21:31,389 - INFO - [00:08:32] Стол 1: Активность=Нет, Ячеек активных=0/9, Motion=0, YOLO=0, Состояние=СВОБОДЕН
2026-03-30 14:21:31,975 - INFO - [00:08:34] Стол 1: Активность=Нет, Ячеек активных=0/9, Motion=0, YOLO=0, Состояние=СВОБОДЕН
2026-03-30 14:21:32,566 - INFO - [00:08:36] Стол 1: Активность=Нет, Ячеек активных=0/9, Motion=0, YOLO=0, Состояние=СВОБОДЕН
2026-03-30 14:21:33,156 - INFO - [00:08:38] Стол 1: Активность=Нет, Ячеек активных=0/9, Motion=0, YOLO=0, Состояние=СВОБОДЕН
2026-03-30 14:21:33,745 - INFO - [00:08:40] Стол 1: Активность=Нет, Ячеек активных=0/9, Motion=0, YOLO=0, Состояние=СВОБОДЕН
2026-03-30 14:21:34,335 - INFO - [00:08:42] Стол 1: Активность=Нет, Ячеек активных=0/9, Motion=0, YOLO=0, Состояние=СВОБОДЕН
2026-03-30 14:21:34,923 - INFO - [00:08:44] Стол 1: Активность=Нет, Ячеек активных=0/9, Motion=0, YOLO=0, Состояние=СВОБОДЕН
2026-03-30 14:21:35,508 - INFO - [00:08:46] Стол 1: Активность=Нет, Ячеек активных=0/9, Motion=0, YOLO=0, Состояние=СВОБОДЕН
2026-03-30 14:21:36,106 - INFO - [00:08:48] Стол 1: Активность=Нет, Ячеек активных=0/9, Motion=0, YOLO=0, Состояние=СВОБОДЕН
2026-03-30 14:21:36,691 - INFO - [00:08:50] Стол 1: Активность=Нет, Ячеек активных=0/9, Motion=0, YOLO=0, Состояние=СВОБОДЕН
2026-03-30 14:21:37,278 - INFO - [00:08:52] Стол 1: Активность=Нет, Ячеек активных=0/9, Motion=0, YOLO=0, Состояние=СВОБОДЕН
2026-03-30 14:21:37,867 - INFO - [00:08:54] Стол 1: Активность=Нет, Ячеек активных=0/9, Motion=0, YOLO=0, Состояние=СВОБОДЕН
2026-03-30 14:21:38,470 - INFO - [00:08:56] Стол 1: Активность=Нет, Ячеек активных=0/9, Motion=0, YOLO=0, Состояние=СВОБОДЕН
2026-03-30 14:21:39,063 - INFO - [00:08:58] Стол 1: Активность=Нет, Ячеек активных=0/9, Motion=0, YOLO=0, Состояние=СВОБОДЕН
2026-03-30 14:21:39,653 - INFO - [00:09:00] Стол 1: Активность=Нет, Ячеек активных=0/9, Motion=0, YOLO=0, Состояние=СВОБОДЕН
2026-03-30 14:21:40,239 - INFO - [00:09:02] Стол 1: Активность=Нет, Ячеек активных=0/9, Motion=0, YOLO=0, Состояние=СВОБОДЕН
2026-03-30 14:21:40,840 - INFO - [00:09:04] Стол 1: Активность=Нет, Ячеек активных=0/9, Motion=0, YOLO=0, Состояние=СВОБОДЕН
2026-03-30 14:21:41,438 - INFO - [00:09:06] Стол 1: Активность=Нет, Ячеек активных=0/9, Motion=0, YOLO=0, Состояние=СВОБОДЕН
2026-03-30 14:21:42,024 - INFO - [00:09:08] Стол 1: Активность=Нет, Ячеек активных=0/9, Motion=0, YOLO=0, Состояние=СВОБОДЕН
2026-03-30 14:21:42,612 - INFO - [00:09:10] Стол 1: Активность=Нет, Ячеек активных=0/9, Motion=0, YOLO=0, Состояние=СВОБОДЕН
2026-03-30 14:21:43,206 - INFO - [00:09:12] Стол 1: Активность=Нет, Ячеек активных=0/9, Motion=0, YOLO=0, Состояние=СВОБОДЕН
2026-03-30 14:21:43,796 - INFO - [00:09:14] Стол 1: Активность=Нет, Ячеек активных=0/9, Motion=0, YOLO=0, Состояние=СВОБОДЕН
2026-03-30 14:21:44,384 - INFO - [00:09:16] Стол 1: Активность=Нет, Ячеек активных=0/9, Motion=0, YOLO=0, Состояние=СВОБОДЕН
2026-03-30 14:21:44,968 - INFO - [00:09:18] Стол 1: Активность=Нет, Ячеек активных=0/9, Motion=0, YOLO=0, Состояние=СВОБОДЕН
2026-03-30 14:21:45,556 - INFO - [00:09:20] Стол 1: Активность=Нет, Ячеек активных=0/9, Motion=0, YOLO=0, Состояние=СВОБОДЕН
2026-03-30 14:21:46,139 - INFO - [00:09:22] Стол 1: Активность=Нет, Ячеек активных=0/9, Motion=0, YOLO=0, Состояние=СВОБОДЕН
2026-03-30 14:21:46,734 - INFO - [00:09:24] Стол 1: Активность=Нет, Ячеек активных=0/9, Motion=0, YOLO=0, Состояние=СВОБОДЕН
2026-03-30 14:21:47,321 - INFO - [00:09:26] Стол 1: Активность=Нет, Ячеек активных=0/9, Motion=0, YOLO=0, Состояние=СВОБОДЕН
2026-03-30 14:21:47,907 - INFO - [00:09:28] Стол 1: Активность=Нет, Ячеек активных=0/9, Motion=0, YOLO=0, Состояние=СВОБОДЕН
2026-03-30 14:21:48,498 - INFO - [00:09:30] Стол 1: Активность=Нет, Ячеек активных=0/9, Motion=0, YOLO=0, Состояние=СВОБОДЕН
2026-03-30 14:21:49,091 - INFO - [00:09:32] Стол 1: Активность=Нет, Ячеек активных=0/9, Motion=0, YOLO=0, Состояние=СВОБОДЕН
2026-03-30 14:21:49,672 - INFO - [00:09:34] Стол 1: Активность=Нет, Ячеек активных=0/9, Motion=0, YOLO=0, Состояние=СВОБОДЕН
2026-03-30 14:21:50,273 - INFO - [00:09:36] Стол 1: Активность=Нет, Ячеек активных=0/9, Motion=0, YOLO=0, Состояние=СВОБОДЕН
2026-03-30 14:21:50,861 - INFO - [00:09:38] Стол 1: Активность=Нет, Ячеек активных=0/9, Motion=0, YOLO=0, Состояние=СВОБОДЕН
2026-03-30 14:21:51,454 - INFO - [00:09:40] Стол 1: Активность=Нет, Ячеек активных=0/9, Motion=0, YOLO=0, Состояние=СВОБОДЕН
2026-03-30 14:21:52,040 - INFO - [00:09:42] Стол 1: Активность=Нет, Ячеек активных=0/9, Motion=0, YOLO=0, Состояние=СВОБОДЕН
2026-03-30 14:21:52,637 - INFO - [00:09:44] Стол 1: Активность=Нет, Ячеек активных=0/9, Motion=0, YOLO=0, Состояние=СВОБОДЕН
2026-03-30 14:21:53,228 - INFO - [00:09:46] Стол 1: Активность=Нет, Ячеек активных=0/9, Motion=0, YOLO=0, Состояние=СВОБОДЕН
2026-03-30 14:21:53,818 - INFO - [00:09:48] Стол 1: Активность=Нет, Ячеек активных=0/9, Motion=0, YOLO=0, Состояние=СВОБОДЕН
2026-03-30 14:21:54,408 - INFO - [00:09:50] Стол 1: Активность=Нет, Ячеек активных=0/9, Motion=0, YOLO=0, Состояние=СВОБОДЕН
2026-03-30 14:21:55,001 - INFO - [00:09:52] Стол 1: Активность=Нет, Ячеек активных=0/9, Motion=0, YOLO=0, Состояние=СВОБОДЕН
2026-03-30 14:21:55,590 - INFO - [00:09:54] Стол 1: Активность=Нет, Ячеек активных=0/9, Motion=0, YOLO=0, Состояние=СВОБОДЕН
2026-03-30 14:21:56,186 - INFO - [00:09:56] Стол 1: Активность=Нет, Ячеек активных=0/9, Motion=0, YOLO=0, Состояние=СВОБОДЕН
2026-03-30 14:21:56,792 - INFO - [00:09:58] Стол 1: Активность=Нет, Ячеек активных=0/9, Motion=0, YOLO=0, Состояние=СВОБОДЕН
2026-03-30 14:21:57,401 - INFO - [00:10:00] Стол 1: Активность=Нет, Ячеек активных=0/9, Motion=0, YOLO=0, Состояние=СВОБОДЕН
2026-03-30 14:21:58,005 - INFO - [00:10:02] Стол 1: Активность=Нет, Ячеек активных=0/9, Motion=0, YOLO=0, Состояние=СВОБОДЕН
2026-03-30 14:21:58,647 - INFO - [00:10:04] Стол 1: Активность=Нет, Ячеек активных=0/9, Motion=0, YOLO=0, Состояние=СВОБОДЕН
2026-03-30 14:21:59,234 - INFO - [00:10:06] Стол 1: Активность=Нет, Ячеек активных=0/9, Motion=0, YOLO=0, Состояние=СВОБОДЕН
2026-03-30 14:21:59,825 - INFO - [00:10:08] Стол 1: Активность=Нет, Ячеек активных=0/9, Motion=0, YOLO=0, Состояние=СВОБОДЕН
2026-03-30 14:22:00,417 - INFO - [00:10:10] Стол 1: Активность=Нет, Ячеек активных=0/9, Motion=0, YOLO=0, Состояние=СВОБОДЕН
2026-03-30 14:22:01,001 - INFO - [00:10:12] Стол 1: Активность=Нет, Ячеек активных=0/9, Motion=0, YOLO=0, Состояние=СВОБОДЕН
2026-03-30 14:22:01,583 - INFO - [00:10:14] Стол 1: Активность=Нет, Ячеек активных=0/9, Motion=0, YOLO=0, Состояние=СВОБОДЕН
2026-03-30 14:22:02,163 - INFO - [00:10:16] Стол 1: Активность=Нет, Ячеек активных=0/9, Motion=0, YOLO=0, Состояние=СВОБОДЕН
2026-03-30 14:22:02,748 - INFO - [00:10:18] Стол 1: Активность=Нет, Ячеек активных=0/9, Motion=0, YOLO=0, Состояние=СВОБОДЕН
2026-03-30 14:22:03,338 - INFO - [00:10:20] Стол 1: Активность=Нет, Ячеек активных=0/9, Motion=0, YOLO=0, Состояние=СВОБОДЕН
2026-03-30 14:22:03,921 - INFO - [00:10:22] Стол 1: Активность=Нет, Ячеек активных=0/9, Motion=0, YOLO=0, Состояние=СВОБОДЕН
2026-03-30 14:22:04,535 - INFO - [00:10:24] Стол 1: Активность=Нет, Ячеек активных=0/9, Motion=0, YOLO=0, Состояние=СВОБОДЕН
2026-03-30 14:22:05,114 - INFO - [00:10:26] Стол 1: Активность=Нет, Ячеек активных=0/9, Motion=0, YOLO=0, Состояние=СВОБОДЕН
2026-03-30 14:22:05,696 - INFO - [00:10:28] Стол 1: Активность=Нет, Ячеек активных=0/9, Motion=0, YOLO=0, Состояние=СВОБОДЕН
2026-03-30 14:22:06,278 - INFO - [00:10:30] Стол 1: Активность=Нет, Ячеек активных=0/9, Motion=0, YOLO=0, Состояние=СВОБОДЕН
2026-03-30 14:22:06,870 - INFO - [00:10:32] Стол 1: Активность=Нет, Ячеек активных=0/9, Motion=0, YOLO=0, Состояние=СВОБОДЕН
2026-03-30 14:22:07,461 - INFO - [00:10:34] Стол 1: Активность=Нет, Ячеек активных=0/9, Motion=0, YOLO=0, Состояние=СВОБОДЕН
2026-03-30 14:22:08,050 - INFO - [00:10:36] Стол 1: Активность=Нет, Ячеек активных=0/9, Motion=0, YOLO=0, Состояние=СВОБОДЕН
2026-03-30 14:22:08,633 - INFO - [00:10:38] Стол 1: Активность=Нет, Ячеек активных=0/9, Motion=0, YOLO=0, Состояние=СВОБОДЕН
2026-03-30 14:22:09,222 - INFO - [00:10:40] Стол 1: Активность=Нет, Ячеек активных=0/9, Motion=0, YOLO=0, Состояние=СВОБОДЕН
2026-03-30 14:22:09,801 - INFO - [00:10:42] Стол 1: Активность=Нет, Ячеек активных=0/9, Motion=0, YOLO=0, Состояние=СВОБОДЕН
2026-03-30 14:22:10,393 - INFO - [00:10:44] Стол 1: Активность=Нет, Ячеек активных=0/9, Motion=0, YOLO=0, Состояние=СВОБОДЕН
2026-03-30 14:22:10,974 - INFO - [00:10:46] Стол 1: Активность=Нет, Ячеек активных=0/9, Motion=0, YOLO=0, Состояние=СВОБОДЕН
2026-03-30 14:22:11,558 - INFO - [00:10:48] Стол 1: Активность=Нет, Ячеек активных=0/9, Motion=0, YOLO=0, Состояние=СВОБОДЕН
2026-03-30 14:22:12,140 - INFO - [00:10:50] Стол 1: Активность=Нет, Ячеек активных=0/9, Motion=0, YOLO=0, Состояние=СВОБОДЕН
2026-03-30 14:22:12,724 - INFO - [00:10:52] Стол 1: Активность=Нет, Ячеек активных=0/9, Motion=0, YOLO=0, Состояние=СВОБОДЕН
2026-03-30 14:22:13,309 - INFO - [00:10:54] Стол 1: Активность=Нет, Ячеек активных=0/9, Motion=0, YOLO=0, Состояние=СВОБОДЕН
2026-03-30 14:22:13,894 - INFO - [00:10:56] Стол 1: Активность=Нет, Ячеек активных=0/9, Motion=0, YOLO=0, Состояние=СВОБОДЕН
2026-03-30 14:22:14,474 - INFO - [00:10:58] Стол 1: Активность=Нет, Ячеек активных=0/9, Motion=0, YOLO=0, Состояние=СВОБОДЕН
2026-03-30 14:22:15,054 - INFO - [00:11:00] Стол 1: Активность=Нет, Ячеек активных=0/9, Motion=0, YOLO=0, Состояние=СВОБОДЕН
2026-03-30 14:22:15,634 - INFO - [00:11:02] Стол 1: Активность=Нет, Ячеек активных=0/9, Motion=0, YOLO=0, Состояние=СВОБОДЕН
2026-03-30 14:22:16,218 - INFO - [00:11:04] Стол 1: Активность=Нет, Ячеек активных=0/9, Motion=0, YOLO=0, Состояние=СВОБОДЕН
2026-03-30 14:22:16,803 - INFO - [00:11:06] Стол 1: Активность=Нет, Ячеек активных=0/9, Motion=0, YOLO=0, Состояние=СВОБОДЕН
2026-03-30 14:22:17,393 - INFO - [00:11:08] Стол 1: Активность=Нет, Ячеек активных=0/9, Motion=0, YOLO=0, Состояние=СВОБОДЕН
2026-03-30 14:22:17,987 - INFO - [00:11:10] Стол 1: Активность=Нет, Ячеек активных=0/9, Motion=0, YOLO=0, Состояние=СВОБОДЕН
2026-03-30 14:22:18,573 - INFO - [00:11:12] Стол 1: Активность=Нет, Ячеек активных=0/9, Motion=0, YOLO=0, Состояние=СВОБОДЕН
2026-03-30 14:22:19,152 - INFO - [00:11:14] Стол 1: Активность=Нет, Ячеек активных=0/9, Motion=0, YOLO=0, Состояние=СВОБОДЕН
2026-03-30 14:22:19,743 - INFO - [00:11:16] Стол 1: Активность=Нет, Ячеек активных=0/9, Motion=0, YOLO=0, Состояние=СВОБОДЕН
2026-03-30 14:22:20,324 - INFO - [00:11:18] Стол 1: Активность=Нет, Ячеек активных=0/9, Motion=0, YOLO=0, Состояние=СВОБОДЕН
2026-03-30 14:22:20,906 - INFO - [00:11:20] Стол 1: Активность=Нет, Ячеек активных=0/9, Motion=0, YOLO=0, Состояние=СВОБОДЕН
2026-03-30 14:22:21,485 - INFO - [00:11:22] Стол 1: Активность=Нет, Ячеек активных=0/9, Motion=0, YOLO=0, Состояние=СВОБОДЕН
2026-03-30 14:22:22,072 - INFO - [00:11:24] Стол 1: Активность=Нет, Ячеек активных=0/9, Motion=0, YOLO=0, Состояние=СВОБОДЕН
2026-03-30 14:22:22,665 - INFO - [00:11:26] Стол 1: Активность=Нет, Ячеек активных=0/9, Motion=0, YOLO=0, Состояние=СВОБОДЕН
2026-03-30 14:22:23,266 - INFO - [00:11:28] Стол 1: Активность=Нет, Ячеек активных=0/9, Motion=0, YOLO=0, Состояние=СВОБОДЕН
2026-03-30 14:22:23,857 - INFO - [00:11:30] Стол 1: Активность=Нет, Ячеек активных=0/9, Motion=0, YOLO=0, Состояние=СВОБОДЕН
2026-03-30 14:22:24,442 - INFO - [00:11:32] Стол 1: Активность=Нет, Ячеек активных=0/9, Motion=0, YOLO=0, Состояние=СВОБОДЕН
2026-03-30 14:22:25,031 - INFO - [00:11:34] Стол 1: Активность=Нет, Ячеек активных=0/9, Motion=0, YOLO=0, Состояние=СВОБОДЕН
2026-03-30 14:22:25,613 - INFO - [00:11:36] Стол 1: Активность=Нет, Ячеек активных=0/9, Motion=0, YOLO=0, Состояние=СВОБОДЕН
2026-03-30 14:22:26,201 - INFO - [00:11:38] Стол 1: Активность=Нет, Ячеек активных=0/9, Motion=0, YOLO=0, Состояние=СВОБОДЕН
2026-03-30 14:22:26,785 - INFO - [00:11:40] Стол 1: Активность=Нет, Ячеек активных=0/9, Motion=0, YOLO=0, Состояние=СВОБОДЕН
2026-03-30 14:22:27,383 - INFO - [00:11:42] Стол 1: Активность=Нет, Ячеек активных=0/9, Motion=0, YOLO=0, Состояние=СВОБОДЕН
2026-03-30 14:22:27,971 - INFO - [00:11:44] Стол 1: Активность=Нет, Ячеек активных=0/9, Motion=0, YOLO=0, Состояние=СВОБОДЕН
2026-03-30 14:22:28,564 - INFO - [00:11:46] Стол 1: Активность=Нет, Ячеек активных=0/9, Motion=0, YOLO=0, Состояние=СВОБОДЕН
2026-03-30 14:22:29,153 - INFO - [00:11:48] Стол 1: Активность=Нет, Ячеек активных=0/9, Motion=0, YOLO=0, Состояние=СВОБОДЕН
2026-03-30 14:22:29,746 - INFO - [00:11:50] Стол 1: Активность=Нет, Ячеек активных=0/9, Motion=0, YOLO=0, Состояние=СВОБОДЕН
2026-03-30 14:22:30,334 - INFO - [00:11:52] Стол 1: Активность=Нет, Ячеек активных=0/9, Motion=0, YOLO=0, Состояние=СВОБОДЕН
2026-03-30 14:22:30,926 - INFO - [00:11:54] Стол 1: Активность=Нет, Ячеек активных=0/9, Motion=0, YOLO=0, Состояние=СВОБОДЕН
2026-03-30 14:22:31,512 - INFO - [00:11:56] Стол 1: Активность=Нет, Ячеек активных=0/9, Motion=0, YOLO=0, Состояние=СВОБОДЕН
2026-03-30 14:22:32,101 - INFO - [00:11:58] Стол 1: Активность=Нет, Ячеек активных=0/9, Motion=0, YOLO=0, Состояние=СВОБОДЕН
2026-03-30 14:22:32,685 - INFO - [00:12:00] Стол 1: Активность=Нет, Ячеек активных=0/9, Motion=0, YOLO=0, Состояние=СВОБОДЕН
2026-03-30 14:22:33,280 - INFO - [00:12:02] Стол 1: Активность=Нет, Ячеек активных=0/9, Motion=0, YOLO=0, Состояние=СВОБОДЕН
2026-03-30 14:22:33,864 - INFO - [00:12:04] Стол 1: Активность=Нет, Ячеек активных=0/9, Motion=0, YOLO=0, Состояние=СВОБОДЕН
2026-03-30 14:22:34,456 - INFO - [00:12:06] Стол 1: Активность=Нет, Ячеек активных=0/9, Motion=0, YOLO=0, Состояние=СВОБОДЕН
2026-03-30 14:22:35,036 - INFO - [00:12:08] Стол 1: Активность=Нет, Ячеек активных=0/9, Motion=0, YOLO=0, Состояние=СВОБОДЕН
2026-03-30 14:22:35,624 - INFO - [00:12:10] Стол 1: Активность=Нет, Ячеек активных=0/9, Motion=0, YOLO=0, Состояние=СВОБОДЕН
2026-03-30 14:22:36,212 - INFO - [00:12:12] Стол 1: Активность=Нет, Ячеек активных=0/9, Motion=0, YOLO=0, Состояние=СВОБОДЕН
2026-03-30 14:22:36,806 - INFO - [00:12:14] Стол 1: Активность=Нет, Ячеек активных=0/9, Motion=0, YOLO=0, Состояние=СВОБОДЕН
2026-03-30 14:22:37,390 - INFO - [00:12:16] Стол 1: Активность=Нет, Ячеек активных=0/9, Motion=0, YOLO=0, Состояние=СВОБОДЕН
2026-03-30 14:22:37,987 - INFO - [00:12:18] Стол 1: Активность=Нет, Ячеек активных=0/9, Motion=0, YOLO=0, Состояние=СВОБОДЕН
2026-03-30 14:22:38,570 - INFO - [00:12:20] Стол 1: Активность=Нет, Ячеек активных=0/9, Motion=0, YOLO=0, Состояние=СВОБОДЕН
2026-03-30 14:22:39,159 - INFO - [00:12:22] Стол 1: Активность=Нет, Ячеек активных=0/9, Motion=0, YOLO=0, Состояние=СВОБОДЕН
2026-03-30 14:22:39,745 - INFO - [00:12:24] Стол 1: Активность=Нет, Ячеек активных=0/9, Motion=0, YOLO=0, Состояние=СВОБОДЕН
2026-03-30 14:22:40,341 - INFO - [00:12:26] Стол 1: Активность=Нет, Ячеек активных=0/9, Motion=0, YOLO=0, Состояние=СВОБОДЕН
2026-03-30 14:22:40,936 - INFO - [00:12:28] Стол 1: Активность=Нет, Ячеек активных=0/9, Motion=0, YOLO=0, Состояние=СВОБОДЕН
2026-03-30 14:22:41,538 - INFO - [00:12:30] Стол 1: Активность=Нет, Ячеек активных=0/9, Motion=0, YOLO=0, Состояние=СВОБОДЕН
2026-03-30 14:22:42,121 - INFO - [00:12:32] Стол 1: Активность=Нет, Ячеек активных=0/9, Motion=0, YOLO=0, Состояние=СВОБОДЕН
2026-03-30 14:22:42,717 - INFO - [00:12:34] Стол 1: Активность=Нет, Ячеек активных=0/9, Motion=0, YOLO=0, Состояние=СВОБОДЕН
2026-03-30 14:22:43,302 - INFO - [00:12:36] Стол 1: Активность=Нет, Ячеек активных=0/9, Motion=0, YOLO=0, Состояние=СВОБОДЕН
2026-03-30 14:22:43,897 - INFO - [00:12:38] Стол 1: Активность=Нет, Ячеек активных=0/9, Motion=0, YOLO=0, Состояние=СВОБОДЕН
2026-03-30 14:22:44,479 - INFO - [00:12:40] Стол 1: Активность=Нет, Ячеек активных=0/9, Motion=0, YOLO=0, Состояние=СВОБОДЕН
2026-03-30 14:22:45,066 - INFO - [00:12:42] Стол 1: Активность=Нет, Ячеек активных=0/9, Motion=0, YOLO=0, Состояние=СВОБОДЕН
2026-03-30 14:22:45,642 - INFO - [00:12:44] Стол 1: Активность=Нет, Ячеек активных=0/9, Motion=0, YOLO=0, Состояние=СВОБОДЕН
2026-03-30 14:22:46,251 - INFO - [00:12:46] Стол 1: Активность=Нет, Ячеек активных=0/9, Motion=0, YOLO=0, Состояние=СВОБОДЕН
2026-03-30 14:22:46,837 - INFO - [00:12:48] Стол 1: Активность=Нет, Ячеек активных=0/9, Motion=0, YOLO=0, Состояние=СВОБОДЕН
2026-03-30 14:22:47,430 - INFO - [00:12:50] Стол 1: Активность=Нет, Ячеек активных=0/9, Motion=0, YOLO=0, Состояние=СВОБОДЕН
2026-03-30 14:22:48,019 - INFO - [00:12:52] Стол 1: Активность=Нет, Ячеек активных=0/9, Motion=0, YOLO=0, Состояние=СВОБОДЕН
2026-03-30 14:22:48,619 - INFO - [00:12:54] Стол 1: Активность=Нет, Ячеек активных=0/9, Motion=0, YOLO=0, Состояние=СВОБОДЕН
2026-03-30 14:22:49,205 - INFO - [00:12:56] Стол 1: Активность=Нет, Ячеек активных=0/9, Motion=0, YOLO=0, Состояние=СВОБОДЕН
2026-03-30 14:22:49,794 - INFO - [00:12:58] Стол 1: Активность=Нет, Ячеек активных=0/9, Motion=0, YOLO=0, Состояние=СВОБОДЕН
2026-03-30 14:22:50,383 - INFO - [00:13:00] Стол 1: Активность=Нет, Ячеек активных=0/9, Motion=0, YOLO=0, Состояние=СВОБОДЕН
2026-03-30 14:22:50,970 - INFO - [00:13:02] Стол 1: Активность=Нет, Ячеек активных=0/9, Motion=0, YOLO=0, Состояние=СВОБОДЕН
2026-03-30 14:22:51,560 - INFO - [00:13:04] Стол 1: Активность=Нет, Ячеек активных=0/9, Motion=0, YOLO=0, Состояние=СВОБОДЕН
2026-03-30 14:22:52,199 - INFO - [00:13:06] Стол 1: Активность=Нет, Ячеек активных=0/9, Motion=0, YOLO=0, Состояние=СВОБОДЕН
2026-03-30 14:22:52,791 - INFO - [00:13:08] Стол 1: Активность=Нет, Ячеек активных=0/9, Motion=0, YOLO=0, Состояние=СВОБОДЕН
2026-03-30 14:22:53,385 - INFO - [00:13:10] Стол 1: Активность=Нет, Ячеек активных=0/9, Motion=0, YOLO=0, Состояние=СВОБОДЕН
2026-03-30 14:22:53,971 - INFO - [00:13:12] Стол 1: Активность=Нет, Ячеек активных=0/9, Motion=0, YOLO=0, Состояние=СВОБОДЕН
2026-03-30 14:22:54,561 - INFO - [00:13:14] Стол 1: Активность=Нет, Ячеек активных=0/9, Motion=0, YOLO=0, Состояние=СВОБОДЕН
2026-03-30 14:22:55,142 - INFO - [00:13:16] Стол 1: Активность=Нет, Ячеек активных=0/9, Motion=0, YOLO=0, Состояние=СВОБОДЕН
2026-03-30 14:22:55,733 - INFO - [00:13:18] Стол 1: Активность=Нет, Ячеек активных=0/9, Motion=0, YOLO=0, Состояние=СВОБОДЕН
2026-03-30 14:22:56,317 - INFO - [00:13:20] Стол 1: Активность=Нет, Ячеек активных=0/9, Motion=0, YOLO=0, Состояние=СВОБОДЕН
2026-03-30 14:22:56,908 - INFO - [00:13:22] Стол 1: Активность=Нет, Ячеек активных=0/9, Motion=0, YOLO=0, Состояние=СВОБОДЕН
2026-03-30 14:22:57,491 - INFO - [00:13:24] Стол 1: Активность=Нет, Ячеек активных=0/9, Motion=0, YOLO=0, Состояние=СВОБОДЕН
2026-03-30 14:22:58,104 - INFO - [00:13:26] Стол 1: Активность=Нет, Ячеек активных=0/9, Motion=0, YOLO=0, Состояние=СВОБОДЕН
2026-03-30 14:22:58,693 - INFO - [00:13:28] Стол 1: Активность=Нет, Ячеек активных=0/9, Motion=0, YOLO=0, Состояние=СВОБОДЕН
2026-03-30 14:22:59,284 - INFO - [00:13:30] Стол 1: Активность=Нет, Ячеек активных=0/9, Motion=0, YOLO=0, Состояние=СВОБОДЕН
2026-03-30 14:22:59,868 - INFO - [00:13:32] Стол 1: Активность=Нет, Ячеек активных=0/9, Motion=0, YOLO=0, Состояние=СВОБОДЕН
2026-03-30 14:23:00,468 - INFO - [00:13:34] Стол 1: Активность=Нет, Ячеек активных=0/9, Motion=0, YOLO=0, Состояние=СВОБОДЕН
2026-03-30 14:23:01,052 - INFO - [00:13:36] Стол 1: Активность=Нет, Ячеек активных=0/9, Motion=0, YOLO=0, Состояние=СВОБОДЕН
2026-03-30 14:23:01,645 - INFO - [00:13:38] Стол 1: Активность=Нет, Ячеек активных=0/9, Motion=0, YOLO=0, Состояние=СВОБОДЕН
2026-03-30 14:23:02,225 - INFO - [00:13:40] Стол 1: Активность=Нет, Ячеек активных=0/9, Motion=0, YOLO=0, Состояние=СВОБОДЕН
2026-03-30 14:23:02,827 - INFO - [00:13:42] Стол 1: Активность=Нет, Ячеек активных=0/9, Motion=0, YOLO=0, Состояние=СВОБОДЕН
2026-03-30 14:23:03,420 - INFO - [00:13:44] Стол 1: Активность=Нет, Ячеек активных=0/9, Motion=0, YOLO=0, Состояние=СВОБОДЕН
2026-03-30 14:23:04,014 - INFO - [00:13:46] Стол 1: Активность=Нет, Ячеек активных=0/9, Motion=0, YOLO=0, Состояние=СВОБОДЕН
2026-03-30 14:23:04,612 - INFO - [00:13:48] Стол 1: Активность=Нет, Ячеек активных=0/9, Motion=0, YOLO=0, Состояние=СВОБОДЕН
2026-03-30 14:23:05,202 - INFO - [00:13:50] Стол 1: Активность=Нет, Ячеек активных=0/9, Motion=0, YOLO=0, Состояние=СВОБОДЕН
2026-03-30 14:23:05,782 - INFO - [00:13:52] Стол 1: Активность=Нет, Ячеек активных=0/9, Motion=0, YOLO=0, Состояние=СВОБОДЕН
2026-03-30 14:23:06,373 - INFO - [00:13:54] Стол 1: Активность=Нет, Ячеек активных=0/9, Motion=0, YOLO=0, Состояние=СВОБОДЕН
2026-03-30 14:23:06,954 - INFO - [00:13:56] Стол 1: Активность=Нет, Ячеек активных=0/9, Motion=0, YOLO=0, Состояние=СВОБОДЕН
2026-03-30 14:23:07,545 - INFO - [00:13:58] Стол 1: Активность=Нет, Ячеек активных=0/9, Motion=0, YOLO=0, Состояние=СВОБОДЕН
2026-03-30 14:23:08,133 - INFO - [00:14:00] Стол 1: Активность=Нет, Ячеек активных=0/9, Motion=0, YOLO=0, Состояние=СВОБОДЕН
2026-03-30 14:23:08,725 - INFO - [00:14:02] Стол 1: Активность=Нет, Ячеек активных=0/9, Motion=0, YOLO=0, Состояние=СВОБОДЕН
2026-03-30 14:23:09,319 - INFO - [00:14:04] Стол 1: Активность=Нет, Ячеек активных=0/9, Motion=0, YOLO=0, Состояние=СВОБОДЕН
2026-03-30 14:23:09,916 - INFO - [00:14:06] Стол 1: Активность=Нет, Ячеек активных=0/9, Motion=0, YOLO=0, Состояние=СВОБОДЕН
2026-03-30 14:23:10,510 - INFO - [00:14:08] Стол 1: Активность=Нет, Ячеек активных=0/9, Motion=0, YOLO=0, Состояние=СВОБОДЕН
2026-03-30 14:23:11,113 - INFO - [00:14:10] Стол 1: Активность=Нет, Ячеек активных=0/9, Motion=0, YOLO=0, Состояние=СВОБОДЕН
2026-03-30 14:23:11,694 - INFO - [00:14:12] Стол 1: Активность=Нет, Ячеек активных=0/9, Motion=0, YOLO=0, Состояние=СВОБОДЕН
2026-03-30 14:23:12,286 - INFO - [00:14:14] Стол 1: Активность=Нет, Ячеек активных=0/9, Motion=0, YOLO=0, Состояние=СВОБОДЕН
2026-03-30 14:23:12,876 - INFO - [00:14:16] Стол 1: Активность=Нет, Ячеек активных=0/9, Motion=0, YOLO=0, Состояние=СВОБОДЕН
2026-03-30 14:23:13,467 - INFO - [00:14:18] Стол 1: Активность=Нет, Ячеек активных=0/9, Motion=0, YOLO=0, Состояние=СВОБОДЕН
2026-03-30 14:23:14,050 - INFO - [00:14:20] Стол 1: Активность=Нет, Ячеек активных=0/9, Motion=0, YOLO=0, Состояние=СВОБОДЕН
2026-03-30 14:23:14,643 - INFO - [00:14:22] Стол 1: Активность=Нет, Ячеек активных=0/9, Motion=0, YOLO=0, Состояние=СВОБОДЕН
2026-03-30 14:23:15,222 - INFO - [00:14:24] Стол 1: Активность=Нет, Ячеек активных=0/9, Motion=0, YOLO=0, Состояние=СВОБОДЕН
2026-03-30 14:23:15,816 - INFO - [00:14:26] Стол 1: Активность=Нет, Ячеек активных=0/9, Motion=0, YOLO=0, Состояние=СВОБОДЕН
2026-03-30 14:23:16,401 - INFO - [00:14:28] Стол 1: Активность=Нет, Ячеек активных=0/9, Motion=0, YOLO=0, Состояние=СВОБОДЕН
2026-03-30 14:23:16,998 - INFO - [00:14:30] Стол 1: Активность=Нет, Ячеек активных=0/9, Motion=0, YOLO=0, Состояние=СВОБОДЕН
2026-03-30 14:23:17,622 - INFO - [00:14:32] Стол 1: Активность=Нет, Ячеек активных=0/9, Motion=0, YOLO=0, Состояние=СВОБОДЕН
2026-03-30 14:23:18,219 - INFO - [00:14:34] Стол 1: Активность=Нет, Ячеек активных=0/9, Motion=0, YOLO=0, Состояние=СВОБОДЕН
2026-03-30 14:23:18,809 - INFO - [00:14:36] Стол 1: Активность=Нет, Ячеек активных=0/9, Motion=0, YOLO=0, Состояние=СВОБОДЕН
2026-03-30 14:23:19,405 - INFO - [00:14:38] Стол 1: Активность=Нет, Ячеек активных=0/9, Motion=0, YOLO=0, Состояние=СВОБОДЕН
2026-03-30 14:23:19,992 - INFO - [00:14:40] Стол 1: Активность=Нет, Ячеек активных=0/9, Motion=0, YOLO=0, Состояние=СВОБОДЕН
2026-03-30 14:23:20,600 - INFO - [00:14:42] Стол 1: Активность=Нет, Ячеек активных=0/9, Motion=0, YOLO=0, Состояние=СВОБОДЕН
2026-03-30 14:23:21,201 - INFO - [00:14:44] Стол 1: Активность=Нет, Ячеек активных=0/9, Motion=0, YOLO=0, Состояние=СВОБОДЕН
2026-03-30 14:23:21,789 - INFO - [00:14:46] Стол 1: Активность=Нет, Ячеек активных=0/9, Motion=0, YOLO=0, Состояние=СВОБОДЕН
2026-03-30 14:23:22,393 - INFO - [00:14:48] Стол 1: Активность=Нет, Ячеек активных=0/9, Motion=0, YOLO=0, Состояние=СВОБОДЕН
2026-03-30 14:23:22,984 - INFO - [00:14:50] Стол 1: Активность=Нет, Ячеек активных=0/9, Motion=0, YOLO=0, Состояние=СВОБОДЕН
2026-03-30 14:23:23,568 - INFO - [00:14:52] Стол 1: Активность=Нет, Ячеек активных=0/9, Motion=0, YOLO=0, Состояние=СВОБОДЕН
2026-03-30 14:23:24,152 - INFO - [00:14:54] Стол 1: Активность=Нет, Ячеек активных=0/9, Motion=0, YOLO=0, Состояние=СВОБОДЕН
2026-03-30 14:23:24,730 - INFO - [00:14:56] Стол 1: Активность=Нет, Ячеек активных=0/9, Motion=0, YOLO=0, Состояние=СВОБОДЕН
2026-03-30 14:23:25,317 - INFO - [00:14:58] Стол 1: Активность=Нет, Ячеек активных=0/9, Motion=0, YOLO=0, Состояние=СВОБОДЕН
2026-03-30 14:23:25,897 - INFO - [00:15:00] Стол 1: Активность=Нет, Ячеек активных=0/9, Motion=0, YOLO=0, Состояние=СВОБОДЕН
2026-03-30 14:23:26,486 - INFO - [00:15:02] Стол 1: Активность=Нет, Ячеек активных=0/9, Motion=0, YOLO=0, Состояние=СВОБОДЕН
2026-03-30 14:23:27,063 - INFO - [00:15:04] Стол 1: Активность=Нет, Ячеек активных=0/9, Motion=0, YOLO=0, Состояние=СВОБОДЕН
2026-03-30 14:23:27,651 - INFO - [00:15:06] Стол 1: Активность=Нет, Ячеек активных=0/9, Motion=0, YOLO=0, Состояние=СВОБОДЕН
2026-03-30 14:23:28,232 - INFO - [00:15:08] Стол 1: Активность=Нет, Ячеек активных=0/9, Motion=0, YOLO=0, Состояние=СВОБОДЕН
2026-03-30 14:23:28,818 - INFO - [00:15:10] Стол 1: Активность=Нет, Ячеек активных=0/9, Motion=0, YOLO=0, Состояние=СВОБОДЕН
2026-03-30 14:23:29,398 - INFO - [00:15:12] Стол 1: Активность=Нет, Ячеек активных=0/9, Motion=0, YOLO=0, Состояние=СВОБОДЕН
2026-03-30 14:23:29,983 - INFO - [00:15:14] Стол 1: Активность=Нет, Ячеек активных=0/9, Motion=0, YOLO=0, Состояние=СВОБОДЕН
2026-03-30 14:23:30,566 - INFO - [00:15:16] Стол 1: Активность=Нет, Ячеек активных=0/9, Motion=0, YOLO=0, Состояние=СВОБОДЕН
2026-03-30 14:23:31,152 - INFO - [00:15:18] Стол 1: Активность=Нет, Ячеек активных=0/9, Motion=0, YOLO=0, Состояние=СВОБОДЕН
2026-03-30 14:23:31,734 - INFO - [00:15:20] Стол 1: Активность=Нет, Ячеек активных=0/9, Motion=0, YOLO=0, Состояние=СВОБОДЕН
2026-03-30 14:23:32,322 - INFO - [00:15:22] Стол 1: Активность=Нет, Ячеек активных=0/9, Motion=0, YOLO=0, Состояние=СВОБОДЕН
2026-03-30 14:23:32,900 - INFO - [00:15:24] Стол 1: Активность=Нет, Ячеек активных=0/9, Motion=0, YOLO=0, Состояние=СВОБОДЕН
2026-03-30 14:23:33,493 - INFO - [00:15:26] Стол 1: Активность=Нет, Ячеек активных=0/9, Motion=0, YOLO=0, Состояние=СВОБОДЕН
2026-03-30 14:23:34,074 - INFO - [00:15:28] Стол 1: Активность=Нет, Ячеек активных=0/9, Motion=0, YOLO=0, Состояние=СВОБОДЕН
2026-03-30 14:23:34,659 - INFO - [00:15:30] Стол 1: Активность=Нет, Ячеек активных=0/9, Motion=0, YOLO=0, Состояние=СВОБОДЕН
2026-03-30 14:23:35,240 - INFO - [00:15:32] Стол 1: Активность=Нет, Ячеек активных=0/9, Motion=0, YOLO=0, Состояние=СВОБОДЕН
2026-03-30 14:23:35,824 - INFO - [00:15:34] Стол 1: Активность=Нет, Ячеек активных=0/9, Motion=0, YOLO=0, Состояние=СВОБОДЕН
2026-03-30 14:23:36,406 - INFO - [00:15:36] Стол 1: Активность=Нет, Ячеек активных=0/9, Motion=0, YOLO=0, Состояние=СВОБОДЕН
2026-03-30 14:23:36,991 - INFO - [00:15:38] Стол 1: Активность=Нет, Ячеек активных=0/9, Motion=0, YOLO=0, Состояние=СВОБОДЕН
2026-03-30 14:23:37,569 - INFO - [00:15:40] Стол 1: Активность=Нет, Ячеек активных=0/9, Motion=0, YOLO=0, Состояние=СВОБОДЕН
2026-03-30 14:23:38,156 - INFO - [00:15:42] Стол 1: Активность=Нет, Ячеек активных=0/9, Motion=0, YOLO=0, Состояние=СВОБОДЕН
2026-03-30 14:23:38,736 - INFO - [00:15:44] Стол 1: Активность=Нет, Ячеек активных=0/9, Motion=0, YOLO=0, Состояние=СВОБОДЕН
2026-03-30 14:23:39,321 - INFO - [00:15:46] Стол 1: Активность=Нет, Ячеек активных=0/9, Motion=0, YOLO=0, Состояние=СВОБОДЕН
2026-03-30 14:23:39,898 - INFO - [00:15:48] Стол 1: Активность=Нет, Ячеек активных=0/9, Motion=0, YOLO=0, Состояние=СВОБОДЕН
2026-03-30 14:23:40,489 - INFO - [00:15:50] Стол 1: Активность=Нет, Ячеек активных=0/9, Motion=0, YOLO=0, Состояние=СВОБОДЕН
2026-03-30 14:23:41,068 - INFO - [00:15:52] Стол 1: Активность=Нет, Ячеек активных=0/9, Motion=0, YOLO=0, Состояние=СВОБОДЕН
2026-03-30 14:23:41,661 - INFO - [00:15:54] Стол 1: Активность=Нет, Ячеек активных=0/9, Motion=0, YOLO=0, Состояние=СВОБОДЕН
2026-03-30 14:23:42,241 - INFO - [00:15:56] Стол 1: Активность=Нет, Ячеек активных=0/9, Motion=0, YOLO=0, Состояние=СВОБОДЕН
2026-03-30 14:23:42,297 - INFO - Среднее время между клиентами: 208.0 сек
