2026-03-30 14:01:43,458 - INFO - Загрузка модели YOLOv8n...
2026-03-30 14:01:43,506 - INFO - Модель загружена
2026-03-30 14:01:54,447 - INFO - Выбрано столиков: 1
2026-03-30 14:01:57,001 - INFO - [00:00:00] Стол 1: Активность=Да, Ячеек активных=0/9, Motion=0, YOLO=1, Состояние=СВОБОДЕН
2026-03-30 14:01:57,002 - INFO - [0.00s] 🟡 Стол #1: старт стабилизации посадки
2026-03-30 14:01:57,765 - INFO - [00:00:01] Стол 1: Активность=Да, Ячеек активных=5/9, Motion=50196, YOLO=1, Состояние=СВОБОДЕН
2026-03-30 14:01:58,563 - INFO - [00:00:02] Стол 1: Активность=Да, Ячеек активных=5/9, Motion=60007, YOLO=1, Состояние=СВОБОДЕН
2026-03-30 14:01:59,327 - INFO - [00:00:03] Стол 1: Активность=Да, Ячеек активных=4/9, Motion=52928, YOLO=2, Состояние=СВОБОДЕН
2026-03-30 14:02:00,116 - INFO - [00:00:04] Стол 1: Активность=Да, Ячеек активных=5/9, Motion=66953, YOLO=2, Состояние=СВОБОДЕН
2026-03-30 14:02:00,902 - INFO - [00:00:06] Стол 1: Активность=Да, Ячеек активных=4/9, Motion=62986, YOLO=1, Состояние=СВОБОДЕН
2026-03-30 14:02:01,676 - INFO - [00:00:07] Стол 1: Активность=Да, Ячеек активных=3/9, Motion=53781, YOLO=1, Состояние=СВОБОДЕН
2026-03-30 14:02:02,447 - INFO - [00:00:08] Стол 1: Активность=Да, Ячеек активных=3/9, Motion=32914, YOLO=1, Состояние=СВОБОДЕН
2026-03-30 14:02:03,217 - INFO - [00:00:09] Стол 1: Активность=Да, Ячеек активных=2/9, Motion=29182, YOLO=1, Состояние=СВОБОДЕН
2026-03-30 14:02:03,987 - INFO - [00:00:10] Стол 1: Активность=Да, Ячеек активных=3/9, Motion=39629, YOLO=1, Состояние=СВОБОДЕН
2026-03-30 14:02:03,987 - INFO - [10.80s] ✅ Стол #1: КЛИЕНТ СЕЛ
2026-03-30 14:02:04,754 - INFO - [00:00:12] Стол 1: Активность=Да, Ячеек активных=2/9, Motion=31197, YOLO=0, Состояние=ЗАНЯТ
2026-03-30 14:02:05,527 - INFO - [00:00:13] Стол 1: Активность=Да, Ячеек активных=2/9, Motion=19061, YOLO=0, Состояние=ЗАНЯТ
2026-03-30 14:02:06,301 - INFO - [00:00:14] Стол 1: Активность=Да, Ячеек активных=2/9, Motion=24166, YOLO=0, Состояние=ЗАНЯТ
2026-03-30 14:02:07,066 - INFO - [00:00:15] Стол 1: Активность=Да, Ячеек активных=2/9, Motion=15358, YOLO=0, Состояние=ЗАНЯТ
2026-03-30 14:02:07,832 - INFO - [00:00:16] Стол 1: Активность=Нет, Ячеек активных=1/9, Motion=13169, YOLO=0, Состояние=ЗАНЯТ
2026-03-30 14:02:07,832 - INFO - [16.80s] ⚠️ Стол #1: нет активности, старт таймера ухода (20.0s)
2026-03-30 14:02:07,832 - INFO - [16.80s] ⏱ Стол #1: без движения 0.0/20.0s
2026-03-30 14:02:08,595 - INFO - [00:00:18] Стол 1: Активность=Нет, Ячеек активных=0/9, Motion=3269, YOLO=0, Состояние=ЗАНЯТ
2026-03-30 14:02:08,595 - INFO - [18.00s] ⏱ Стол #1: без движения 1.2/20.0s
2026-03-30 14:02:09,353 - INFO - [00:00:19] Стол 1: Активность=Нет, Ячеек активных=0/9, Motion=3074, YOLO=0, Состояние=ЗАНЯТ
2026-03-30 14:02:09,353 - INFO - [19.20s] ⏱ Стол #1: без движения 2.4/20.0s
2026-03-30 14:02:10,120 - INFO - [00:00:20] Стол 1: Активность=Нет, Ячеек активных=0/9, Motion=2276, YOLO=0, Состояние=ЗАНЯТ
2026-03-30 14:02:10,120 - INFO - [20.40s] ⏱ Стол #1: без движения 3.6/20.0s
2026-03-30 14:02:10,850 - INFO - [00:00:21] Стол 1: Активность=Нет, Ячеек активных=0/9, Motion=2519, YOLO=0, Состояние=ЗАНЯТ
2026-03-30 14:02:10,850 - INFO - [21.60s] ⏱ Стол #1: без движения 4.8/20.0s
2026-03-30 14:02:11,550 - INFO - [00:00:22] Стол 1: Активность=Нет, Ячеек активных=0/9, Motion=2350, YOLO=0, Состояние=ЗАНЯТ
2026-03-30 14:02:11,551 - INFO - [22.80s] ⏱ Стол #1: без движения 6.0/20.0s
2026-03-30 14:02:12,260 - INFO - [00:00:24] Стол 1: Активность=Нет, Ячеек активных=0/9, Motion=1205, YOLO=0, Состояние=ЗАНЯТ
2026-03-30 14:02:12,261 - INFO - [24.00s] ⏱ Стол #1: без движения 7.2/20.0s
2026-03-30 14:02:12,949 - INFO - [00:00:25] Стол 1: Активность=Нет, Ячеек активных=0/9, Motion=1623, YOLO=0, Состояние=ЗАНЯТ
2026-03-30 14:02:12,949 - INFO - [25.20s] ⏱ Стол #1: без движения 8.4/20.0s
2026-03-30 14:02:13,639 - INFO - [00:00:26] Стол 1: Активность=Нет, Ячеек активных=0/9, Motion=984, YOLO=0, Состояние=ЗАНЯТ
2026-03-30 14:02:13,639 - INFO - [26.40s] ⏱ Стол #1: без движения 9.6/20.0s
2026-03-30 14:02:14,343 - INFO - [00:00:27] Стол 1: Активность=Нет, Ячеек активных=0/9, Motion=268, YOLO=0, Состояние=ЗАНЯТ
2026-03-30 14:02:14,343 - INFO - [27.60s] ⏱ Стол #1: без движения 10.8/20.0s
2026-03-30 14:02:15,033 - INFO - [00:00:28] Стол 1: Активность=Нет, Ячеек активных=0/9, Motion=16, YOLO=0, Состояние=ЗАНЯТ
2026-03-30 14:02:15,034 - INFO - [28.80s] ⏱ Стол #1: без движения 12.0/20.0s
2026-03-30 14:02:15,732 - INFO - [00:00:30] Стол 1: Активность=Нет, Ячеек активных=0/9, Motion=470, YOLO=0, Состояние=ЗАНЯТ
2026-03-30 14:02:15,732 - INFO - [30.00s] ⏱ Стол #1: без движения 13.2/20.0s
2026-03-30 14:02:16,428 - INFO - [00:00:31] Стол 1: Активность=Нет, Ячеек активных=0/9, Motion=493, YOLO=0, Состояние=ЗАНЯТ
2026-03-30 14:02:16,428 - INFO - [31.20s] ⏱ Стол #1: без движения 14.4/20.0s
2026-03-30 14:02:17,126 - INFO - [00:00:32] Стол 1: Активность=Нет, Ячеек активных=0/9, Motion=1476, YOLO=0, Состояние=ЗАНЯТ
2026-03-30 14:02:17,126 - INFO - [32.40s] ⏱ Стол #1: без движения 15.6/20.0s
2026-03-30 14:02:17,809 - INFO - [00:00:33] Стол 1: Активность=Нет, Ячеек активных=0/9, Motion=1149, YOLO=0, Состояние=ЗАНЯТ
2026-03-30 14:02:17,810 - INFO - [33.60s] ⏱ Стол #1: без движения 16.8/20.0s
2026-03-30 14:02:18,507 - INFO - [00:00:34] Стол 1: Активность=Нет, Ячеек активных=0/9, Motion=818, YOLO=0, Состояние=ЗАНЯТ
2026-03-30 14:02:18,507 - INFO - [34.80s] ⏱ Стол #1: без движения 18.0/20.0s
2026-03-30 14:02:19,199 - INFO - [00:00:36] Стол 1: Активность=Нет, Ячеек активных=0/9, Motion=1013, YOLO=0, Состояние=ЗАНЯТ
2026-03-30 14:02:19,200 - INFO - [36.00s] ⏱ Стол #1: без движения 19.2/20.0s
2026-03-30 14:02:19,885 - INFO - [00:00:37] Стол 1: Активность=Нет, Ячеек активных=0/9, Motion=140, YOLO=0, Состояние=ЗАНЯТ
2026-03-30 14:02:19,886 - INFO - [37.20s] ⏱ Стол #1: без движения 20.4/20.0s
2026-03-30 14:02:19,886 - INFO - [37.20s] 🚪 Стол #1: КЛИЕНТ УШЕЛ (нет активности 20.4s)
2026-03-30 14:02:20,589 - INFO - [00:00:38] Стол 1: Активность=Нет, Ячеек активных=0/9, Motion=11, YOLO=0, Состояние=СВОБОДЕН
2026-03-30 14:02:21,289 - INFO - [00:00:39] Стол 1: Активность=Нет, Ячеек активных=0/9, Motion=554, YOLO=0, Состояние=СВОБОДЕН
2026-03-30 14:02:22,005 - INFO - [00:00:40] Стол 1: Активность=Нет, Ячеек активных=0/9, Motion=1217, YOLO=0, Состояние=СВОБОДЕН
2026-03-30 14:02:22,712 - INFO - [00:00:42] Стол 1: Активность=Нет, Ячеек активных=0/9, Motion=2372, YOLO=0, Состояние=СВОБОДЕН
2026-03-30 14:02:23,410 - INFO - [00:00:43] Стол 1: Активность=Нет, Ячеек активных=0/9, Motion=2062, YOLO=0, Состояние=СВОБОДЕН
2026-03-30 14:02:24,114 - INFO - [00:00:44] Стол 1: Активность=Нет, Ячеек активных=0/9, Motion=2209, YOLO=0, Состояние=СВОБОДЕН
2026-03-30 14:02:24,803 - INFO - [00:00:45] Стол 1: Активность=Нет, Ячеек активных=0/9, Motion=1771, YOLO=0, Состояние=СВОБОДЕН
2026-03-30 14:02:25,504 - INFO - [00:00:46] Стол 1: Активность=Нет, Ячеек активных=0/9, Motion=737, YOLO=0, Состояние=СВОБОДЕН
2026-03-30 14:02:26,195 - INFO - [00:00:48] Стол 1: Активность=Нет, Ячеек активных=0/9, Motion=114, YOLO=0, Состояние=СВОБОДЕН
2026-03-30 14:02:26,885 - INFO - [00:00:49] Стол 1: Активность=Нет, Ячеек активных=0/9, Motion=31, YOLO=0, Состояние=СВОБОДЕН
2026-03-30 14:02:27,583 - INFO - [00:00:50] Стол 1: Активность=Нет, Ячеек активных=0/9, Motion=376, YOLO=0, Состояние=СВОБОДЕН
2026-03-30 14:02:28,289 - INFO - [00:00:51] Стол 1: Активность=Нет, Ячеек активных=0/9, Motion=963, YOLO=0, Состояние=СВОБОДЕН
2026-03-30 14:02:28,985 - INFO - [00:00:52] Стол 1: Активность=Нет, Ячеек активных=0/9, Motion=1469, YOLO=0, Состояние=СВОБОДЕН
2026-03-30 14:02:29,677 - INFO - [00:00:54] Стол 1: Активность=Нет, Ячеек активных=0/9, Motion=1541, YOLO=0, Состояние=СВОБОДЕН
2026-03-30 14:02:30,369 - INFO - [00:00:55] Стол 1: Активность=Нет, Ячеек активных=0/9, Motion=1532, YOLO=0, Состояние=СВОБОДЕН
2026-03-30 14:02:31,078 - INFO - [00:00:56] Стол 1: Активность=Нет, Ячеек активных=0/9, Motion=1143, YOLO=0, Состояние=СВОБОДЕН
2026-03-30 14:02:31,763 - INFO - [00:00:57] Стол 1: Активность=Нет, Ячеек активных=0/9, Motion=322, YOLO=0, Состояние=СВОБОДЕН
2026-03-30 14:02:32,473 - INFO - [00:00:58] Стол 1: Активность=Нет, Ячеек активных=0/9, Motion=82, YOLO=0, Состояние=СВОБОДЕН
2026-03-30 14:02:33,170 - INFO - [00:01:00] Стол 1: Активность=Нет, Ячеек активных=0/9, Motion=27, YOLO=0, Состояние=СВОБОДЕН
2026-03-30 14:02:33,869 - INFO - [00:01:01] Стол 1: Активность=Нет, Ячеек активных=0/9, Motion=112, YOLO=0, Состояние=СВОБОДЕН
2026-03-30 14:02:34,567 - INFO - [00:01:02] Стол 1: Активность=Нет, Ячеек активных=0/9, Motion=435, YOLO=0, Состояние=СВОБОДЕН
2026-03-30 14:02:35,266 - INFO - [00:01:03] Стол 1: Активность=Нет, Ячеек активных=0/9, Motion=995, YOLO=0, Состояние=СВОБОДЕН
2026-03-30 14:02:35,972 - INFO - [00:01:04] Стол 1: Активность=Нет, Ячеек активных=0/9, Motion=881, YOLO=0, Состояние=СВОБОДЕН
2026-03-30 14:02:36,675 - INFO - [00:01:06] Стол 1: Активность=Нет, Ячеек активных=0/9, Motion=1498, YOLO=0, Состояние=СВОБОДЕН
2026-03-30 14:02:37,368 - INFO - [00:01:07] Стол 1: Активность=Нет, Ячеек активных=0/9, Motion=512, YOLO=0, Состояние=СВОБОДЕН
2026-03-30 14:02:38,068 - INFO - [00:01:08] Стол 1: Активность=Нет, Ячеек активных=0/9, Motion=634, YOLO=0, Состояние=СВОБОДЕН
2026-03-30 14:02:38,752 - INFO - [00:01:09] Стол 1: Активность=Нет, Ячеек активных=0/9, Motion=19, YOLO=0, Состояние=СВОБОДЕН
2026-03-30 14:02:39,446 - INFO - [00:01:10] Стол 1: Активность=Нет, Ячеек активных=0/9, Motion=0, YOLO=0, Состояние=СВОБОДЕН
2026-03-30 14:02:40,138 - INFO - [00:01:12] Стол 1: Активность=Нет, Ячеек активных=0/9, Motion=0, YOLO=0, Состояние=СВОБОДЕН
2026-03-30 14:02:40,841 - INFO - [00:01:13] Стол 1: Активность=Нет, Ячеек активных=0/9, Motion=283, YOLO=0, Состояние=СВОБОДЕН
2026-03-30 14:02:41,549 - INFO - [00:01:14] Стол 1: Активность=Нет, Ячеек активных=0/9, Motion=149, YOLO=0, Состояние=СВОБОДЕН
2026-03-30 14:02:42,262 - INFO - [00:01:15] Стол 1: Активность=Нет, Ячеек активных=0/9, Motion=1126, YOLO=0, Состояние=СВОБОДЕН
2026-03-30 14:02:42,976 - INFO - [00:01:16] Стол 1: Активность=Нет, Ячеек активных=0/9, Motion=371, YOLO=0, Состояние=СВОБОДЕН
2026-03-30 14:02:43,701 - INFO - [00:01:18] Стол 1: Активность=Нет, Ячеек активных=0/9, Motion=966, YOLO=0, Состояние=СВОБОДЕН
2026-03-30 14:02:44,417 - INFO - [00:01:19] Стол 1: Активность=Нет, Ячеек активных=0/9, Motion=125, YOLO=0, Состояние=СВОБОДЕН
2026-03-30 14:02:45,137 - INFO - [00:01:20] Стол 1: Активность=Нет, Ячеек активных=0/9, Motion=8, YOLO=0, Состояние=СВОБОДЕН
2026-03-30 14:02:45,847 - INFO - [00:01:21] Стол 1: Активность=Нет, Ячеек активных=0/9, Motion=0, YOLO=0, Состояние=СВОБОДЕН
2026-03-30 14:02:46,569 - INFO - [00:01:22] Стол 1: Активность=Нет, Ячеек активных=0/9, Motion=30, YOLO=0, Состояние=СВОБОДЕН
2026-03-30 14:02:47,274 - INFO - [00:01:24] Стол 1: Активность=Нет, Ячеек активных=0/9, Motion=75, YOLO=0, Состояние=СВОБОДЕН
2026-03-30 14:02:47,986 - INFO - [00:01:25] Стол 1: Активность=Нет, Ячеек активных=0/9, Motion=586, YOLO=0, Состояние=СВОБОДЕН
2026-03-30 14:02:48,701 - INFO - [00:01:26] Стол 1: Активность=Нет, Ячеек активных=0/9, Motion=300, YOLO=0, Состояние=СВОБОДЕН
2026-03-30 14:02:49,411 - INFO - [00:01:27] Стол 1: Активность=Нет, Ячеек активных=0/9, Motion=608, YOLO=0, Состояние=СВОБОДЕН
2026-03-30 14:02:50,125 - INFO - [00:01:28] Стол 1: Активность=Нет, Ячеек активных=0/9, Motion=185, YOLO=0, Состояние=СВОБОДЕН
2026-03-30 14:02:50,840 - INFO - [00:01:30] Стол 1: Активность=Нет, Ячеек активных=0/9, Motion=110, YOLO=0, Состояние=СВОБОДЕН
2026-03-30 14:02:51,549 - INFO - [00:01:31] Стол 1: Активность=Нет, Ячеек активных=0/9, Motion=0, YOLO=0, Состояние=СВОБОДЕН
2026-03-30 14:02:52,257 - INFO - [00:01:32] Стол 1: Активность=Нет, Ячеек активных=0/9, Motion=0, YOLO=0, Состояние=СВОБОДЕН
2026-03-30 14:02:52,941 - INFO - [00:01:33] Стол 1: Активность=Нет, Ячеек активных=0/9, Motion=0, YOLO=0, Состояние=СВОБОДЕН
2026-03-30 14:02:53,640 - INFO - [00:01:34] Стол 1: Активность=Нет, Ячеек активных=0/9, Motion=21, YOLO=0, Состояние=СВОБОДЕН
2026-03-30 14:02:54,346 - INFO - [00:01:36] Стол 1: Активность=Нет, Ячеек активных=0/9, Motion=150, YOLO=0, Состояние=СВОБОДЕН
2026-03-30 14:02:55,052 - INFO - [00:01:37] Стол 1: Активность=Нет, Ячеек активных=0/9, Motion=279, YOLO=0, Состояние=СВОБОДЕН
2026-03-30 14:02:55,759 - INFO - [00:01:38] Стол 1: Активность=Нет, Ячеек активных=0/9, Motion=58, YOLO=0, Состояние=СВОБОДЕН
2026-03-30 14:02:56,467 - INFO - [00:01:39] Стол 1: Активность=Нет, Ячеек активных=0/9, Motion=172, YOLO=0, Состояние=СВОБОДЕН
2026-03-30 14:02:57,165 - INFO - [00:01:40] Стол 1: Активность=Нет, Ячеек активных=0/9, Motion=3, YOLO=0, Состояние=СВОБОДЕН
2026-03-30 14:02:57,856 - INFO - [00:01:42] Стол 1: Активность=Нет, Ячеек активных=0/9, Motion=0, YOLO=0, Состояние=СВОБОДЕН
2026-03-30 14:02:58,553 - INFO - [00:01:43] Стол 1: Активность=Нет, Ячеек активных=0/9, Motion=0, YOLO=0, Состояние=СВОБОДЕН
2026-03-30 14:02:59,256 - INFO - [00:01:44] Стол 1: Активность=Нет, Ячеек активных=0/9, Motion=0, YOLO=0, Состояние=СВОБОДЕН
2026-03-30 14:02:59,966 - INFO - [00:01:45] Стол 1: Активность=Нет, Ячеек активных=0/9, Motion=14, YOLO=0, Состояние=СВОБОДЕН
2026-03-30 14:03:00,774 - INFO - [00:01:46] Стол 1: Активность=Нет, Ячеек активных=0/9, Motion=68, YOLO=0, Состояние=СВОБОДЕН
2026-03-30 14:03:01,493 - INFO - [00:01:48] Стол 1: Активность=Нет, Ячеек активных=0/9, Motion=24, YOLO=0, Состояние=СВОБОДЕН
2026-03-30 14:03:02,211 - INFO - [00:01:49] Стол 1: Активность=Нет, Ячеек активных=0/9, Motion=26, YOLO=0, Состояние=СВОБОДЕН
2026-03-30 14:03:02,940 - INFO - [00:01:50] Стол 1: Активность=Нет, Ячеек активных=0/9, Motion=1309, YOLO=0, Состояние=СВОБОДЕН
2026-03-30 14:03:03,664 - INFO - [00:01:51] Стол 1: Активность=Нет, Ячеек активных=0/9, Motion=779, YOLO=0, Состояние=СВОБОДЕН
2026-03-30 14:03:04,410 - INFO - [00:01:52] Стол 1: Активность=Нет, Ячеек активных=0/9, Motion=0, YOLO=0, Состояние=СВОБОДЕН
2026-03-30 14:03:05,127 - INFO - [00:01:54] Стол 1: Активность=Нет, Ячеек активных=0/9, Motion=0, YOLO=0, Состояние=СВОБОДЕН
2026-03-30 14:03:05,846 - INFO - [00:01:55] Стол 1: Активность=Нет, Ячеек активных=0/9, Motion=0, YOLO=0, Состояние=СВОБОДЕН
2026-03-30 14:03:06,576 - INFO - [00:01:56] Стол 1: Активность=Нет, Ячеек активных=0/9, Motion=21, YOLO=0, Состояние=СВОБОДЕН
2026-03-30 14:03:07,357 - INFO - [00:01:57] Стол 1: Активность=Нет, Ячеек активных=0/9, Motion=0, YOLO=0, Состояние=СВОБОДЕН
2026-03-30 14:03:08,090 - INFO - [00:01:58] Стол 1: Активность=Нет, Ячеек активных=0/9, Motion=0, YOLO=0, Состояние=СВОБОДЕН
2026-03-30 14:03:08,778 - INFO - [00:02:00] Стол 1: Активность=Нет, Ячеек активных=0/9, Motion=3, YOLO=0, Состояние=СВОБОДЕН
2026-03-30 14:03:09,462 - INFO - [00:02:01] Стол 1: Активность=Нет, Ячеек активных=0/9, Motion=2, YOLO=0, Состояние=СВОБОДЕН
2026-03-30 14:03:10,180 - INFO - [00:02:02] Стол 1: Активность=Нет, Ячеек активных=0/9, Motion=0, YOLO=0, Состояние=СВОБОДЕН
2026-03-30 14:03:10,945 - INFO - [00:02:03] Стол 1: Активность=Нет, Ячеек активных=0/9, Motion=0, YOLO=0, Состояние=СВОБОДЕН
2026-03-30 14:03:11,635 - INFO - [00:02:04] Стол 1: Активность=Нет, Ячеек активных=0/9, Motion=0, YOLO=0, Состояние=СВОБОДЕН
2026-03-30 14:03:12,350 - INFO - [00:02:06] Стол 1: Активность=Нет, Ячеек активных=0/9, Motion=0, YOLO=0, Состояние=СВОБОДЕН
2026-03-30 14:03:13,046 - INFO - [00:02:07] Стол 1: Активность=Нет, Ячеек активных=0/9, Motion=2, YOLO=0, Состояние=СВОБОДЕН
2026-03-30 14:03:13,744 - INFO - [00:02:08] Стол 1: Активность=Нет, Ячеек активных=0/9, Motion=0, YOLO=0, Состояние=СВОБОДЕН
2026-03-30 14:03:14,426 - INFO - [00:02:09] Стол 1: Активность=Нет, Ячеек активных=0/9, Motion=0, YOLO=0, Состояние=СВОБОДЕН
2026-03-30 14:03:15,123 - INFO - [00:02:10] Стол 1: Активность=Нет, Ячеек активных=0/9, Motion=0, YOLO=0, Состояние=СВОБОДЕН
2026-03-30 14:03:15,824 - INFO - [00:02:12] Стол 1: Активность=Нет, Ячеек активных=0/9, Motion=0, YOLO=0, Состояние=СВОБОДЕН
2026-03-30 14:03:16,518 - INFO - [00:02:13] Стол 1: Активность=Нет, Ячеек активных=0/9, Motion=0, YOLO=0, Состояние=СВОБОДЕН
2026-03-30 14:03:17,215 - INFO - [00:02:14] Стол 1: Активность=Нет, Ячеек активных=0/9, Motion=0, YOLO=0, Состояние=СВОБОДЕН
2026-03-30 14:03:17,922 - INFO - [00:02:15] Стол 1: Активность=Нет, Ячеек активных=0/9, Motion=0, YOLO=0, Состояние=СВОБОДЕН
2026-03-30 14:03:18,617 - INFO - [00:02:16] Стол 1: Активность=Нет, Ячеек активных=0/9, Motion=0, YOLO=0, Состояние=СВОБОДЕН
2026-03-30 14:03:19,345 - INFO - [00:02:18] Стол 1: Активность=Нет, Ячеек активных=0/9, Motion=0, YOLO=0, Состояние=СВОБОДЕН
2026-03-30 14:03:20,049 - INFO - [00:02:19] Стол 1: Активность=Нет, Ячеек активных=0/9, Motion=0, YOLO=0, Состояние=СВОБОДЕН
2026-03-30 14:03:20,758 - INFO - [00:02:20] Стол 1: Активность=Нет, Ячеек активных=0/9, Motion=0, YOLO=0, Состояние=СВОБОДЕН
2026-03-30 14:03:21,470 - INFO - [00:02:21] Стол 1: Активность=Нет, Ячеек активных=0/9, Motion=0, YOLO=0, Состояние=СВОБОДЕН
2026-03-30 14:03:22,183 - INFO - [00:02:22] Стол 1: Активность=Нет, Ячеек активных=0/9, Motion=0, YOLO=0, Состояние=СВОБОДЕН
2026-03-30 14:03:22,895 - INFO - [00:02:24] Стол 1: Активность=Нет, Ячеек активных=0/9, Motion=0, YOLO=0, Состояние=СВОБОДЕН
2026-03-30 14:03:23,597 - INFO - [00:02:25] Стол 1: Активность=Нет, Ячеек активных=0/9, Motion=0, YOLO=0, Состояние=СВОБОДЕН
2026-03-30 14:03:24,299 - INFO - [00:02:26] Стол 1: Активность=Нет, Ячеек активных=0/9, Motion=0, YOLO=0, Состояние=СВОБОДЕН
2026-03-30 14:03:24,993 - INFO - [00:02:27] Стол 1: Активность=Нет, Ячеек активных=0/9, Motion=0, YOLO=0, Состояние=СВОБОДЕН
2026-03-30 14:03:25,691 - INFO - [00:02:28] Стол 1: Активность=Нет, Ячеек активных=0/9, Motion=23, YOLO=0, Состояние=СВОБОДЕН
2026-03-30 14:03:26,390 - INFO - [00:02:30] Стол 1: Активность=Нет, Ячеек активных=0/9, Motion=0, YOLO=0, Состояние=СВОБОДЕН
2026-03-30 14:03:27,090 - INFO - [00:02:31] Стол 1: Активность=Нет, Ячеек активных=0/9, Motion=0, YOLO=0, Состояние=СВОБОДЕН
2026-03-30 14:03:27,791 - INFO - [00:02:32] Стол 1: Активность=Нет, Ячеек активных=0/9, Motion=0, YOLO=0, Состояние=СВОБОДЕН
2026-03-30 14:03:28,520 - INFO - [00:02:33] Стол 1: Активность=Нет, Ячеек активных=0/9, Motion=0, YOLO=0, Состояние=СВОБОДЕН
2026-03-30 14:03:29,226 - INFO - [00:02:34] Стол 1: Активность=Нет, Ячеек активных=0/9, Motion=1, YOLO=0, Состояние=СВОБОДЕН
2026-03-30 14:03:29,924 - INFO - [00:02:36] Стол 1: Активность=Нет, Ячеек активных=0/9, Motion=0, YOLO=0, Состояние=СВОБОДЕН
2026-03-30 14:03:30,616 - INFO - [00:02:37] Стол 1: Активность=Нет, Ячеек активных=0/9, Motion=0, YOLO=0, Состояние=СВОБОДЕН
2026-03-30 14:03:31,305 - INFO - [00:02:38] Стол 1: Активность=Нет, Ячеек активных=0/9, Motion=0, YOLO=0, Состояние=СВОБОДЕН
2026-03-30 14:03:31,998 - INFO - [00:02:39] Стол 1: Активность=Нет, Ячеек активных=0/9, Motion=0, YOLO=0, Состояние=СВОБОДЕН
2026-03-30 14:03:32,706 - INFO - [00:02:40] Стол 1: Активность=Нет, Ячеек активных=0/9, Motion=0, YOLO=0, Состояние=СВОБОДЕН
2026-03-30 14:03:33,391 - INFO - [00:02:42] Стол 1: Активность=Нет, Ячеек активных=0/9, Motion=0, YOLO=0, Состояние=СВОБОДЕН
2026-03-30 14:03:34,082 - INFO - [00:02:43] Стол 1: Активность=Нет, Ячеек активных=0/9, Motion=0, YOLO=0, Состояние=СВОБОДЕН
2026-03-30 14:03:34,774 - INFO - [00:02:44] Стол 1: Активность=Нет, Ячеек активных=0/9, Motion=0, YOLO=0, Состояние=СВОБОДЕН
2026-03-30 14:03:35,452 - INFO - [00:02:45] Стол 1: Активность=Нет, Ячеек активных=0/9, Motion=0, YOLO=0, Состояние=СВОБОДЕН
2026-03-30 14:03:36,151 - INFO - [00:02:46] Стол 1: Активность=Нет, Ячеек активных=0/9, Motion=0, YOLO=0, Состояние=СВОБОДЕН
2026-03-30 14:03:36,837 - INFO - [00:02:48] Стол 1: Активность=Нет, Ячеек активных=0/9, Motion=0, YOLO=0, Состояние=СВОБОДЕН
2026-03-30 14:03:37,528 - INFO - [00:02:49] Стол 1: Активность=Нет, Ячеек активных=0/9, Motion=0, YOLO=0, Состояние=СВОБОДЕН
2026-03-30 14:03:38,218 - INFO - [00:02:50] Стол 1: Активность=Нет, Ячеек активных=0/9, Motion=0, YOLO=0, Состояние=СВОБОДЕН
2026-03-30 14:03:38,908 - INFO - [00:02:51] Стол 1: Активность=Нет, Ячеек активных=0/9, Motion=0, YOLO=0, Состояние=СВОБОДЕН
2026-03-30 14:03:39,596 - INFO - [00:02:52] Стол 1: Активность=Нет, Ячеек активных=0/9, Motion=0, YOLO=0, Состояние=СВОБОДЕН
2026-03-30 14:03:40,288 - INFO - [00:02:54] Стол 1: Активность=Нет, Ячеек активных=0/9, Motion=0, YOLO=0, Состояние=СВОБОДЕН
2026-03-30 14:03:40,976 - INFO - [00:02:55] Стол 1: Активность=Нет, Ячеек активных=0/9, Motion=0, YOLO=0, Состояние=СВОБОДЕН
2026-03-30 14:03:41,670 - INFO - [00:02:56] Стол 1: Активность=Нет, Ячеек активных=0/9, Motion=0, YOLO=0, Состояние=СВОБОДЕН
2026-03-30 14:03:42,348 - INFO - [00:02:57] Стол 1: Активность=Нет, Ячеек активных=0/9, Motion=0, YOLO=0, Состояние=СВОБОДЕН
2026-03-30 14:03:43,052 - INFO - [00:02:58] Стол 1: Активность=Нет, Ячеек активных=0/9, Motion=0, YOLO=0, Состояние=СВОБОДЕН
2026-03-30 14:03:43,750 - INFO - [00:03:00] Стол 1: Активность=Нет, Ячеек активных=0/9, Motion=0, YOLO=0, Состояние=СВОБОДЕН
2026-03-30 14:03:44,436 - INFO - [00:03:01] Стол 1: Активность=Нет, Ячеек активных=0/9, Motion=0, YOLO=0, Состояние=СВОБОДЕН
2026-03-30 14:03:45,132 - INFO - [00:03:02] Стол 1: Активность=Нет, Ячеек активных=0/9, Motion=0, YOLO=0, Состояние=СВОБОДЕН
2026-03-30 14:03:45,817 - INFO - [00:03:03] Стол 1: Активность=Нет, Ячеек активных=0/9, Motion=0, YOLO=0, Состояние=СВОБОДЕН
2026-03-30 14:03:46,515 - INFO - [00:03:04] Стол 1: Активность=Нет, Ячеек активных=0/9, Motion=0, YOLO=0, Состояние=СВОБОДЕН
2026-03-30 14:03:47,212 - INFO - [00:03:06] Стол 1: Активность=Нет, Ячеек активных=0/9, Motion=0, YOLO=0, Состояние=СВОБОДЕН
2026-03-30 14:03:47,895 - INFO - [00:03:07] Стол 1: Активность=Нет, Ячеек активных=0/9, Motion=0, YOLO=0, Состояние=СВОБОДЕН
2026-03-30 14:03:48,591 - INFO - [00:03:08] Стол 1: Активность=Нет, Ячеек активных=0/9, Motion=0, YOLO=0, Состояние=СВОБОДЕН
2026-03-30 14:03:49,278 - INFO - [00:03:09] Стол 1: Активность=Нет, Ячеек активных=0/9, Motion=0, YOLO=0, Состояние=СВОБОДЕН
2026-03-30 14:03:49,974 - INFO - [00:03:10] Стол 1: Активность=Нет, Ячеек активных=0/9, Motion=0, YOLO=0, Состояние=СВОБОДЕН
2026-03-30 14:03:50,666 - INFO - [00:03:12] Стол 1: Активность=Нет, Ячеек активных=0/9, Motion=0, YOLO=0, Состояние=СВОБОДЕН
2026-03-30 14:03:51,350 - INFO - [00:03:13] Стол 1: Активность=Нет, Ячеек активных=0/9, Motion=0, YOLO=0, Состояние=СВОБОДЕН
2026-03-30 14:03:52,042 - INFO - [00:03:14] Стол 1: Активность=Нет, Ячеек активных=0/9, Motion=0, YOLO=0, Состояние=СВОБОДЕН
2026-03-30 14:03:52,727 - INFO - [00:03:15] Стол 1: Активность=Нет, Ячеек активных=0/9, Motion=0, YOLO=0, Состояние=СВОБОДЕН
2026-03-30 14:03:53,419 - INFO - [00:03:16] Стол 1: Активность=Нет, Ячеек активных=0/9, Motion=0, YOLO=0, Состояние=СВОБОДЕН
2026-03-30 14:03:54,114 - INFO - [00:03:18] Стол 1: Активность=Нет, Ячеек активных=0/9, Motion=0, YOLO=0, Состояние=СВОБОДЕН
2026-03-30 14:03:54,817 - INFO - [00:03:19] Стол 1: Активность=Нет, Ячеек активных=0/9, Motion=0, YOLO=0, Состояние=СВОБОДЕН
2026-03-30 14:03:55,530 - INFO - [00:03:20] Стол 1: Активность=Нет, Ячеек активных=0/9, Motion=3, YOLO=0, Состояние=СВОБОДЕН
2026-03-30 14:03:56,231 - INFO - [00:03:21] Стол 1: Активность=Нет, Ячеек активных=0/9, Motion=0, YOLO=0, Состояние=СВОБОДЕН
2026-03-30 14:03:56,933 - INFO - [00:03:22] Стол 1: Активность=Нет, Ячеек активных=0/9, Motion=0, YOLO=0, Состояние=СВОБОДЕН
2026-03-30 14:03:57,637 - INFO - [00:03:24] Стол 1: Активность=Нет, Ячеек активных=0/9, Motion=29, YOLO=0, Состояние=СВОБОДЕН
2026-03-30 14:03:58,335 - INFO - [00:03:25] Стол 1: Активность=Нет, Ячеек активных=0/9, Motion=0, YOLO=0, Состояние=СВОБОДЕН
2026-03-30 14:03:59,035 - INFO - [00:03:26] Стол 1: Активность=Нет, Ячеек активных=0/9, Motion=0, YOLO=0, Состояние=СВОБОДЕН
2026-03-30 14:03:59,733 - INFO - [00:03:27] Стол 1: Активность=Нет, Ячеек активных=0/9, Motion=0, YOLO=0, Состояние=СВОБОДЕН
2026-03-30 14:04:00,458 - INFO - [00:03:28] Стол 1: Активность=Нет, Ячеек активных=0/9, Motion=0, YOLO=0, Состояние=СВОБОДЕН
2026-03-30 14:04:01,157 - INFO - [00:03:30] Стол 1: Активность=Нет, Ячеек активных=0/9, Motion=1, YOLO=0, Состояние=СВОБОДЕН
2026-03-30 14:04:01,858 - INFO - [00:03:31] Стол 1: Активность=Нет, Ячеек активных=0/9, Motion=0, YOLO=0, Состояние=СВОБОДЕН
2026-03-30 14:04:02,574 - INFO - [00:03:32] Стол 1: Активность=Нет, Ячеек активных=0/9, Motion=0, YOLO=0, Состояние=СВОБОДЕН
2026-03-30 14:04:03,259 - INFO - [00:03:33] Стол 1: Активность=Нет, Ячеек активных=0/9, Motion=0, YOLO=0, Состояние=СВОБОДЕН
2026-03-30 14:04:03,951 - INFO - [00:03:34] Стол 1: Активность=Нет, Ячеек активных=0/9, Motion=0, YOLO=0, Состояние=СВОБОДЕН
2026-03-30 14:04:04,633 - INFO - [00:03:36] Стол 1: Активность=Нет, Ячеек активных=0/9, Motion=0, YOLO=0, Состояние=СВОБОДЕН
2026-03-30 14:04:05,314 - INFO - [00:03:37] Стол 1: Активность=Нет, Ячеек активных=0/9, Motion=0, YOLO=0, Состояние=СВОБОДЕН
2026-03-30 14:04:06,005 - INFO - [00:03:38] Стол 1: Активность=Нет, Ячеек активных=0/9, Motion=0, YOLO=0, Состояние=СВОБОДЕН
2026-03-30 14:04:06,691 - INFO - [00:03:39] Стол 1: Активность=Нет, Ячеек активных=0/9, Motion=0, YOLO=0, Состояние=СВОБОДЕН
2026-03-30 14:04:07,379 - INFO - [00:03:40] Стол 1: Активность=Нет, Ячеек активных=0/9, Motion=0, YOLO=0, Состояние=СВОБОДЕН
2026-03-30 14:04:08,063 - INFO - [00:03:42] Стол 1: Активность=Нет, Ячеек активных=0/9, Motion=0, YOLO=0, Состояние=СВОБОДЕН
2026-03-30 14:04:08,746 - INFO - [00:03:43] Стол 1: Активность=Нет, Ячеек активных=0/9, Motion=0, YOLO=0, Состояние=СВОБОДЕН
2026-03-30 14:04:09,432 - INFO - [00:03:44] Стол 1: Активность=Нет, Ячеек активных=0/9, Motion=0, YOLO=0, Состояние=СВОБОДЕН
2026-03-30 14:04:10,113 - INFO - [00:03:45] Стол 1: Активность=Нет, Ячеек активных=0/9, Motion=0, YOLO=0, Состояние=СВОБОДЕН
2026-03-30 14:04:10,813 - INFO - [00:03:46] Стол 1: Активность=Нет, Ячеек активных=0/9, Motion=3, YOLO=0, Состояние=СВОБОДЕН
2026-03-30 14:04:11,505 - INFO - [00:03:48] Стол 1: Активность=Нет, Ячеек активных=0/9, Motion=0, YOLO=0, Состояние=СВОБОДЕН
2026-03-30 14:04:12,190 - INFO - [00:03:49] Стол 1: Активность=Нет, Ячеек активных=0/9, Motion=0, YOLO=0, Состояние=СВОБОДЕН
2026-03-30 14:04:12,877 - INFO - [00:03:50] Стол 1: Активность=Нет, Ячеек активных=0/9, Motion=0, YOLO=0, Состояние=СВОБОДЕН
2026-03-30 14:04:13,559 - INFO - [00:03:51] Стол 1: Активность=Нет, Ячеек активных=0/9, Motion=7, YOLO=0, Состояние=СВОБОДЕН
2026-03-30 14:04:14,270 - INFO - [00:03:52] Стол 1: Активность=Нет, Ячеек активных=0/9, Motion=0, YOLO=0, Состояние=СВОБОДЕН
2026-03-30 14:04:14,965 - INFO - [00:03:54] Стол 1: Активность=Нет, Ячеек активных=0/9, Motion=0, YOLO=0, Состояние=СВОБОДЕН
2026-03-30 14:04:15,666 - INFO - [00:03:55] Стол 1: Активность=Нет, Ячеек активных=0/9, Motion=0, YOLO=0, Состояние=СВОБОДЕН
2026-03-30 14:04:16,363 - INFO - [00:03:56] Стол 1: Активность=Нет, Ячеек активных=0/9, Motion=0, YOLO=0, Состояние=СВОБОДЕН
2026-03-30 14:04:17,047 - INFO - [00:03:57] Стол 1: Активность=Нет, Ячеек активных=0/9, Motion=0, YOLO=0, Состояние=СВОБОДЕН
2026-03-30 14:04:17,741 - INFO - [00:03:58] Стол 1: Активность=Нет, Ячеек активных=0/9, Motion=0, YOLO=0, Состояние=СВОБОДЕН
2026-03-30 14:04:18,427 - INFO - [00:04:00] Стол 1: Активность=Нет, Ячеек активных=0/9, Motion=0, YOLO=0, Состояние=СВОБОДЕН
2026-03-30 14:04:19,119 - INFO - [00:04:01] Стол 1: Активность=Нет, Ячеек активных=0/9, Motion=0, YOLO=0, Состояние=СВОБОДЕН
2026-03-30 14:04:19,821 - INFO - [00:04:02] Стол 1: Активность=Нет, Ячеек активных=0/9, Motion=0, YOLO=0, Состояние=СВОБОДЕН
2026-03-30 14:04:20,522 - INFO - [00:04:03] Стол 1: Активность=Нет, Ячеек активных=0/9, Motion=0, YOLO=0, Состояние=СВОБОДЕН
2026-03-30 14:04:21,224 - INFO - [00:04:04] Стол 1: Активность=Нет, Ячеек активных=0/9, Motion=0, YOLO=0, Состояние=СВОБОДЕН
2026-03-30 14:04:21,921 - INFO - [00:04:06] Стол 1: Активность=Нет, Ячеек активных=0/9, Motion=0, YOLO=0, Состояние=СВОБОДЕН
2026-03-30 14:04:22,617 - INFO - [00:04:07] Стол 1: Активность=Нет, Ячеек активных=0/9, Motion=0, YOLO=0, Состояние=СВОБОДЕН
2026-03-30 14:04:23,315 - INFO - [00:04:08] Стол 1: Активность=Нет, Ячеек активных=0/9, Motion=0, YOLO=0, Состояние=СВОБОДЕН
2026-03-30 14:04:23,995 - INFO - [00:04:09] Стол 1: Активность=Нет, Ячеек активных=0/9, Motion=0, YOLO=0, Состояние=СВОБОДЕН
2026-03-30 14:04:24,691 - INFO - [00:04:10] Стол 1: Активность=Нет, Ячеек активных=0/9, Motion=0, YOLO=0, Состояние=СВОБОДЕН
2026-03-30 14:04:25,376 - INFO - [00:04:12] Стол 1: Активность=Нет, Ячеек активных=0/9, Motion=0, YOLO=0, Состояние=СВОБОДЕН
2026-03-30 14:04:26,098 - INFO - [00:04:13] Стол 1: Активность=Нет, Ячеек активных=0/9, Motion=0, YOLO=0, Состояние=СВОБОДЕН
2026-03-30 14:04:26,789 - INFO - [00:04:14] Стол 1: Активность=Нет, Ячеек активных=0/9, Motion=0, YOLO=0, Состояние=СВОБОДЕН
2026-03-30 14:04:27,486 - INFO - [00:04:15] Стол 1: Активность=Нет, Ячеек активных=0/9, Motion=0, YOLO=0, Состояние=СВОБОДЕН
2026-03-30 14:04:28,179 - INFO - [00:04:16] Стол 1: Активность=Нет, Ячеек активных=0/9, Motion=0, YOLO=0, Состояние=СВОБОДЕН
2026-03-30 14:04:28,871 - INFO - [00:04:18] Стол 1: Активность=Нет, Ячеек активных=0/9, Motion=0, YOLO=0, Состояние=СВОБОДЕН
2026-03-30 14:04:29,555 - INFO - [00:04:19] Стол 1: Активность=Нет, Ячеек активных=0/9, Motion=0, YOLO=0, Состояние=СВОБОДЕН
2026-03-30 14:04:30,246 - INFO - [00:04:20] Стол 1: Активность=Нет, Ячеек активных=0/9, Motion=0, YOLO=0, Состояние=СВОБОДЕН
2026-03-30 14:04:30,937 - INFO - [00:04:21] Стол 1: Активность=Нет, Ячеек активных=0/9, Motion=0, YOLO=0, Состояние=СВОБОДЕН
2026-03-30 14:04:31,631 - INFO - [00:04:22] Стол 1: Активность=Нет, Ячеек активных=0/9, Motion=0, YOLO=0, Состояние=СВОБОДЕН
2026-03-30 14:04:32,328 - INFO - [00:04:24] Стол 1: Активность=Нет, Ячеек активных=0/9, Motion=0, YOLO=0, Состояние=СВОБОДЕН
2026-03-30 14:04:33,018 - INFO - [00:04:25] Стол 1: Активность=Нет, Ячеек активных=0/9, Motion=0, YOLO=0, Состояние=СВОБОДЕН
2026-03-30 14:04:33,711 - INFO - [00:04:26] Стол 1: Активность=Нет, Ячеек активных=0/9, Motion=0, YOLO=0, Состояние=СВОБОДЕН
2026-03-30 14:04:34,412 - INFO - [00:04:27] Стол 1: Активность=Нет, Ячеек активных=0/9, Motion=0, YOLO=0, Состояние=СВОБОДЕН
2026-03-30 14:04:35,114 - INFO - [00:04:28] Стол 1: Активность=Нет, Ячеек активных=0/9, Motion=0, YOLO=0, Состояние=СВОБОДЕН
2026-03-30 14:04:35,817 - INFO - [00:04:30] Стол 1: Активность=Нет, Ячеек активных=0/9, Motion=0, YOLO=0, Состояние=СВОБОДЕН
2026-03-30 14:04:36,520 - INFO - [00:04:31] Стол 1: Активность=Нет, Ячеек активных=0/9, Motion=0, YOLO=0, Состояние=СВОБОДЕН
2026-03-30 14:04:37,241 - INFO - [00:04:32] Стол 1: Активность=Нет, Ячеек активных=0/9, Motion=0, YOLO=0, Состояние=СВОБОДЕН
2026-03-30 14:04:37,937 - INFO - [00:04:33] Стол 1: Активность=Нет, Ячеек активных=0/9, Motion=0, YOLO=0, Состояние=СВОБОДЕН
2026-03-30 14:04:38,639 - INFO - [00:04:34] Стол 1: Активность=Нет, Ячеек активных=0/9, Motion=0, YOLO=0, Состояние=СВОБОДЕН
2026-03-30 14:04:39,337 - INFO - [00:04:36] Стол 1: Активность=Нет, Ячеек активных=0/9, Motion=0, YOLO=0, Состояние=СВОБОДЕН
2026-03-30 14:04:40,050 - INFO - [00:04:37] Стол 1: Активность=Нет, Ячеек активных=0/9, Motion=0, YOLO=0, Состояние=СВОБОДЕН
2026-03-30 14:04:40,762 - INFO - [00:04:38] Стол 1: Активность=Нет, Ячеек активных=0/9, Motion=0, YOLO=0, Состояние=СВОБОДЕН
2026-03-30 14:04:41,448 - INFO - [00:04:39] Стол 1: Активность=Нет, Ячеек активных=0/9, Motion=0, YOLO=0, Состояние=СВОБОДЕН
2026-03-30 14:04:42,145 - INFO - [00:04:40] Стол 1: Активность=Нет, Ячеек активных=0/9, Motion=0, YOLO=0, Состояние=СВОБОДЕН
2026-03-30 14:04:42,852 - INFO - [00:04:42] Стол 1: Активность=Нет, Ячеек активных=0/9, Motion=0, YOLO=0, Состояние=СВОБОДЕН
2026-03-30 14:04:43,549 - INFO - [00:04:43] Стол 1: Активность=Нет, Ячеек активных=0/9, Motion=0, YOLO=0, Состояние=СВОБОДЕН
2026-03-30 14:04:44,251 - INFO - [00:04:44] Стол 1: Активность=Нет, Ячеек активных=0/9, Motion=0, YOLO=0, Состояние=СВОБОДЕН
2026-03-30 14:04:44,944 - INFO - [00:04:45] Стол 1: Активность=Нет, Ячеек активных=0/9, Motion=0, YOLO=0, Состояние=СВОБОДЕН
2026-03-30 14:04:45,646 - INFO - [00:04:46] Стол 1: Активность=Нет, Ячеек активных=0/9, Motion=0, YOLO=0, Состояние=СВОБОДЕН
2026-03-30 14:04:46,343 - INFO - [00:04:48] Стол 1: Активность=Нет, Ячеек активных=0/9, Motion=0, YOLO=0, Состояние=СВОБОДЕН
2026-03-30 14:04:47,033 - INFO - [00:04:49] Стол 1: Активность=Нет, Ячеек активных=0/9, Motion=0, YOLO=0, Состояние=СВОБОДЕН
2026-03-30 14:04:47,735 - INFO - [00:04:50] Стол 1: Активность=Нет, Ячеек активных=0/9, Motion=0, YOLO=0, Состояние=СВОБОДЕН
2026-03-30 14:04:48,438 - INFO - [00:04:51] Стол 1: Активность=Нет, Ячеек активных=0/9, Motion=0, YOLO=0, Состояние=СВОБОДЕН
2026-03-30 14:04:49,137 - INFO - [00:04:52] Стол 1: Активность=Нет, Ячеек активных=0/9, Motion=0, YOLO=0, Состояние=СВОБОДЕН
2026-03-30 14:04:49,824 - INFO - [00:04:54] Стол 1: Активность=Нет, Ячеек активных=0/9, Motion=0, YOLO=0, Состояние=СВОБОДЕН
2026-03-30 14:04:50,517 - INFO - [00:04:55] Стол 1: Активность=Нет, Ячеек активных=0/9, Motion=0, YOLO=0, Состояние=СВОБОДЕН
2026-03-30 14:04:51,215 - INFO - [00:04:56] Стол 1: Активность=Нет, Ячеек активных=0/9, Motion=0, YOLO=0, Состояние=СВОБОДЕН
2026-03-30 14:04:51,895 - INFO - [00:04:57] Стол 1: Активность=Нет, Ячеек активных=0/9, Motion=0, YOLO=0, Состояние=СВОБОДЕН
2026-03-30 14:04:52,603 - INFO - [00:04:58] Стол 1: Активность=Нет, Ячеек активных=0/9, Motion=0, YOLO=0, Состояние=СВОБОДЕН
2026-03-30 14:04:53,289 - INFO - [00:05:00] Стол 1: Активность=Нет, Ячеек активных=0/9, Motion=0, YOLO=0, Состояние=СВОБОДЕН
2026-03-30 14:04:53,981 - INFO - [00:05:01] Стол 1: Активность=Нет, Ячеек активных=0/9, Motion=0, YOLO=0, Состояние=СВОБОДЕН
2026-03-30 14:04:54,673 - INFO - [00:05:02] Стол 1: Активность=Нет, Ячеек активных=0/9, Motion=0, YOLO=0, Состояние=СВОБОДЕН
2026-03-30 14:04:55,357 - INFO - [00:05:03] Стол 1: Активность=Нет, Ячеек активных=0/9, Motion=0, YOLO=0, Состояние=СВОБОДЕН
2026-03-30 14:04:56,052 - INFO - [00:05:04] Стол 1: Активность=Нет, Ячеек активных=0/9, Motion=21, YOLO=0, Состояние=СВОБОДЕН
2026-03-30 14:04:56,740 - INFO - [00:05:06] Стол 1: Активность=Нет, Ячеек активных=0/9, Motion=0, YOLO=0, Состояние=СВОБОДЕН
2026-03-30 14:04:57,499 - INFO - [00:05:07] Стол 1: Активность=Нет, Ячеек активных=0/9, Motion=1, YOLO=0, Состояние=СВОБОДЕН
2026-03-30 14:04:58,225 - INFO - [00:05:08] Стол 1: Активность=Нет, Ячеек активных=0/9, Motion=2, YOLO=0, Состояние=СВОБОДЕН
2026-03-30 14:04:58,923 - INFO - [00:05:09] Стол 1: Активность=Нет, Ячеек активных=0/9, Motion=0, YOLO=0, Состояние=СВОБОДЕН
2026-03-30 14:04:59,683 - INFO - [00:05:10] Стол 1: Активность=Нет, Ячеек активных=0/9, Motion=0, YOLO=0, Состояние=СВОБОДЕН
2026-03-30 14:05:00,391 - INFO - [00:05:12] Стол 1: Активность=Нет, Ячеек активных=0/9, Motion=54, YOLO=0, Состояние=СВОБОДЕН
2026-03-30 14:05:01,097 - INFO - [00:05:13] Стол 1: Активность=Нет, Ячеек активных=0/9, Motion=0, YOLO=0, Состояние=СВОБОДЕН
2026-03-30 14:05:01,786 - INFO - [00:05:14] Стол 1: Активность=Нет, Ячеек активных=0/9, Motion=345, YOLO=0, Состояние=СВОБОДЕН
2026-03-30 14:05:02,482 - INFO - [00:05:15] Стол 1: Активность=Нет, Ячеек активных=0/9, Motion=1719, YOLO=0, Состояние=СВОБОДЕН
2026-03-30 14:05:03,177 - INFO - [00:05:16] Стол 1: Активность=Нет, Ячеек активных=0/9, Motion=1398, YOLO=0, Состояние=СВОБОДЕН
2026-03-30 14:05:03,866 - INFO - [00:05:18] Стол 1: Активность=Нет, Ячеек активных=0/9, Motion=144, YOLO=0, Состояние=СВОБОДЕН
2026-03-30 14:05:04,565 - INFO - [00:05:19] Стол 1: Активность=Нет, Ячеек активных=0/9, Motion=69, YOLO=0, Состояние=СВОБОДЕН
2026-03-30 14:05:05,272 - INFO - [00:05:20] Стол 1: Активность=Нет, Ячеек активных=0/9, Motion=3, YOLO=0, Состояние=СВОБОДЕН
2026-03-30 14:05:05,978 - INFO - [00:05:21] Стол 1: Активность=Нет, Ячеек активных=0/9, Motion=5, YOLO=0, Состояние=СВОБОДЕН
2026-03-30 14:05:06,700 - INFO - [00:05:22] Стол 1: Активность=Нет, Ячеек активных=0/9, Motion=83, YOLO=0, Состояние=СВОБОДЕН
2026-03-30 14:05:07,404 - INFO - [00:05:24] Стол 1: Активность=Нет, Ячеек активных=0/9, Motion=504, YOLO=0, Состояние=СВОБОДЕН
2026-03-30 14:05:08,096 - INFO - [00:05:25] Стол 1: Активность=Нет, Ячеек активных=0/9, Motion=906, YOLO=0, Состояние=СВОБОДЕН
2026-03-30 14:05:08,794 - INFO - [00:05:26] Стол 1: Активность=Нет, Ячеек активных=0/9, Motion=1174, YOLO=0, Состояние=СВОБОДЕН
2026-03-30 14:05:09,488 - INFO - [00:05:27] Стол 1: Активность=Нет, Ячеек активных=0/9, Motion=977, YOLO=0, Состояние=СВОБОДЕН
2026-03-30 14:05:10,195 - INFO - [00:05:28] Стол 1: Активность=Нет, Ячеек активных=0/9, Motion=1181, YOLO=0, Состояние=СВОБОДЕН
2026-03-30 14:05:10,907 - INFO - [00:05:30] Стол 1: Активность=Нет, Ячеек активных=0/9, Motion=404, YOLO=0, Состояние=СВОБОДЕН
2026-03-30 14:05:11,601 - INFO - [00:05:31] Стол 1: Активность=Нет, Ячеек активных=0/9, Motion=19, YOLO=0, Состояние=СВОБОДЕН
2026-03-30 14:05:12,301 - INFO - [00:05:32] Стол 1: Активность=Нет, Ячеек активных=0/9, Motion=80, YOLO=0, Состояние=СВОБОДЕН
2026-03-30 14:05:12,987 - INFO - [00:05:33] Стол 1: Активность=Нет, Ячеек активных=0/9, Motion=694, YOLO=0, Состояние=СВОБОДЕН
2026-03-30 14:05:13,698 - INFO - [00:05:34] Стол 1: Активность=Нет, Ячеек активных=0/9, Motion=1151, YOLO=0, Состояние=СВОБОДЕН
2026-03-30 14:05:14,418 - INFO - [00:05:36] Стол 1: Активность=Нет, Ячеек активных=0/9, Motion=1798, YOLO=0, Состояние=СВОБОДЕН
2026-03-30 14:05:15,116 - INFO - [00:05:37] Стол 1: Активность=Нет, Ячеек активных=0/9, Motion=1904, YOLO=0, Состояние=СВОБОДЕН
2026-03-30 14:05:15,814 - INFO - [00:05:38] Стол 1: Активность=Нет, Ячеек активных=0/9, Motion=1640, YOLO=0, Состояние=СВОБОДЕН
2026-03-30 14:05:16,508 - INFO - [00:05:39] Стол 1: Активность=Нет, Ячеек активных=0/9, Motion=1257, YOLO=0, Состояние=СВОБОДЕН
2026-03-30 14:05:17,241 - INFO - [00:05:40] Стол 1: Активность=Нет, Ячеек активных=0/9, Motion=513, YOLO=0, Состояние=СВОБОДЕН
2026-03-30 14:05:18,082 - INFO - [00:05:42] Стол 1: Активность=Нет, Ячеек активных=0/9, Motion=55, YOLO=0, Состояние=СВОБОДЕН
2026-03-30 14:05:18,809 - INFO - [00:05:43] Стол 1: Активность=Нет, Ячеек активных=0/9, Motion=14, YOLO=0, Состояние=СВОБОДЕН
2026-03-30 14:05:19,518 - INFO - [00:05:44] Стол 1: Активность=Нет, Ячеек активных=0/9, Motion=50, YOLO=0, Состояние=СВОБОДЕН
2026-03-30 14:05:20,231 - INFO - [00:05:45] Стол 1: Активность=Нет, Ячеек активных=0/9, Motion=857, YOLO=0, Состояние=СВОБОДЕН
2026-03-30 14:05:20,948 - INFO - [00:05:46] Стол 1: Активность=Нет, Ячеек активных=0/9, Motion=1207, YOLO=0, Состояние=СВОБОДЕН
2026-03-30 14:05:21,644 - INFO - [00:05:48] Стол 1: Активность=Нет, Ячеек активных=0/9, Motion=1467, YOLO=0, Состояние=СВОБОДЕН
2026-03-30 14:05:22,342 - INFO - [00:05:49] Стол 1: Активность=Нет, Ячеек активных=0/9, Motion=1235, YOLO=0, Состояние=СВОБОДЕН
2026-03-30 14:05:23,046 - INFO - [00:05:50] Стол 1: Активность=Нет, Ячеек активных=0/9, Motion=1166, YOLO=0, Состояние=СВОБОДЕН
2026-03-30 14:05:23,743 - INFO - [00:05:51] Стол 1: Активность=Нет, Ячеек активных=0/9, Motion=489, YOLO=0, Состояние=СВОБОДЕН
2026-03-30 14:05:24,460 - INFO - [00:05:52] Стол 1: Активность=Нет, Ячеек активных=0/9, Motion=25, YOLO=0, Состояние=СВОБОДЕН
2026-03-30 14:05:25,174 - INFO - [00:05:54] Стол 1: Активность=Нет, Ячеек активных=0/9, Motion=0, YOLO=0, Состояние=СВОБОДЕН
2026-03-30 14:05:25,879 - INFO - [00:05:55] Стол 1: Активность=Нет, Ячеек активных=0/9, Motion=63, YOLO=0, Состояние=СВОБОДЕН
2026-03-30 14:05:26,587 - INFO - [00:05:56] Стол 1: Активность=Нет, Ячеек активных=0/9, Motion=263, YOLO=0, Состояние=СВОБОДЕН
2026-03-30 14:05:27,278 - INFO - [00:05:57] Стол 1: Активность=Нет, Ячеек активных=0/9, Motion=930, YOLO=0, Состояние=СВОБОДЕН
2026-03-30 14:05:28,351 - INFO - [00:05:58] Стол 1: Активность=Нет, Ячеек активных=0/9, Motion=738, YOLO=0, Состояние=СВОБОДЕН
2026-03-30 14:05:29,115 - INFO - [00:06:00] Стол 1: Активность=Нет, Ячеек активных=0/9, Motion=735, YOLO=0, Состояние=СВОБОДЕН
2026-03-30 14:05:29,819 - INFO - [00:06:01] Стол 1: Активность=Нет, Ячеек активных=0/9, Motion=817, YOLO=0, Состояние=СВОБОДЕН
2026-03-30 14:05:30,525 - INFO - [00:06:02] Стол 1: Активность=Нет, Ячеек активных=0/9, Motion=81, YOLO=0, Состояние=СВОБОДЕН
2026-03-30 14:05:31,228 - INFO - [00:06:03] Стол 1: Активность=Нет, Ячеек активных=0/9, Motion=280, YOLO=0, Состояние=СВОБОДЕН
2026-03-30 14:05:31,929 - INFO - [00:06:04] Стол 1: Активность=Нет, Ячеек активных=0/9, Motion=0, YOLO=0, Состояние=СВОБОДЕН
2026-03-30 14:05:32,632 - INFO - [00:06:06] Стол 1: Активность=Нет, Ячеек активных=0/9, Motion=0, YOLO=0, Состояние=СВОБОДЕН
2026-03-30 14:05:33,340 - INFO - [00:06:07] Стол 1: Активность=Нет, Ячеек активных=0/9, Motion=97, YOLO=0, Состояние=СВОБОДЕН
2026-03-30 14:05:34,047 - INFO - [00:06:08] Стол 1: Активность=Нет, Ячеек активных=0/9, Motion=240, YOLO=0, Состояние=СВОБОДЕН
2026-03-30 14:05:34,744 - INFO - [00:06:09] Стол 1: Активность=Нет, Ячеек активных=0/9, Motion=375, YOLO=0, Состояние=СВОБОДЕН
2026-03-30 14:05:35,454 - INFO - [00:06:10] Стол 1: Активность=Нет, Ячеек активных=0/9, Motion=364, YOLO=0, Состояние=СВОБОДЕН
2026-03-30 14:05:36,150 - INFO - [00:06:12] Стол 1: Активность=Нет, Ячеек активных=0/9, Motion=225, YOLO=0, Состояние=СВОБОДЕН
2026-03-30 14:05:36,845 - INFO - [00:06:13] Стол 1: Активность=Нет, Ячеек активных=0/9, Motion=165, YOLO=0, Состояние=СВОБОДЕН
2026-03-30 14:05:37,551 - INFO - [00:06:14] Стол 1: Активность=Нет, Ячеек активных=0/9, Motion=0, YOLO=0, Состояние=СВОБОДЕН
2026-03-30 14:05:38,246 - INFO - [00:06:15] Стол 1: Активность=Нет, Ячеек активных=0/9, Motion=60, YOLO=0, Состояние=СВОБОДЕН
2026-03-30 14:05:38,949 - INFO - [00:06:16] Стол 1: Активность=Нет, Ячеек активных=0/9, Motion=30, YOLO=0, Состояние=СВОБОДЕН
2026-03-30 14:05:39,648 - INFO - [00:06:18] Стол 1: Активность=Нет, Ячеек активных=0/9, Motion=48, YOLO=0, Состояние=СВОБОДЕН
2026-03-30 14:05:40,351 - INFO - [00:06:19] Стол 1: Активность=Нет, Ячеек активных=0/9, Motion=48, YOLO=0, Состояние=СВОБОДЕН
2026-03-30 14:05:41,065 - INFO - [00:06:20] Стол 1: Активность=Нет, Ячеек активных=0/9, Motion=399, YOLO=0, Состояние=СВОБОДЕН
2026-03-30 14:05:41,761 - INFO - [00:06:21] Стол 1: Активность=Нет, Ячеек активных=0/9, Motion=225, YOLO=0, Состояние=СВОБОДЕН
2026-03-30 14:05:42,473 - INFO - [00:06:22] Стол 1: Активность=Нет, Ячеек активных=0/9, Motion=2, YOLO=0, Состояние=СВОБОДЕН
2026-03-30 14:05:43,179 - INFO - [00:06:24] Стол 1: Активность=Нет, Ячеек активных=0/9, Motion=1, YOLO=0, Состояние=СВОБОДЕН
2026-03-30 14:05:43,868 - INFO - [00:06:25] Стол 1: Активность=Нет, Ячеек активных=0/9, Motion=0, YOLO=0, Состояние=СВОБОДЕН
2026-03-30 14:05:44,565 - INFO - [00:06:26] Стол 1: Активность=Нет, Ячеек активных=0/9, Motion=0, YOLO=0, Состояние=СВОБОДЕН
2026-03-30 14:05:45,259 - INFO - [00:06:27] Стол 1: Активность=Нет, Ячеек активных=0/9, Motion=92, YOLO=0, Состояние=СВОБОДЕН
2026-03-30 14:05:45,968 - INFO - [00:06:28] Стол 1: Активность=Нет, Ячеек активных=0/9, Motion=12, YOLO=0, Состояние=СВОБОДЕН
2026-03-30 14:05:46,661 - INFO - [00:06:30] Стол 1: Активность=Нет, Ячеек активных=0/9, Motion=206, YOLO=0, Состояние=СВОБОДЕН
2026-03-30 14:05:47,362 - INFO - [00:06:31] Стол 1: Активность=Нет, Ячеек активных=0/9, Motion=70, YOLO=0, Состояние=СВОБОДЕН
2026-03-30 14:05:48,062 - INFO - [00:06:32] Стол 1: Активность=Нет, Ячеек активных=0/9, Motion=42, YOLO=0, Состояние=СВОБОДЕН
2026-03-30 14:05:48,764 - INFO - [00:06:33] Стол 1: Активность=Нет, Ячеек активных=0/9, Motion=16, YOLO=0, Состояние=СВОБОДЕН
2026-03-30 14:05:49,467 - INFO - [00:06:34] Стол 1: Активность=Нет, Ячеек активных=0/9, Motion=0, YOLO=0, Состояние=СВОБОДЕН
2026-03-30 14:05:50,165 - INFO - [00:06:36] Стол 1: Активность=Нет, Ячеек активных=0/9, Motion=0, YOLO=0, Состояние=СВОБОДЕН
2026-03-30 14:05:50,877 - INFO - [00:06:37] Стол 1: Активность=Нет, Ячеек активных=0/9, Motion=0, YOLO=0, Состояние=СВОБОДЕН
2026-03-30 14:05:51,580 - INFO - [00:06:38] Стол 1: Активность=Нет, Ячеек активных=0/9, Motion=6, YOLO=0, Состояние=СВОБОДЕН
2026-03-30 14:05:52,276 - INFO - [00:06:39] Стол 1: Активность=Нет, Ячеек активных=0/9, Motion=58, YOLO=0, Состояние=СВОБОДЕН
2026-03-30 14:05:52,986 - INFO - [00:06:40] Стол 1: Активность=Нет, Ячеек активных=0/9, Motion=23, YOLO=0, Состояние=СВОБОДЕН
2026-03-30 14:05:53,696 - INFO - [00:06:42] Стол 1: Активность=Нет, Ячеек активных=0/9, Motion=201, YOLO=0, Состояние=СВОБОДЕН
2026-03-30 14:05:54,410 - INFO - [00:06:43] Стол 1: Активность=Нет, Ячеек активных=0/9, Motion=11, YOLO=0, Состояние=СВОБОДЕН
2026-03-30 14:05:55,123 - INFO - [00:06:44] Стол 1: Активность=Нет, Ячеек активных=0/9, Motion=1, YOLO=0, Состояние=СВОБОДЕН
2026-03-30 14:05:55,823 - INFO - [00:06:45] Стол 1: Активность=Нет, Ячеек активных=0/9, Motion=1, YOLO=0, Состояние=СВОБОДЕН
2026-03-30 14:05:56,534 - INFO - [00:06:46] Стол 1: Активность=Нет, Ячеек активных=0/9, Motion=0, YOLO=0, Состояние=СВОБОДЕН
2026-03-30 14:05:57,236 - INFO - [00:06:48] Стол 1: Активность=Нет, Ячеек активных=0/9, Motion=0, YOLO=0, Состояние=СВОБОДЕН
2026-03-30 14:05:57,935 - INFO - [00:06:49] Стол 1: Активность=Нет, Ячеек активных=0/9, Motion=0, YOLO=0, Состояние=СВОБОДЕН
2026-03-30 14:05:58,647 - INFO - [00:06:50] Стол 1: Активность=Нет, Ячеек активных=0/9, Motion=5, YOLO=0, Состояние=СВОБОДЕН
2026-03-30 14:05:59,349 - INFO - [00:06:51] Стол 1: Активность=Нет, Ячеек активных=0/9, Motion=35, YOLO=0, Состояние=СВОБОДЕН
2026-03-30 14:06:00,066 - INFO - [00:06:52] Стол 1: Активность=Нет, Ячеек активных=0/9, Motion=1, YOLO=0, Состояние=СВОБОДЕН
2026-03-30 14:06:00,793 - INFO - [00:06:54] Стол 1: Активность=Нет, Ячеек активных=0/9, Motion=88, YOLO=0, Состояние=СВОБОДЕН
2026-03-30 14:06:01,497 - INFO - [00:06:55] Стол 1: Активность=Нет, Ячеек активных=0/9, Motion=0, YOLO=0, Состояние=СВОБОДЕН
2026-03-30 14:06:02,204 - INFO - [00:06:56] Стол 1: Активность=Нет, Ячеек активных=0/9, Motion=1, YOLO=0, Состояние=СВОБОДЕН
2026-03-30 14:06:02,903 - INFO - [00:06:57] Стол 1: Активность=Нет, Ячеек активных=0/9, Motion=0, YOLO=0, Состояние=СВОБОДЕН
2026-03-30 14:06:03,613 - INFO - [00:06:58] Стол 1: Активность=Нет, Ячеек активных=0/9, Motion=0, YOLO=0, Состояние=СВОБОДЕН
2026-03-30 14:06:04,339 - INFO - [00:07:00] Стол 1: Активность=Нет, Ячеек активных=0/9, Motion=0, YOLO=0, Состояние=СВОБОДЕН
2026-03-30 14:06:05,044 - INFO - [00:07:01] Стол 1: Активность=Нет, Ячеек активных=0/9, Motion=1, YOLO=0, Состояние=СВОБОДЕН
2026-03-30 14:06:05,752 - INFO - [00:07:02] Стол 1: Активность=Нет, Ячеек активных=0/9, Motion=0, YOLO=0, Состояние=СВОБОДЕН
2026-03-30 14:06:06,447 - INFO - [00:07:03] Стол 1: Активность=Нет, Ячеек активных=0/9, Motion=19, YOLO=0, Состояние=СВОБОДЕН
2026-03-30 14:06:07,143 - INFO - [00:07:04] Стол 1: Активность=Нет, Ячеек активных=0/9, Motion=0, YOLO=0, Состояние=СВОБОДЕН
2026-03-30 14:06:07,837 - INFO - [00:07:06] Стол 1: Активность=Нет, Ячеек активных=0/9, Motion=48, YOLO=0, Состояние=СВОБОДЕН
2026-03-30 14:06:08,535 - INFO - [00:07:07] Стол 1: Активность=Нет, Ячеек активных=0/9, Motion=15, YOLO=0, Состояние=СВОБОДЕН
2026-03-30 14:06:09,238 - INFO - [00:07:08] Стол 1: Активность=Нет, Ячеек активных=0/9, Motion=0, YOLO=0, Состояние=СВОБОДЕН
2026-03-30 14:06:09,924 - INFO - [00:07:09] Стол 1: Активность=Нет, Ячеек активных=0/9, Motion=0, YOLO=0, Состояние=СВОБОДЕН
2026-03-30 14:06:10,636 - INFO - [00:07:10] Стол 1: Активность=Нет, Ячеек активных=0/9, Motion=0, YOLO=0, Состояние=СВОБОДЕН
2026-03-30 14:06:11,347 - INFO - [00:07:12] Стол 1: Активность=Нет, Ячеек активных=0/9, Motion=0, YOLO=0, Состояние=СВОБОДЕН
2026-03-30 14:06:12,051 - INFO - [00:07:13] Стол 1: Активность=Нет, Ячеек активных=0/9, Motion=0, YOLO=0, Состояние=СВОБОДЕН
2026-03-30 14:06:12,752 - INFO - [00:07:14] Стол 1: Активность=Нет, Ячеек активных=0/9, Motion=0, YOLO=0, Состояние=СВОБОДЕН
2026-03-30 14:06:13,452 - INFO - [00:07:15] Стол 1: Активность=Нет, Ячеек активных=0/9, Motion=0, YOLO=0, Состояние=СВОБОДЕН
2026-03-30 14:06:14,295 - INFO - [00:07:16] Стол 1: Активность=Нет, Ячеек активных=0/9, Motion=24, YOLO=0, Состояние=СВОБОДЕН
2026-03-30 14:06:15,058 - INFO - [00:07:18] Стол 1: Активность=Нет, Ячеек активных=0/9, Motion=0, YOLO=0, Состояние=СВОБОДЕН
2026-03-30 14:06:15,769 - INFO - [00:07:19] Стол 1: Активность=Нет, Ячеек активных=0/9, Motion=4, YOLO=0, Состояние=СВОБОДЕН
2026-03-30 14:06:16,484 - INFO - [00:07:20] Стол 1: Активность=Нет, Ячеек активных=0/9, Motion=0, YOLO=0, Состояние=СВОБОДЕН
2026-03-30 14:06:17,183 - INFO - [00:07:21] Стол 1: Активность=Нет, Ячеек активных=0/9, Motion=0, YOLO=0, Состояние=СВОБОДЕН
2026-03-30 14:06:17,883 - INFO - [00:07:22] Стол 1: Активность=Нет, Ячеек активных=0/9, Motion=0, YOLO=0, Состояние=СВОБОДЕН
2026-03-30 14:06:18,576 - INFO - [00:07:24] Стол 1: Активность=Нет, Ячеек активных=0/9, Motion=0, YOLO=0, Состояние=СВОБОДЕН
2026-03-30 14:06:19,274 - INFO - [00:07:25] Стол 1: Активность=Нет, Ячеек активных=0/9, Motion=0, YOLO=0, Состояние=СВОБОДЕН
2026-03-30 14:06:19,967 - INFO - [00:07:26] Стол 1: Активность=Нет, Ячеек активных=0/9, Motion=0, YOLO=0, Состояние=СВОБОДЕН
2026-03-30 14:06:20,664 - INFO - [00:07:27] Стол 1: Активность=Нет, Ячеек активных=0/9, Motion=1, YOLO=0, Состояние=СВОБОДЕН
2026-03-30 14:06:21,392 - INFO - [00:07:28] Стол 1: Активность=Нет, Ячеек активных=0/9, Motion=12, YOLO=0, Состояние=СВОБОДЕН
2026-03-30 14:06:22,105 - INFO - [00:07:30] Стол 1: Активность=Нет, Ячеек активных=0/9, Motion=0, YOLO=0, Состояние=СВОБОДЕН
2026-03-30 14:06:22,819 - INFO - [00:07:31] Стол 1: Активность=Нет, Ячеек активных=0/9, Motion=0, YOLO=0, Состояние=СВОБОДЕН
2026-03-30 14:06:23,536 - INFO - [00:07:32] Стол 1: Активность=Нет, Ячеек активных=0/9, Motion=0, YOLO=0, Состояние=СВОБОДЕН
2026-03-30 14:06:24,224 - INFO - [00:07:33] Стол 1: Активность=Нет, Ячеек активных=0/9, Motion=0, YOLO=0, Состояние=СВОБОДЕН
2026-03-30 14:06:24,931 - INFO - [00:07:34] Стол 1: Активность=Нет, Ячеек активных=0/9, Motion=99, YOLO=0, Состояние=СВОБОДЕН
2026-03-30 14:06:25,635 - INFO - [00:07:36] Стол 1: Активность=Нет, Ячеек активных=0/9, Motion=76, YOLO=0, Состояние=СВОБОДЕН
2026-03-30 14:06:26,337 - INFO - [00:07:37] Стол 1: Активность=Нет, Ячеек активных=0/9, Motion=574, YOLO=0, Состояние=СВОБОДЕН
2026-03-30 14:06:27,035 - INFO - [00:07:38] Стол 1: Активность=Нет, Ячеек активных=0/9, Motion=173, YOLO=0, Состояние=СВОБОДЕН
2026-03-30 14:06:27,731 - INFO - [00:07:39] Стол 1: Активность=Нет, Ячеек активных=0/9, Motion=120, YOLO=0, Состояние=СВОБОДЕН
2026-03-30 14:06:28,428 - INFO - [00:07:40] Стол 1: Активность=Нет, Ячеек активных=0/9, Motion=26, YOLO=0, Состояние=СВОБОДЕН
2026-03-30 14:06:29,134 - INFO - [00:07:42] Стол 1: Активность=Нет, Ячеек активных=0/9, Motion=0, YOLO=0, Состояние=СВОБОДЕН
2026-03-30 14:06:29,844 - INFO - [00:07:43] Стол 1: Активность=Нет, Ячеек активных=0/9, Motion=0, YOLO=0, Состояние=СВОБОДЕН
2026-03-30 14:06:30,552 - INFO - [00:07:44] Стол 1: Активность=Нет, Ячеек активных=0/9, Motion=94, YOLO=0, Состояние=СВОБОДЕН
2026-03-30 14:06:31,248 - INFO - [00:07:45] Стол 1: Активность=Нет, Ячеек активных=0/9, Motion=5, YOLO=0, Состояние=СВОБОДЕН
2026-03-30 14:06:31,945 - INFO - [00:07:46] Стол 1: Активность=Нет, Ячеек активных=0/9, Motion=141, YOLO=0, Состояние=СВОБОДЕН
2026-03-30 14:06:32,639 - INFO - [00:07:48] Стол 1: Активность=Нет, Ячеек активных=0/9, Motion=66, YOLO=0, Состояние=СВОБОДЕН
2026-03-30 14:06:33,338 - INFO - [00:07:49] Стол 1: Активность=Нет, Ячеек активных=0/9, Motion=39, YOLO=0, Состояние=СВОБОДЕН
2026-03-30 14:06:34,034 - INFO - [00:07:50] Стол 1: Активность=Нет, Ячеек активных=0/9, Motion=7, YOLO=0, Состояние=СВОБОДЕН
2026-03-30 14:06:34,724 - INFO - [00:07:51] Стол 1: Активность=Нет, Ячеек активных=0/9, Motion=0, YOLO=0, Состояние=СВОБОДЕН
2026-03-30 14:06:35,421 - INFO - [00:07:52] Стол 1: Активность=Нет, Ячеек активных=0/9, Motion=0, YOLO=0, Состояние=СВОБОДЕН
2026-03-30 14:06:36,114 - INFO - [00:07:54] Стол 1: Активность=Нет, Ячеек активных=0/9, Motion=1, YOLO=0, Состояние=СВОБОДЕН
2026-03-30 14:06:36,809 - INFO - [00:07:55] Стол 1: Активность=Нет, Ячеек активных=0/9, Motion=0, YOLO=0, Состояние=СВОБОДЕН
2026-03-30 14:06:37,511 - INFO - [00:07:56] Стол 1: Активность=Нет, Ячеек активных=0/9, Motion=91, YOLO=0, Состояние=СВОБОДЕН
2026-03-30 14:06:38,194 - INFO - [00:07:57] Стол 1: Активность=Нет, Ячеек активных=0/9, Motion=24, YOLO=0, Состояние=СВОБОДЕН
2026-03-30 14:06:38,900 - INFO - [00:07:58] Стол 1: Активность=Нет, Ячеек активных=0/9, Motion=86, YOLO=0, Состояние=СВОБОДЕН
2026-03-30 14:06:39,593 - INFO - [00:08:00] Стол 1: Активность=Нет, Ячеек активных=0/9, Motion=70, YOLO=0, Состояние=СВОБОДЕН
2026-03-30 14:06:40,291 - INFO - [00:08:01] Стол 1: Активность=Нет, Ячеек активных=0/9, Motion=24, YOLO=0, Состояние=СВОБОДЕН
2026-03-30 14:06:40,990 - INFO - [00:08:02] Стол 1: Активность=Нет, Ячеек активных=0/9, Motion=3, YOLO=0, Состояние=СВОБОДЕН
2026-03-30 14:06:41,678 - INFO - [00:08:03] Стол 1: Активность=Нет, Ячеек активных=0/9, Motion=0, YOLO=0, Состояние=СВОБОДЕН
2026-03-30 14:06:42,412 - INFO - [00:08:04] Стол 1: Активность=Нет, Ячеек активных=0/9, Motion=0, YOLO=0, Состояние=СВОБОДЕН
2026-03-30 14:06:43,143 - INFO - [00:08:06] Стол 1: Активность=Нет, Ячеек активных=0/9, Motion=12, YOLO=0, Состояние=СВОБОДЕН
2026-03-30 14:06:43,859 - INFO - [00:08:07] Стол 1: Активность=Нет, Ячеек активных=0/9, Motion=0, YOLO=0, Состояние=СВОБОДЕН
2026-03-30 14:06:44,612 - INFO - [00:08:08] Стол 1: Активность=Нет, Ячеек активных=0/9, Motion=0, YOLO=0, Состояние=СВОБОДЕН
2026-03-30 14:06:45,322 - INFO - [00:08:09] Стол 1: Активность=Нет, Ячеек активных=0/9, Motion=0, YOLO=0, Состояние=СВОБОДЕН
2026-03-30 14:06:46,056 - INFO - [00:08:10] Стол 1: Активность=Нет, Ячеек активных=0/9, Motion=0, YOLO=0, Состояние=СВОБОДЕН
2026-03-30 14:06:46,759 - INFO - [00:08:12] Стол 1: Активность=Нет, Ячеек активных=0/9, Motion=0, YOLO=0, Состояние=СВОБОДЕН
2026-03-30 14:06:47,454 - INFO - [00:08:13] Стол 1: Активность=Нет, Ячеек активных=0/9, Motion=0, YOLO=0, Состояние=СВОБОДЕН
2026-03-30 14:06:48,153 - INFO - [00:08:14] Стол 1: Активность=Нет, Ячеек активных=0/9, Motion=247, YOLO=0, Состояние=СВОБОДЕН
2026-03-30 14:06:48,853 - INFO - [00:08:15] Стол 1: Активность=Нет, Ячеек активных=0/9, Motion=2, YOLO=0, Состояние=СВОБОДЕН
2026-03-30 14:06:49,553 - INFO - [00:08:16] Стол 1: Активность=Нет, Ячеек активных=0/9, Motion=0, YOLO=0, Состояние=СВОБОДЕН
2026-03-30 14:06:50,247 - INFO - [00:08:18] Стол 1: Активность=Нет, Ячеек активных=0/9, Motion=670, YOLO=0, Состояние=СВОБОДЕН
2026-03-30 14:06:50,958 - INFO - [00:08:19] Стол 1: Активность=Нет, Ячеек активных=0/9, Motion=232, YOLO=0, Состояние=СВОБОДЕН
2026-03-30 14:06:51,669 - INFO - [00:08:20] Стол 1: Активность=Нет, Ячеек активных=0/9, Motion=1377, YOLO=0, Состояние=СВОБОДЕН
2026-03-30 14:06:52,359 - INFO - [00:08:21] Стол 1: Активность=Нет, Ячеек активных=0/9, Motion=731, YOLO=0, Состояние=СВОБОДЕН
2026-03-30 14:06:53,062 - INFO - [00:08:22] Стол 1: Активность=Нет, Ячеек активных=0/9, Motion=1165, YOLO=0, Состояние=СВОБОДЕН
2026-03-30 14:06:53,751 - INFO - [00:08:24] Стол 1: Активность=Нет, Ячеек активных=0/9, Motion=695, YOLO=0, Состояние=СВОБОДЕН
2026-03-30 14:06:54,444 - INFO - [00:08:25] Стол 1: Активность=Нет, Ячеек активных=0/9, Motion=714, YOLO=0, Состояние=СВОБОДЕН
2026-03-30 14:06:55,144 - INFO - [00:08:26] Стол 1: Активность=Нет, Ячеек активных=0/9, Motion=199, YOLO=0, Состояние=СВОБОДЕН
2026-03-30 14:06:55,839 - INFO - [00:08:27] Стол 1: Активность=Нет, Ячеек активных=0/9, Motion=23, YOLO=0, Состояние=СВОБОДЕН
2026-03-30 14:06:56,540 - INFO - [00:08:28] Стол 1: Активность=Нет, Ячеек активных=0/9, Motion=1, YOLO=0, Состояние=СВОБОДЕН
2026-03-30 14:06:57,249 - INFO - [00:08:30] Стол 1: Активность=Нет, Ячеек активных=0/9, Motion=94, YOLO=0, Состояние=СВОБОДЕН
2026-03-30 14:06:57,957 - INFO - [00:08:31] Стол 1: Активность=Нет, Ячеек активных=0/9, Motion=283, YOLO=0, Состояние=СВОБОДЕН
2026-03-30 14:06:58,672 - INFO - [00:08:32] Стол 1: Активность=Нет, Ячеек активных=0/9, Motion=398, YOLO=0, Состояние=СВОБОДЕН
2026-03-30 14:06:59,364 - INFO - [00:08:33] Стол 1: Активность=Нет, Ячеек активных=0/9, Motion=286, YOLO=0, Состояние=СВОБОДЕН
2026-03-30 14:07:00,065 - INFO - [00:08:34] Стол 1: Активность=Нет, Ячеек активных=0/9, Motion=1077, YOLO=0, Состояние=СВОБОДЕН
2026-03-30 14:07:00,759 - INFO - [00:08:36] Стол 1: Активность=Нет, Ячеек активных=0/9, Motion=474, YOLO=0, Состояние=СВОБОДЕН
2026-03-30 14:07:01,458 - INFO - [00:08:37] Стол 1: Активность=Нет, Ячеек активных=0/9, Motion=155, YOLO=0, Состояние=СВОБОДЕН
2026-03-30 14:07:02,163 - INFO - [00:08:38] Стол 1: Активность=Нет, Ячеек активных=0/9, Motion=14, YOLO=0, Состояние=СВОБОДЕН
2026-03-30 14:07:02,862 - INFO - [00:08:39] Стол 1: Активность=Нет, Ячеек активных=0/9, Motion=170, YOLO=0, Состояние=СВОБОДЕН
2026-03-30 14:07:03,560 - INFO - [00:08:40] Стол 1: Активность=Нет, Ячеек активных=0/9, Motion=718, YOLO=0, Состояние=СВОБОДЕН
2026-03-30 14:07:04,260 - INFO - [00:08:42] Стол 1: Активность=Нет, Ячеек активных=0/9, Motion=1112, YOLO=0, Состояние=СВОБОДЕН
2026-03-30 14:07:04,959 - INFO - [00:08:43] Стол 1: Активность=Нет, Ячеек активных=0/9, Motion=1027, YOLO=0, Состояние=СВОБОДЕН
2026-03-30 14:07:05,672 - INFO - [00:08:44] Стол 1: Активность=Нет, Ячеек активных=0/9, Motion=1361, YOLO=0, Состояние=СВОБОДЕН
2026-03-30 14:07:06,369 - INFO - [00:08:45] Стол 1: Активность=Нет, Ячеек активных=0/9, Motion=1081, YOLO=0, Состояние=СВОБОДЕН
2026-03-30 14:07:07,070 - INFO - [00:08:46] Стол 1: Активность=Нет, Ячеек активных=0/9, Motion=1019, YOLO=0, Состояние=СВОБОДЕН
2026-03-30 14:07:07,769 - INFO - [00:08:48] Стол 1: Активность=Нет, Ячеек активных=0/9, Motion=767, YOLO=0, Состояние=СВОБОДЕН
2026-03-30 14:07:08,464 - INFO - [00:08:49] Стол 1: Активность=Нет, Ячеек активных=0/9, Motion=310, YOLO=0, Состояние=СВОБОДЕН
2026-03-30 14:07:09,170 - INFO - [00:08:50] Стол 1: Активность=Нет, Ячеек активных=0/9, Motion=146, YOLO=0, Состояние=СВОБОДЕН
2026-03-30 14:07:09,861 - INFO - [00:08:51] Стол 1: Активность=Нет, Ячеек активных=0/9, Motion=431, YOLO=0, Состояние=СВОБОДЕН
2026-03-30 14:07:10,562 - INFO - [00:08:52] Стол 1: Активность=Нет, Ячеек активных=0/9, Motion=579, YOLO=0, Состояние=СВОБОДЕН
2026-03-30 14:07:11,260 - INFO - [00:08:54] Стол 1: Активность=Нет, Ячеек активных=0/9, Motion=602, YOLO=0, Состояние=СВОБОДЕН
2026-03-30 14:07:11,956 - INFO - [00:08:55] Стол 1: Активность=Нет, Ячеек активных=0/9, Motion=799, YOLO=0, Состояние=СВОБОДЕН
2026-03-30 14:07:12,662 - INFO - [00:08:56] Стол 1: Активность=Нет, Ячеек активных=0/9, Motion=636, YOLO=0, Состояние=СВОБОДЕН
2026-03-30 14:07:13,356 - INFO - [00:08:57] Стол 1: Активность=Нет, Ячеек активных=0/9, Motion=1183, YOLO=0, Состояние=СВОБОДЕН
2026-03-30 14:07:14,070 - INFO - [00:08:58] Стол 1: Активность=Нет, Ячеек активных=0/9, Motion=602, YOLO=0, Состояние=СВОБОДЕН
2026-03-30 14:07:14,806 - INFO - [00:09:00] Стол 1: Активность=Нет, Ячеек активных=0/9, Motion=1402, YOLO=0, Состояние=СВОБОДЕН
2026-03-30 14:07:15,520 - INFO - [00:09:01] Стол 1: Активность=Нет, Ячеек активных=0/9, Motion=493, YOLO=0, Состояние=СВОБОДЕН
2026-03-30 14:07:16,225 - INFO - [00:09:02] Стол 1: Активность=Нет, Ячеек активных=0/9, Motion=679, YOLO=0, Состояние=СВОБОДЕН
2026-03-30 14:07:16,920 - INFO - [00:09:03] Стол 1: Активность=Нет, Ячеек активных=0/9, Motion=677, YOLO=0, Состояние=СВОБОДЕН
2026-03-30 14:07:17,620 - INFO - [00:09:04] Стол 1: Активность=Нет, Ячеек активных=0/9, Motion=690, YOLO=0, Состояние=СВОБОДЕН
2026-03-30 14:07:18,314 - INFO - [00:09:06] Стол 1: Активность=Нет, Ячеек активных=0/9, Motion=160, YOLO=0, Состояние=СВОБОДЕН
2026-03-30 14:07:19,011 - INFO - [00:09:07] Стол 1: Активность=Нет, Ячеек активных=0/9, Motion=450, YOLO=0, Состояние=СВОБОДЕН
2026-03-30 14:07:19,746 - INFO - [00:09:08] Стол 1: Активность=Нет, Ячеек активных=0/9, Motion=244, YOLO=0, Состояние=СВОБОДЕН
2026-03-30 14:07:20,457 - INFO - [00:09:09] Стол 1: Активность=Нет, Ячеек активных=0/9, Motion=243, YOLO=0, Состояние=СВОБОДЕН
2026-03-30 14:07:21,254 - INFO - [00:09:10] Стол 1: Активность=Нет, Ячеек активных=0/9, Motion=131, YOLO=0, Состояние=СВОБОДЕН
2026-03-30 14:07:21,990 - INFO - [00:09:12] Стол 1: Активность=Нет, Ячеек активных=0/9, Motion=361, YOLO=0, Состояние=СВОБОДЕН
2026-03-30 14:07:22,726 - INFO - [00:09:13] Стол 1: Активность=Нет, Ячеек активных=0/9, Motion=146, YOLO=0, Состояние=СВОБОДЕН
2026-03-30 14:07:23,532 - INFO - [00:09:14] Стол 1: Активность=Нет, Ячеек активных=0/9, Motion=350, YOLO=0, Состояние=СВОБОДЕН
2026-03-30 14:07:24,241 - INFO - [00:09:15] Стол 1: Активность=Нет, Ячеек активных=0/9, Motion=419, YOLO=0, Состояние=СВОБОДЕН
2026-03-30 14:07:24,971 - INFO - [00:09:16] Стол 1: Активность=Нет, Ячеек активных=0/9, Motion=284, YOLO=0, Состояние=СВОБОДЕН
2026-03-30 14:07:25,727 - INFO - [00:09:18] Стол 1: Активность=Нет, Ячеек активных=0/9, Motion=61, YOLO=0, Состояние=СВОБОДЕН
2026-03-30 14:07:26,451 - INFO - [00:09:19] Стол 1: Активность=Нет, Ячеек активных=0/9, Motion=40, YOLO=0, Состояние=СВОБОДЕН
2026-03-30 14:07:27,167 - INFO - [00:09:20] Стол 1: Активность=Нет, Ячеек активных=0/9, Motion=629, YOLO=0, Состояние=СВОБОДЕН
2026-03-30 14:07:27,903 - INFO - [00:09:21] Стол 1: Активность=Нет, Ячеек активных=0/9, Motion=1065, YOLO=0, Состояние=СВОБОДЕН
2026-03-30 14:07:28,665 - INFO - [00:09:22] Стол 1: Активность=Нет, Ячеек активных=0/9, Motion=957, YOLO=0, Состояние=СВОБОДЕН
2026-03-30 14:07:29,474 - INFO - [00:09:24] Стол 1: Активность=Нет, Ячеек активных=0/9, Motion=913, YOLO=0, Состояние=СВОБОДЕН
2026-03-30 14:07:30,189 - INFO - [00:09:25] Стол 1: Активность=Нет, Ячеек активных=0/9, Motion=725, YOLO=0, Состояние=СВОБОДЕН
2026-03-30 14:07:30,929 - INFO - [00:09:26] Стол 1: Активность=Нет, Ячеек активных=0/9, Motion=689, YOLO=0, Состояние=СВОБОДЕН
2026-03-30 14:07:31,692 - INFO - [00:09:27] Стол 1: Активность=Нет, Ячеек активных=0/9, Motion=326, YOLO=0, Состояние=СВОБОДЕН
2026-03-30 14:07:32,406 - INFO - [00:09:28] Стол 1: Активность=Нет, Ячеек активных=0/9, Motion=166, YOLO=0, Состояние=СВОБОДЕН
2026-03-30 14:07:33,145 - INFO - [00:09:30] Стол 1: Активность=Нет, Ячеек активных=0/9, Motion=417, YOLO=0, Состояние=СВОБОДЕН
2026-03-30 14:07:33,859 - INFO - [00:09:31] Стол 1: Активность=Нет, Ячеек активных=0/9, Motion=310, YOLO=0, Состояние=СВОБОДЕН
2026-03-30 14:07:34,583 - INFO - [00:09:32] Стол 1: Активность=Нет, Ячеек активных=0/9, Motion=848, YOLO=0, Состояние=СВОБОДЕН
2026-03-30 14:07:35,281 - INFO - [00:09:33] Стол 1: Активность=Нет, Ячеек активных=0/9, Motion=919, YOLO=0, Состояние=СВОБОДЕН
2026-03-30 14:07:35,993 - INFO - [00:09:34] Стол 1: Активность=Нет, Ячеек активных=0/9, Motion=1092, YOLO=0, Состояние=СВОБОДЕН
2026-03-30 14:07:36,711 - INFO - [00:09:36] Стол 1: Активность=Нет, Ячеек активных=0/9, Motion=852, YOLO=0, Состояние=СВОБОДЕН
2026-03-30 14:07:37,407 - INFO - [00:09:37] Стол 1: Активность=Нет, Ячеек активных=0/9, Motion=652, YOLO=0, Состояние=СВОБОДЕН
2026-03-30 14:07:38,112 - INFO - [00:09:38] Стол 1: Активность=Нет, Ячеек активных=0/9, Motion=101, YOLO=0, Состояние=СВОБОДЕН
2026-03-30 14:07:38,819 - INFO - [00:09:39] Стол 1: Активность=Нет, Ячеек активных=0/9, Motion=62, YOLO=0, Состояние=СВОБОДЕН
2026-03-30 14:07:39,538 - INFO - [00:09:40] Стол 1: Активность=Нет, Ячеек активных=0/9, Motion=17, YOLO=0, Состояние=СВОБОДЕН
2026-03-30 14:07:40,294 - INFO - [00:09:42] Стол 1: Активность=Нет, Ячеек активных=0/9, Motion=71, YOLO=0, Состояние=СВОБОДЕН
2026-03-30 14:07:41,222 - INFO - [00:09:43] Стол 1: Активность=Нет, Ячеек активных=0/9, Motion=498, YOLO=0, Состояние=СВОБОДЕН
2026-03-30 14:07:41,991 - INFO - [00:09:44] Стол 1: Активность=Нет, Ячеек активных=0/9, Motion=322, YOLO=0, Состояние=СВОБОДЕН
2026-03-30 14:07:42,794 - INFO - [00:09:45] Стол 1: Активность=Нет, Ячеек активных=0/9, Motion=1096, YOLO=0, Состояние=СВОБОДЕН
2026-03-30 14:07:43,705 - INFO - [00:09:46] Стол 1: Активность=Нет, Ячеек активных=0/9, Motion=843, YOLO=0, Состояние=СВОБОДЕН
2026-03-30 14:07:44,620 - INFO - [00:09:48] Стол 1: Активность=Нет, Ячеек активных=0/9, Motion=806, YOLO=0, Состояние=СВОБОДЕН
2026-03-30 14:07:45,416 - INFO - [00:09:49] Стол 1: Активность=Нет, Ячеек активных=0/9, Motion=440, YOLO=0, Состояние=СВОБОДЕН
2026-03-30 14:07:46,179 - INFO - [00:09:50] Стол 1: Активность=Нет, Ячеек активных=0/9, Motion=101, YOLO=0, Состояние=СВОБОДЕН
2026-03-30 14:07:47,029 - INFO - [00:09:51] Стол 1: Активность=Нет, Ячеек активных=0/9, Motion=9, YOLO=0, Состояние=СВОБОДЕН
2026-03-30 14:07:47,825 - INFO - [00:09:52] Стол 1: Активность=Нет, Ячеек активных=0/9, Motion=0, YOLO=0, Состояние=СВОБОДЕН
2026-03-30 14:07:48,679 - INFO - [00:09:54] Стол 1: Активность=Нет, Ячеек активных=0/9, Motion=6, YOLO=0, Состояние=СВОБОДЕН
2026-03-30 14:07:49,501 - INFO - [00:09:55] Стол 1: Активность=Нет, Ячеек активных=0/9, Motion=150, YOLO=0, Состояние=СВОБОДЕН
2026-03-30 14:07:50,360 - INFO - [00:09:56] Стол 1: Активность=Нет, Ячеек активных=0/9, Motion=649, YOLO=0, Состояние=СВОБОДЕН
2026-03-30 14:07:51,190 - INFO - [00:09:57] Стол 1: Активность=Нет, Ячеек активных=0/9, Motion=865, YOLO=0, Состояние=СВОБОДЕН
2026-03-30 14:07:52,019 - INFO - [00:09:58] Стол 1: Активность=Нет, Ячеек активных=0/9, Motion=929, YOLO=0, Состояние=СВОБОДЕН
2026-03-30 14:07:52,864 - INFO - [00:10:00] Стол 1: Активность=Нет, Ячеек активных=0/9, Motion=384, YOLO=0, Состояние=СВОБОДЕН
2026-03-30 14:07:53,688 - INFO - [00:10:01] Стол 1: Активность=Нет, Ячеек активных=0/9, Motion=168, YOLO=0, Состояние=СВОБОДЕН
2026-03-30 14:07:54,528 - INFO - [00:10:02] Стол 1: Активность=Нет, Ячеек активных=0/9, Motion=7, YOLO=0, Состояние=СВОБОДЕН
2026-03-30 14:07:55,390 - INFO - [00:10:03] Стол 1: Активность=Нет, Ячеек активных=0/9, Motion=120, YOLO=0, Состояние=СВОБОДЕН
2026-03-30 14:07:56,206 - INFO - [00:10:04] Стол 1: Активность=Нет, Ячеек активных=0/9, Motion=35, YOLO=0, Состояние=СВОБОДЕН
2026-03-30 14:07:57,083 - INFO - [00:10:06] Стол 1: Активность=Нет, Ячеек активных=0/9, Motion=134, YOLO=0, Состояние=СВОБОДЕН
2026-03-30 14:07:57,958 - INFO - [00:10:07] Стол 1: Активность=Нет, Ячеек активных=0/9, Motion=323, YOLO=0, Состояние=СВОБОДЕН
2026-03-30 14:07:58,811 - INFO - [00:10:08] Стол 1: Активность=Нет, Ячеек активных=0/9, Motion=600, YOLO=0, Состояние=СВОБОДЕН
2026-03-30 14:07:59,613 - INFO - [00:10:09] Стол 1: Активность=Нет, Ячеек активных=0/9, Motion=839, YOLO=0, Состояние=СВОБОДЕН
2026-03-30 14:08:00,474 - INFO - [00:10:10] Стол 1: Активность=Нет, Ячеек активных=0/9, Motion=1623, YOLO=0, Состояние=СВОБОДЕН
2026-03-30 14:08:01,447 - INFO - [00:10:12] Стол 1: Активность=Нет, Ячеек активных=0/9, Motion=58, YOLO=0, Состояние=СВОБОДЕН
2026-03-30 14:08:02,287 - INFO - [00:10:13] Стол 1: Активность=Нет, Ячеек активных=0/9, Motion=43, YOLO=0, Состояние=СВОБОДЕН
2026-03-30 14:08:03,188 - INFO - [00:10:14] Стол 1: Активность=Нет, Ячеек активных=0/9, Motion=6, YOLO=0, Состояние=СВОБОДЕН
2026-03-30 14:08:04,036 - INFO - [00:10:15] Стол 1: Активность=Нет, Ячеек активных=0/9, Motion=0, YOLO=0, Состояние=СВОБОДЕН
2026-03-30 14:08:04,840 - INFO - [00:10:16] Стол 1: Активность=Нет, Ячеек активных=0/9, Motion=15, YOLO=0, Состояние=СВОБОДЕН
2026-03-30 14:08:05,637 - INFO - [00:10:18] Стол 1: Активность=Нет, Ячеек активных=0/9, Motion=127, YOLO=0, Состояние=СВОБОДЕН
2026-03-30 14:08:06,372 - INFO - [00:10:19] Стол 1: Активность=Нет, Ячеек активных=0/9, Motion=59, YOLO=0, Состояние=СВОБОДЕН
2026-03-30 14:08:07,130 - INFO - [00:10:20] Стол 1: Активность=Нет, Ячеек активных=0/9, Motion=287, YOLO=0, Состояние=СВОБОДЕН
2026-03-30 14:08:07,908 - INFO - [00:10:21] Стол 1: Активность=Нет, Ячеек активных=0/9, Motion=456, YOLO=0, Состояние=СВОБОДЕН
2026-03-30 14:08:08,757 - INFO - [00:10:22] Стол 1: Активность=Нет, Ячеек активных=0/9, Motion=968, YOLO=0, Состояние=СВОБОДЕН
2026-03-30 14:08:09,599 - INFO - [00:10:24] Стол 1: Активность=Нет, Ячеек активных=0/9, Motion=825, YOLO=0, Состояние=СВОБОДЕН
2026-03-30 14:08:10,392 - INFO - [00:10:25] Стол 1: Активность=Нет, Ячеек активных=0/9, Motion=393, YOLO=0, Состояние=СВОБОДЕН
2026-03-30 14:08:11,148 - INFO - [00:10:26] Стол 1: Активность=Нет, Ячеек активных=0/9, Motion=219, YOLO=0, Состояние=СВОБОДЕН
2026-03-30 14:08:11,900 - INFO - [00:10:27] Стол 1: Активность=Нет, Ячеек активных=0/9, Motion=858, YOLO=0, Состояние=СВОБОДЕН
2026-03-30 14:08:12,683 - INFO - [00:10:28] Стол 1: Активность=Нет, Ячеек активных=0/9, Motion=620, YOLO=0, Состояние=СВОБОДЕН
2026-03-30 14:08:13,439 - INFO - [00:10:30] Стол 1: Активность=Нет, Ячеек активных=0/9, Motion=197, YOLO=0, Состояние=СВОБОДЕН
2026-03-30 14:08:14,186 - INFO - [00:10:31] Стол 1: Активность=Нет, Ячеек активных=0/9, Motion=460, YOLO=0, Состояние=СВОБОДЕН
2026-03-30 14:08:14,909 - INFO - [00:10:32] Стол 1: Активность=Нет, Ячеек активных=0/9, Motion=962, YOLO=0, Состояние=СВОБОДЕН
2026-03-30 14:08:15,612 - INFO - [00:10:33] Стол 1: Активность=Нет, Ячеек активных=0/9, Motion=97, YOLO=0, Состояние=СВОБОДЕН
2026-03-30 14:08:16,339 - INFO - [00:10:34] Стол 1: Активность=Нет, Ячеек активных=0/9, Motion=526, YOLO=0, Состояние=СВОБОДЕН
2026-03-30 14:08:17,062 - INFO - [00:10:36] Стол 1: Активность=Нет, Ячеек активных=0/9, Motion=0, YOLO=0, Состояние=СВОБОДЕН
2026-03-30 14:08:17,817 - INFO - [00:10:37] Стол 1: Активность=Нет, Ячеек активных=0/9, Motion=1, YOLO=0, Состояние=СВОБОДЕН
2026-03-30 14:08:18,576 - INFO - [00:10:38] Стол 1: Активность=Нет, Ячеек активных=0/9, Motion=0, YOLO=0, Состояние=СВОБОДЕН
2026-03-30 14:08:19,285 - INFO - [00:10:39] Стол 1: Активность=Нет, Ячеек активных=0/9, Motion=1, YOLO=0, Состояние=СВОБОДЕН
2026-03-30 14:08:20,003 - INFO - [00:10:40] Стол 1: Активность=Нет, Ячеек активных=0/9, Motion=37, YOLO=0, Состояние=СВОБОДЕН
2026-03-30 14:08:20,720 - INFO - [00:10:42] Стол 1: Активность=Нет, Ячеек активных=0/9, Motion=40, YOLO=0, Состояние=СВОБОДЕН
2026-03-30 14:08:21,444 - INFO - [00:10:43] Стол 1: Активность=Нет, Ячеек активных=0/9, Motion=173, YOLO=0, Состояние=СВОБОДЕН
2026-03-30 14:08:22,187 - INFO - [00:10:44] Стол 1: Активность=Нет, Ячеек активных=0/9, Motion=142, YOLO=0, Состояние=СВОБОДЕН
2026-03-30 14:08:22,922 - INFO - [00:10:45] Стол 1: Активность=Нет, Ячеек активных=0/9, Motion=157, YOLO=0, Состояние=СВОБОДЕН
2026-03-30 14:08:23,761 - INFO - [00:10:46] Стол 1: Активность=Нет, Ячеек активных=0/9, Motion=83, YOLO=0, Состояние=СВОБОДЕН
2026-03-30 14:08:24,611 - INFO - [00:10:48] Стол 1: Активность=Нет, Ячеек активных=0/9, Motion=41, YOLO=0, Состояние=СВОБОДЕН
2026-03-30 14:08:25,438 - INFO - [00:10:49] Стол 1: Активность=Нет, Ячеек активных=0/9, Motion=1, YOLO=0, Состояние=СВОБОДЕН
2026-03-30 14:08:26,155 - INFO - [00:10:50] Стол 1: Активность=Нет, Ячеек активных=0/9, Motion=0, YOLO=0, Состояние=СВОБОДЕН
2026-03-30 14:08:26,868 - INFO - [00:10:51] Стол 1: Активность=Нет, Ячеек активных=0/9, Motion=0, YOLO=0, Состояние=СВОБОДЕН
2026-03-30 14:08:27,652 - INFO - [00:10:52] Стол 1: Активность=Нет, Ячеек активных=0/9, Motion=25, YOLO=0, Состояние=СВОБОДЕН
2026-03-30 14:08:28,380 - INFO - [00:10:54] Стол 1: Активность=Нет, Ячеек активных=0/9, Motion=62, YOLO=0, Состояние=СВОБОДЕН
2026-03-30 14:08:29,099 - INFO - [00:10:55] Стол 1: Активность=Нет, Ячеек активных=0/9, Motion=217, YOLO=0, Состояние=СВОБОДЕН
2026-03-30 14:08:29,846 - INFO - [00:10:56] Стол 1: Активность=Нет, Ячеек активных=0/9, Motion=99, YOLO=0, Состояние=СВОБОДЕН
2026-03-30 14:08:30,616 - INFO - [00:10:57] Стол 1: Активность=Нет, Ячеек активных=0/9, Motion=124, YOLO=0, Состояние=СВОБОДЕН
2026-03-30 14:08:31,406 - INFO - [00:10:58] Стол 1: Активность=Нет, Ячеек активных=0/9, Motion=9, YOLO=0, Состояние=СВОБОДЕН
2026-03-30 14:08:32,134 - INFO - [00:11:00] Стол 1: Активность=Нет, Ячеек активных=0/9, Motion=172, YOLO=0, Состояние=СВОБОДЕН
2026-03-30 14:08:32,893 - INFO - [00:11:01] Стол 1: Активность=Нет, Ячеек активных=0/9, Motion=23, YOLO=0, Состояние=СВОБОДЕН
2026-03-30 14:08:33,674 - INFO - [00:11:02] Стол 1: Активность=Нет, Ячеек активных=0/9, Motion=11, YOLO=0, Состояние=СВОБОДЕН
2026-03-30 14:08:34,467 - INFO - [00:11:03] Стол 1: Активность=Нет, Ячеек активных=0/9, Motion=136, YOLO=0, Состояние=СВОБОДЕН
2026-03-30 14:08:35,258 - INFO - [00:11:04] Стол 1: Активность=Нет, Ячеек активных=0/9, Motion=131, YOLO=0, Состояние=СВОБОДЕН
2026-03-30 14:08:35,986 - INFO - [00:11:06] Стол 1: Активность=Нет, Ячеек активных=0/9, Motion=2003, YOLO=0, Состояние=СВОБОДЕН
2026-03-30 14:08:36,726 - INFO - [00:11:07] Стол 1: Активность=Нет, Ячеек активных=0/9, Motion=2095, YOLO=0, Состояние=СВОБОДЕН
2026-03-30 14:08:37,530 - INFO - [00:11:08] Стол 1: Активность=Нет, Ячеек активных=0/9, Motion=2124, YOLO=0, Состояние=СВОБОДЕН
2026-03-30 14:08:38,314 - INFO - [00:11:09] Стол 1: Активность=Нет, Ячеек активных=0/9, Motion=2556, YOLO=0, Состояние=СВОБОДЕН
2026-03-30 14:08:39,068 - INFO - [00:11:10] Стол 1: Активность=Нет, Ячеек активных=0/9, Motion=2360, YOLO=0, Состояние=СВОБОДЕН
2026-03-30 14:08:39,837 - INFO - [00:11:12] Стол 1: Активность=Нет, Ячеек активных=0/9, Motion=2570, YOLO=0, Состояние=СВОБОДЕН
2026-03-30 14:08:40,564 - INFO - [00:11:13] Стол 1: Активность=Нет, Ячеек активных=0/9, Motion=2020, YOLO=0, Состояние=СВОБОДЕН
2026-03-30 14:08:41,303 - INFO - [00:11:14] Стол 1: Активность=Нет, Ячеек активных=0/9, Motion=1945, YOLO=0, Состояние=СВОБОДЕН
2026-03-30 14:08:42,035 - INFO - [00:11:15] Стол 1: Активность=Нет, Ячеек активных=0/9, Motion=1129, YOLO=0, Состояние=СВОБОДЕН
2026-03-30 14:08:42,766 - INFO - [00:11:16] Стол 1: Активность=Нет, Ячеек активных=0/9, Motion=864, YOLO=0, Состояние=СВОБОДЕН
2026-03-30 14:08:43,505 - INFO - [00:11:18] Стол 1: Активность=Нет, Ячеек активных=0/9, Motion=231, YOLO=0, Состояние=СВОБОДЕН
2026-03-30 14:08:44,261 - INFO - [00:11:19] Стол 1: Активность=Нет, Ячеек активных=0/9, Motion=464, YOLO=0, Состояние=СВОБОДЕН
2026-03-30 14:08:45,036 - INFO - [00:11:20] Стол 1: Активность=Нет, Ячеек активных=0/9, Motion=826, YOLO=0, Состояние=СВОБОДЕН
2026-03-30 14:08:45,762 - INFO - [00:11:21] Стол 1: Активность=Нет, Ячеек активных=0/9, Motion=1314, YOLO=0, Состояние=СВОБОДЕН
2026-03-30 14:08:46,498 - INFO - [00:11:22] Стол 1: Активность=Нет, Ячеек активных=0/9, Motion=1604, YOLO=0, Состояние=СВОБОДЕН
2026-03-30 14:08:47,222 - INFO - [00:11:24] Стол 1: Активность=Нет, Ячеек активных=0/9, Motion=1724, YOLO=0, Состояние=СВОБОДЕН
2026-03-30 14:08:47,951 - INFO - [00:11:25] Стол 1: Активность=Нет, Ячеек активных=0/9, Motion=1461, YOLO=0, Состояние=СВОБОДЕН
2026-03-30 14:08:48,709 - INFO - [00:11:26] Стол 1: Активность=Нет, Ячеек активных=0/9, Motion=1289, YOLO=0, Состояние=СВОБОДЕН
2026-03-30 14:08:49,491 - INFO - [00:11:27] Стол 1: Активность=Нет, Ячеек активных=0/9, Motion=1052, YOLO=0, Состояние=СВОБОДЕН
2026-03-30 14:08:50,243 - INFO - [00:11:28] Стол 1: Активность=Нет, Ячеек активных=0/9, Motion=334, YOLO=0, Состояние=СВОБОДЕН
2026-03-30 14:08:51,020 - INFO - [00:11:30] Стол 1: Активность=Нет, Ячеек активных=0/9, Motion=228, YOLO=0, Состояние=СВОБОДЕН
2026-03-30 14:08:51,810 - INFO - [00:11:31] Стол 1: Активность=Нет, Ячеек активных=0/9, Motion=80, YOLO=0, Состояние=СВОБОДЕН
2026-03-30 14:08:52,579 - INFO - [00:11:32] Стол 1: Активность=Нет, Ячеек активных=0/9, Motion=292, YOLO=0, Состояние=СВОБОДЕН
2026-03-30 14:08:53,347 - INFO - [00:11:33] Стол 1: Активность=Нет, Ячеек активных=0/9, Motion=464, YOLO=0, Состояние=СВОБОДЕН
2026-03-30 14:08:54,099 - INFO - [00:11:34] Стол 1: Активность=Нет, Ячеек активных=0/9, Motion=875, YOLO=0, Состояние=СВОБОДЕН
2026-03-30 14:08:54,853 - INFO - [00:11:36] Стол 1: Активность=Нет, Ячеек активных=0/9, Motion=1058, YOLO=0, Состояние=СВОБОДЕН
2026-03-30 14:08:55,585 - INFO - [00:11:37] Стол 1: Активность=Нет, Ячеек активных=0/9, Motion=1007, YOLO=0, Состояние=СВОБОДЕН
2026-03-30 14:08:56,378 - INFO - [00:11:38] Стол 1: Активность=Нет, Ячеек активных=0/9, Motion=1021, YOLO=0, Состояние=СВОБОДЕН
2026-03-30 14:08:57,165 - INFO - [00:11:39] Стол 1: Активность=Нет, Ячеек активных=0/9, Motion=782, YOLO=0, Состояние=СВОБОДЕН
2026-03-30 14:08:57,994 - INFO - [00:11:40] Стол 1: Активность=Нет, Ячеек активных=0/9, Motion=316, YOLO=0, Состояние=СВОБОДЕН
2026-03-30 14:08:58,827 - INFO - [00:11:42] Стол 1: Активность=Нет, Ячеек активных=0/9, Motion=92, YOLO=0, Состояние=СВОБОДЕН
2026-03-30 14:08:59,707 - INFO - [00:11:43] Стол 1: Активность=Нет, Ячеек активных=0/9, Motion=0, YOLO=0, Состояние=СВОБОДЕН
2026-03-30 14:09:00,657 - INFO - [00:11:44] Стол 1: Активность=Нет, Ячеек активных=0/9, Motion=0, YOLO=0, Состояние=СВОБОДЕН
2026-03-30 14:09:01,468 - INFO - [00:11:45] Стол 1: Активность=Нет, Ячеек активных=0/9, Motion=1324, YOLO=0, Состояние=СВОБОДЕН
2026-03-30 14:09:02,298 - INFO - [00:11:46] Стол 1: Активность=Нет, Ячеек активных=0/9, Motion=1789, YOLO=0, Состояние=СВОБОДЕН
2026-03-30 14:09:03,077 - INFO - [00:11:48] Стол 1: Активность=Нет, Ячеек активных=0/9, Motion=1942, YOLO=0, Состояние=СВОБОДЕН
2026-03-30 14:09:03,820 - INFO - [00:11:49] Стол 1: Активность=Нет, Ячеек активных=0/9, Motion=1457, YOLO=0, Состояние=СВОБОДЕН
2026-03-30 14:09:04,634 - INFO - [00:11:50] Стол 1: Активность=Нет, Ячеек активных=0/9, Motion=1673, YOLO=0, Состояние=СВОБОДЕН
2026-03-30 14:09:05,361 - INFO - [00:11:51] Стол 1: Активность=Нет, Ячеек активных=0/9, Motion=1123, YOLO=0, Состояние=СВОБОДЕН
2026-03-30 14:09:06,089 - INFO - [00:11:52] Стол 1: Активность=Нет, Ячеек активных=0/9, Motion=1953, YOLO=0, Состояние=СВОБОДЕН
2026-03-30 14:09:06,811 - INFO - [00:11:54] Стол 1: Активность=Нет, Ячеек активных=0/9, Motion=1834, YOLO=0, Состояние=СВОБОДЕН
2026-03-30 14:09:07,551 - INFO - [00:11:55] Стол 1: Активность=Нет, Ячеек активных=0/9, Motion=2167, YOLO=0, Состояние=СВОБОДЕН
2026-03-30 14:09:08,336 - INFO - [00:11:56] Стол 1: Активность=Нет, Ячеек активных=0/9, Motion=1562, YOLO=0, Состояние=СВОБОДЕН
2026-03-30 14:09:09,060 - INFO - [00:11:57] Стол 1: Активность=Нет, Ячеек активных=0/9, Motion=1948, YOLO=0, Состояние=СВОБОДЕН
2026-03-30 14:09:09,807 - INFO - [00:11:58] Стол 1: Активность=Нет, Ячеек активных=0/9, Motion=863, YOLO=0, Состояние=СВОБОДЕН
2026-03-30 14:09:10,550 - INFO - [00:12:00] Стол 1: Активность=Нет, Ячеек активных=0/9, Motion=1106, YOLO=0, Состояние=СВОБОДЕН
2026-03-30 14:09:11,311 - INFO - [00:12:01] Стол 1: Активность=Нет, Ячеек активных=0/9, Motion=805, YOLO=0, Состояние=СВОБОДЕН
2026-03-30 14:09:12,140 - INFO - [00:12:02] Стол 1: Активность=Нет, Ячеек активных=0/9, Motion=1328, YOLO=0, Состояние=СВОБОДЕН
2026-03-30 14:09:12,960 - INFO - [00:12:03] Стол 1: Активность=Нет, Ячеек активных=0/9, Motion=1329, YOLO=0, Состояние=СВОБОДЕН
2026-03-30 14:09:13,807 - INFO - [00:12:04] Стол 1: Активность=Нет, Ячеек активных=0/9, Motion=1119, YOLO=0, Состояние=СВОБОДЕН
2026-03-30 14:09:14,649 - INFO - [00:12:06] Стол 1: Активность=Нет, Ячеек активных=0/9, Motion=918, YOLO=0, Состояние=СВОБОДЕН
2026-03-30 14:09:15,443 - INFO - [00:12:07] Стол 1: Активность=Нет, Ячеек активных=0/9, Motion=719, YOLO=0, Состояние=СВОБОДЕН
2026-03-30 14:09:16,315 - INFO - [00:12:08] Стол 1: Активность=Нет, Ячеек активных=0/9, Motion=846, YOLO=0, Состояние=СВОБОДЕН
2026-03-30 14:09:17,117 - INFO - [00:12:09] Стол 1: Активность=Нет, Ячеек активных=0/9, Motion=358, YOLO=0, Состояние=СВОБОДЕН
2026-03-30 14:09:17,881 - INFO - [00:12:10] Стол 1: Активность=Нет, Ячеек активных=0/9, Motion=907, YOLO=0, Состояние=СВОБОДЕН
2026-03-30 14:09:18,644 - INFO - [00:12:12] Стол 1: Активность=Нет, Ячеек активных=0/9, Motion=863, YOLO=0, Состояние=СВОБОДЕН
2026-03-30 14:09:19,365 - INFO - [00:12:13] Стол 1: Активность=Нет, Ячеек активных=0/9, Motion=862, YOLO=0, Состояние=СВОБОДЕН
2026-03-30 14:09:20,097 - INFO - [00:12:14] Стол 1: Активность=Нет, Ячеек активных=0/9, Motion=1189, YOLO=0, Состояние=СВОБОДЕН
2026-03-30 14:09:20,826 - INFO - [00:12:15] Стол 1: Активность=Нет, Ячеек активных=0/9, Motion=1419, YOLO=0, Состояние=СВОБОДЕН
2026-03-30 14:09:21,540 - INFO - [00:12:16] Стол 1: Активность=Нет, Ячеек активных=0/9, Motion=508, YOLO=0, Состояние=СВОБОДЕН
2026-03-30 14:09:22,305 - INFO - [00:12:18] Стол 1: Активность=Нет, Ячеек активных=0/9, Motion=397, YOLO=0, Состояние=СВОБОДЕН
2026-03-30 14:09:23,140 - INFO - [00:12:19] Стол 1: Активность=Нет, Ячеек активных=0/9, Motion=13, YOLO=0, Состояние=СВОБОДЕН
2026-03-30 14:09:24,013 - INFO - [00:12:20] Стол 1: Активность=Нет, Ячеек активных=0/9, Motion=27, YOLO=0, Состояние=СВОБОДЕН
2026-03-30 14:09:24,832 - INFO - [00:12:21] Стол 1: Активность=Нет, Ячеек активных=0/9, Motion=319, YOLO=0, Состояние=СВОБОДЕН
2026-03-30 14:09:25,617 - INFO - [00:12:22] Стол 1: Активность=Нет, Ячеек активных=0/9, Motion=456, YOLO=0, Состояние=СВОБОДЕН
2026-03-30 14:09:26,467 - INFO - [00:12:24] Стол 1: Активность=Нет, Ячеек активных=0/9, Motion=694, YOLO=0, Состояние=СВОБОДЕН
2026-03-30 14:09:27,199 - INFO - [00:12:25] Стол 1: Активность=Нет, Ячеек активных=0/9, Motion=648, YOLO=0, Состояние=СВОБОДЕН
2026-03-30 14:09:27,934 - INFO - [00:12:26] Стол 1: Активность=Нет, Ячеек активных=0/9, Motion=734, YOLO=0, Состояние=СВОБОДЕН
2026-03-30 14:09:28,654 - INFO - [00:12:27] Стол 1: Активность=Нет, Ячеек активных=0/9, Motion=462, YOLO=0, Состояние=СВОБОДЕН
2026-03-30 14:09:29,396 - INFO - [00:12:28] Стол 1: Активность=Нет, Ячеек активных=0/9, Motion=9, YOLO=0, Состояние=СВОБОДЕН
2026-03-30 14:09:30,152 - INFO - [00:12:30] Стол 1: Активность=Нет, Ячеек активных=0/9, Motion=0, YOLO=0, Состояние=СВОБОДЕН
2026-03-30 14:09:30,896 - INFO - [00:12:31] Стол 1: Активность=Нет, Ячеек активных=0/9, Motion=0, YOLO=0, Состояние=СВОБОДЕН
2026-03-30 14:09:31,659 - INFO - [00:12:32] Стол 1: Активность=Нет, Ячеек активных=0/9, Motion=23, YOLO=0, Состояние=СВОБОДЕН
2026-03-30 14:09:32,435 - INFO - [00:12:33] Стол 1: Активность=Нет, Ячеек активных=0/9, Motion=393, YOLO=0, Состояние=СВОБОДЕН
2026-03-30 14:09:33,275 - INFO - [00:12:34] Стол 1: Активность=Нет, Ячеек активных=0/9, Motion=298, YOLO=0, Состояние=СВОБОДЕН
2026-03-30 14:09:34,075 - INFO - [00:12:36] Стол 1: Активность=Нет, Ячеек активных=0/9, Motion=595, YOLO=0, Состояние=СВОБОДЕН
2026-03-30 14:09:35,049 - INFO - [00:12:37] Стол 1: Активность=Нет, Ячеек активных=0/9, Motion=333, YOLO=0, Состояние=СВОБОДЕН
2026-03-30 14:09:36,000 - INFO - [00:12:38] Стол 1: Активность=Нет, Ячеек активных=0/9, Motion=504, YOLO=0, Состояние=СВОБОДЕН
2026-03-30 14:09:37,113 - INFO - [00:12:39] Стол 1: Активность=Нет, Ячеек активных=0/9, Motion=12, YOLO=0, Состояние=СВОБОДЕН
2026-03-30 14:09:37,938 - INFO - [00:12:40] Стол 1: Активность=Нет, Ячеек активных=0/9, Motion=0, YOLO=0, Состояние=СВОБОДЕН
2026-03-30 14:09:38,756 - INFO - [00:12:42] Стол 1: Активность=Нет, Ячеек активных=0/9, Motion=0, YOLO=0, Состояние=СВОБОДЕН
2026-03-30 14:09:39,545 - INFO - [00:12:43] Стол 1: Активность=Нет, Ячеек активных=0/9, Motion=3, YOLO=0, Состояние=СВОБОДЕН
2026-03-30 14:09:40,303 - INFO - [00:12:44] Стол 1: Активность=Нет, Ячеек активных=0/9, Motion=80, YOLO=0, Состояние=СВОБОДЕН
2026-03-30 14:09:41,045 - INFO - [00:12:45] Стол 1: Активность=Нет, Ячеек активных=0/9, Motion=478, YOLO=0, Состояние=СВОБОДЕН
2026-03-30 14:09:41,781 - INFO - [00:12:46] Стол 1: Активность=Нет, Ячеек активных=0/9, Motion=403, YOLO=0, Состояние=СВОБОДЕН
2026-03-30 14:09:42,487 - INFO - [00:12:48] Стол 1: Активность=Нет, Ячеек активных=0/9, Motion=270, YOLO=0, Состояние=СВОБОДЕН
2026-03-30 14:09:43,199 - INFO - [00:12:49] Стол 1: Активность=Нет, Ячеек активных=0/9, Motion=291, YOLO=0, Состояние=СВОБОДЕН
2026-03-30 14:09:43,926 - INFO - [00:12:50] Стол 1: Активность=Нет, Ячеек активных=0/9, Motion=71, YOLO=0, Состояние=СВОБОДЕН
2026-03-30 14:09:44,674 - INFO - [00:12:51] Стол 1: Активность=Нет, Ячеек активных=0/9, Motion=2, YOLO=0, Состояние=СВОБОДЕН
2026-03-30 14:09:45,594 - INFO - [00:12:52] Стол 1: Активность=Нет, Ячеек активных=0/9, Motion=0, YOLO=0, Состояние=СВОБОДЕН
2026-03-30 14:09:46,367 - INFO - [00:12:54] Стол 1: Активность=Нет, Ячеек активных=0/9, Motion=21, YOLO=0, Состояние=СВОБОДЕН
2026-03-30 14:09:47,121 - INFO - [00:12:55] Стол 1: Активность=Нет, Ячеек активных=0/9, Motion=8, YOLO=0, Состояние=СВОБОДЕН
2026-03-30 14:09:47,837 - INFO - [00:12:56] Стол 1: Активность=Нет, Ячеек активных=0/9, Motion=58, YOLO=0, Состояние=СВОБОДЕН
2026-03-30 14:09:48,538 - INFO - [00:12:57] Стол 1: Активность=Нет, Ячеек активных=0/9, Motion=267, YOLO=0, Состояние=СВОБОДЕН
2026-03-30 14:09:49,291 - INFO - [00:12:58] Стол 1: Активность=Нет, Ячеек активных=0/9, Motion=160, YOLO=0, Состояние=СВОБОДЕН
2026-03-30 14:09:49,988 - INFO - [00:13:00] Стол 1: Активность=Нет, Ячеек активных=0/9, Motion=190, YOLO=0, Состояние=СВОБОДЕН
2026-03-30 14:09:50,707 - INFO - [00:13:01] Стол 1: Активность=Нет, Ячеек активных=0/9, Motion=77, YOLO=0, Состояние=СВОБОДЕН
2026-03-30 14:09:51,416 - INFO - [00:13:02] Стол 1: Активность=Нет, Ячеек активных=0/9, Motion=30, YOLO=0, Состояние=СВОБОДЕН
2026-03-30 14:09:52,127 - INFO - [00:13:03] Стол 1: Активность=Нет, Ячеек активных=0/9, Motion=0, YOLO=0, Состояние=СВОБОДЕН
2026-03-30 14:09:52,830 - INFO - [00:13:04] Стол 1: Активность=Нет, Ячеек активных=0/9, Motion=0, YOLO=0, Состояние=СВОБОДЕН
2026-03-30 14:09:53,521 - INFO - [00:13:06] Стол 1: Активность=Нет, Ячеек активных=0/9, Motion=12, YOLO=0, Состояние=СВОБОДЕН
2026-03-30 14:09:54,215 - INFO - [00:13:07] Стол 1: Активность=Нет, Ячеек активных=0/9, Motion=8, YOLO=0, Состояние=СВОБОДЕН
2026-03-30 14:09:54,915 - INFO - [00:13:08] Стол 1: Активность=Нет, Ячеек активных=0/9, Motion=0, YOLO=0, Состояние=СВОБОДЕН
2026-03-30 14:09:55,600 - INFO - [00:13:09] Стол 1: Активность=Нет, Ячеек активных=0/9, Motion=13, YOLO=0, Состояние=СВОБОДЕН
2026-03-30 14:09:56,305 - INFO - [00:13:10] Стол 1: Активность=Нет, Ячеек активных=0/9, Motion=0, YOLO=0, Состояние=СВОБОДЕН
2026-03-30 14:09:56,998 - INFO - [00:13:12] Стол 1: Активность=Нет, Ячеек активных=0/9, Motion=52, YOLO=0, Состояние=СВОБОДЕН
2026-03-30 14:09:57,687 - INFO - [00:13:13] Стол 1: Активность=Нет, Ячеек активных=0/9, Motion=0, YOLO=0, Состояние=СВОБОДЕН
2026-03-30 14:09:58,384 - INFO - [00:13:14] Стол 1: Активность=Нет, Ячеек активных=0/9, Motion=0, YOLO=0, Состояние=СВОБОДЕН
2026-03-30 14:09:59,085 - INFO - [00:13:15] Стол 1: Активность=Нет, Ячеек активных=0/9, Motion=0, YOLO=0, Состояние=СВОБОДЕН
2026-03-30 14:09:59,789 - INFO - [00:13:16] Стол 1: Активность=Нет, Ячеек активных=0/9, Motion=0, YOLO=0, Состояние=СВОБОДЕН
2026-03-30 14:10:00,501 - INFO - [00:13:18] Стол 1: Активность=Нет, Ячеек активных=0/9, Motion=12, YOLO=0, Состояние=СВОБОДЕН
2026-03-30 14:10:01,205 - INFO - [00:13:19] Стол 1: Активность=Нет, Ячеек активных=0/9, Motion=2, YOLO=0, Состояние=СВОБОДЕН
2026-03-30 14:10:01,912 - INFO - [00:13:20] Стол 1: Активность=Нет, Ячеек активных=0/9, Motion=3, YOLO=0, Состояние=СВОБОДЕН
2026-03-30 14:10:02,611 - INFO - [00:13:21] Стол 1: Активность=Нет, Ячеек активных=0/9, Motion=35, YOLO=0, Состояние=СВОБОДЕН
2026-03-30 14:10:03,312 - INFO - [00:13:22] Стол 1: Активность=Нет, Ячеек активных=0/9, Motion=0, YOLO=0, Состояние=СВОБОДЕН
2026-03-30 14:10:04,003 - INFO - [00:13:24] Стол 1: Активность=Нет, Ячеек активных=0/9, Motion=0, YOLO=0, Состояние=СВОБОДЕН
2026-03-30 14:10:04,696 - INFO - [00:13:25] Стол 1: Активность=Нет, Ячеек активных=0/9, Motion=77, YOLO=0, Состояние=СВОБОДЕН
2026-03-30 14:10:05,390 - INFO - [00:13:26] Стол 1: Активность=Нет, Ячеек активных=0/9, Motion=13, YOLO=0, Состояние=СВОБОДЕН
2026-03-30 14:10:06,101 - INFO - [00:13:27] Стол 1: Активность=Нет, Ячеек активных=0/9, Motion=138, YOLO=0, Состояние=СВОБОДЕН
2026-03-30 14:10:06,812 - INFO - [00:13:28] Стол 1: Активность=Нет, Ячеек активных=0/9, Motion=11, YOLO=0, Состояние=СВОБОДЕН
2026-03-30 14:10:07,512 - INFO - [00:13:30] Стол 1: Активность=Нет, Ячеек активных=0/9, Motion=1, YOLO=0, Состояние=СВОБОДЕН
2026-03-30 14:10:08,212 - INFO - [00:13:31] Стол 1: Активность=Нет, Ячеек активных=0/9, Motion=2, YOLO=0, Состояние=СВОБОДЕН
2026-03-30 14:10:08,918 - INFO - [00:13:32] Стол 1: Активность=Нет, Ячеек активных=0/9, Motion=0, YOLO=0, Состояние=СВОБОДЕН
2026-03-30 14:10:09,619 - INFO - [00:13:33] Стол 1: Активность=Нет, Ячеек активных=0/9, Motion=0, YOLO=0, Состояние=СВОБОДЕН
2026-03-30 14:10:10,335 - INFO - [00:13:34] Стол 1: Активность=Нет, Ячеек активных=0/9, Motion=0, YOLO=0, Состояние=СВОБОДЕН
2026-03-30 14:10:11,048 - INFO - [00:13:36] Стол 1: Активность=Нет, Ячеек активных=0/9, Motion=1, YOLO=0, Состояние=СВОБОДЕН
2026-03-30 14:10:11,762 - INFO - [00:13:37] Стол 1: Активность=Нет, Ячеек активных=0/9, Motion=0, YOLO=0, Состояние=СВОБОДЕН
2026-03-30 14:10:12,479 - INFO - [00:13:38] Стол 1: Активность=Нет, Ячеек активных=0/9, Motion=0, YOLO=0, Состояние=СВОБОДЕН
2026-03-30 14:10:13,183 - INFO - [00:13:39] Стол 1: Активность=Нет, Ячеек активных=0/9, Motion=7, YOLO=0, Состояние=СВОБОДЕН
2026-03-30 14:10:13,890 - INFO - [00:13:40] Стол 1: Активность=Нет, Ячеек активных=0/9, Motion=0, YOLO=0, Состояние=СВОБОДЕН
2026-03-30 14:10:14,589 - INFO - [00:13:42] Стол 1: Активность=Нет, Ячеек активных=0/9, Motion=2, YOLO=0, Состояние=СВОБОДЕН
2026-03-30 14:10:15,289 - INFO - [00:13:43] Стол 1: Активность=Нет, Ячеек активных=0/9, Motion=0, YOLO=0, Состояние=СВОБОДЕН
2026-03-30 14:10:16,039 - INFO - [00:13:44] Стол 1: Активность=Нет, Ячеек активных=0/9, Motion=0, YOLO=0, Состояние=СВОБОДЕН
2026-03-30 14:10:16,752 - INFO - [00:13:45] Стол 1: Активность=Нет, Ячеек активных=0/9, Motion=0, YOLO=0, Состояние=СВОБОДЕН
2026-03-30 14:10:17,452 - INFO - [00:13:46] Стол 1: Активность=Нет, Ячеек активных=0/9, Motion=0, YOLO=0, Состояние=СВОБОДЕН
2026-03-30 14:10:18,177 - INFO - [00:13:48] Стол 1: Активность=Нет, Ячеек активных=0/9, Motion=0, YOLO=0, Состояние=СВОБОДЕН
2026-03-30 14:10:18,915 - INFO - [00:13:49] Стол 1: Активность=Нет, Ячеек активных=0/9, Motion=0, YOLO=0, Состояние=СВОБОДЕН
2026-03-30 14:10:19,668 - INFO - [00:13:50] Стол 1: Активность=Нет, Ячеек активных=0/9, Motion=3, YOLO=0, Состояние=СВОБОДЕН
2026-03-30 14:10:20,386 - INFO - [00:13:51] Стол 1: Активность=Нет, Ячеек активных=0/9, Motion=10, YOLO=0, Состояние=СВОБОДЕН
2026-03-30 14:10:21,100 - INFO - [00:13:52] Стол 1: Активность=Нет, Ячеек активных=0/9, Motion=5, YOLO=0, Состояние=СВОБОДЕН
2026-03-30 14:10:21,997 - INFO - [00:13:54] Стол 1: Активность=Нет, Ячеек активных=0/9, Motion=0, YOLO=0, Состояние=СВОБОДЕН
2026-03-30 14:10:22,798 - INFO - [00:13:55] Стол 1: Активность=Нет, Ячеек активных=0/9, Motion=0, YOLO=0, Состояние=СВОБОДЕН
2026-03-30 14:10:23,607 - INFO - [00:13:56] Стол 1: Активность=Нет, Ячеек активных=0/9, Motion=0, YOLO=0, Состояние=СВОБОДЕН
2026-03-30 14:10:24,366 - INFO - [00:13:57] Стол 1: Активность=Нет, Ячеек активных=0/9, Motion=0, YOLO=0, Состояние=СВОБОДЕН
2026-03-30 14:10:25,164 - INFO - [00:13:58] Стол 1: Активность=Нет, Ячеек активных=0/9, Motion=3, YOLO=0, Состояние=СВОБОДЕН
2026-03-30 14:10:26,064 - INFO - [00:14:00] Стол 1: Активность=Нет, Ячеек активных=0/9, Motion=0, YOLO=0, Состояние=СВОБОДЕН
2026-03-30 14:10:26,828 - INFO - [00:14:01] Стол 1: Активность=Нет, Ячеек активных=0/9, Motion=5, YOLO=0, Состояние=СВОБОДЕН
2026-03-30 14:10:27,527 - INFO - [00:14:02] Стол 1: Активность=Нет, Ячеек активных=0/9, Motion=3, YOLO=0, Состояние=СВОБОДЕН
2026-03-30 14:10:28,218 - INFO - [00:14:03] Стол 1: Активность=Нет, Ячеек активных=0/9, Motion=0, YOLO=0, Состояние=СВОБОДЕН
2026-03-30 14:10:28,911 - INFO - [00:14:04] Стол 1: Активность=Нет, Ячеек активных=0/9, Motion=0, YOLO=0, Состояние=СВОБОДЕН
2026-03-30 14:10:29,614 - INFO - [00:14:06] Стол 1: Активность=Нет, Ячеек активных=0/9, Motion=0, YOLO=0, Состояние=СВОБОДЕН
2026-03-30 14:10:30,328 - INFO - [00:14:07] Стол 1: Активность=Нет, Ячеек активных=0/9, Motion=0, YOLO=0, Состояние=СВОБОДЕН
2026-03-30 14:10:31,031 - INFO - [00:14:08] Стол 1: Активность=Нет, Ячеек активных=0/9, Motion=0, YOLO=0, Состояние=СВОБОДЕН
2026-03-30 14:10:31,719 - INFO - [00:14:09] Стол 1: Активность=Нет, Ячеек активных=0/9, Motion=0, YOLO=0, Состояние=СВОБОДЕН
2026-03-30 14:10:32,417 - INFO - [00:14:10] Стол 1: Активность=Нет, Ячеек активных=0/9, Motion=0, YOLO=0, Состояние=СВОБОДЕН
2026-03-30 14:10:33,108 - INFO - [00:14:12] Стол 1: Активность=Нет, Ячеек активных=0/9, Motion=3, YOLO=0, Состояние=СВОБОДЕН
2026-03-30 14:10:33,798 - INFO - [00:14:13] Стол 1: Активность=Нет, Ячеек активных=0/9, Motion=0, YOLO=0, Состояние=СВОБОДЕН
2026-03-30 14:10:34,495 - INFO - [00:14:14] Стол 1: Активность=Нет, Ячеек активных=0/9, Motion=1, YOLO=0, Состояние=СВОБОДЕН
2026-03-30 14:10:35,195 - INFO - [00:14:15] Стол 1: Активность=Нет, Ячеек активных=0/9, Motion=0, YOLO=0, Состояние=СВОБОДЕН
2026-03-30 14:10:35,898 - INFO - [00:14:16] Стол 1: Активность=Нет, Ячеек активных=0/9, Motion=0, YOLO=0, Состояние=СВОБОДЕН
2026-03-30 14:10:36,598 - INFO - [00:14:18] Стол 1: Активность=Нет, Ячеек активных=0/9, Motion=0, YOLO=0, Состояние=СВОБОДЕН
2026-03-30 14:10:37,298 - INFO - [00:14:19] Стол 1: Активность=Нет, Ячеек активных=0/9, Motion=0, YOLO=0, Состояние=СВОБОДЕН
2026-03-30 14:10:38,035 - INFO - [00:14:20] Стол 1: Активность=Нет, Ячеек активных=0/9, Motion=0, YOLO=0, Состояние=СВОБОДЕН
2026-03-30 14:10:38,755 - INFO - [00:14:21] Стол 1: Активность=Нет, Ячеек активных=0/9, Motion=0, YOLO=0, Состояние=СВОБОДЕН
2026-03-30 14:10:39,459 - INFO - [00:14:22] Стол 1: Активность=Нет, Ячеек активных=0/9, Motion=0, YOLO=0, Состояние=СВОБОДЕН
2026-03-30 14:10:40,150 - INFO - [00:14:24] Стол 1: Активность=Нет, Ячеек активных=0/9, Motion=0, YOLO=0, Состояние=СВОБОДЕН
2026-03-30 14:10:40,846 - INFO - [00:14:25] Стол 1: Активность=Нет, Ячеек активных=0/9, Motion=0, YOLO=0, Состояние=СВОБОДЕН
2026-03-30 14:10:41,541 - INFO - [00:14:26] Стол 1: Активность=Нет, Ячеек активных=0/9, Motion=0, YOLO=0, Состояние=СВОБОДЕН
2026-03-30 14:10:42,236 - INFO - [00:14:27] Стол 1: Активность=Нет, Ячеек активных=0/9, Motion=0, YOLO=0, Состояние=СВОБОДЕН
2026-03-30 14:10:42,929 - INFO - [00:14:28] Стол 1: Активность=Нет, Ячеек активных=0/9, Motion=0, YOLO=0, Состояние=СВОБОДЕН
2026-03-30 14:10:43,623 - INFO - [00:14:30] Стол 1: Активность=Нет, Ячеек активных=0/9, Motion=0, YOLO=0, Состояние=СВОБОДЕН
2026-03-30 14:10:44,312 - INFO - [00:14:31] Стол 1: Активность=Нет, Ячеек активных=0/9, Motion=0, YOLO=0, Состояние=СВОБОДЕН
2026-03-30 14:10:45,015 - INFO - [00:14:32] Стол 1: Активность=Нет, Ячеек активных=0/9, Motion=0, YOLO=0, Состояние=СВОБОДЕН
2026-03-30 14:10:45,713 - INFO - [00:14:33] Стол 1: Активность=Нет, Ячеек активных=0/9, Motion=0, YOLO=0, Состояние=СВОБОДЕН
2026-03-30 14:10:46,415 - INFO - [00:14:34] Стол 1: Активность=Нет, Ячеек активных=0/9, Motion=0, YOLO=0, Состояние=СВОБОДЕН
2026-03-30 14:10:47,109 - INFO - [00:14:36] Стол 1: Активность=Нет, Ячеек активных=0/9, Motion=0, YOLO=0, Состояние=СВОБОДЕН
2026-03-30 14:10:47,811 - INFO - [00:14:37] Стол 1: Активность=Нет, Ячеек активных=0/9, Motion=0, YOLO=0, Состояние=СВОБОДЕН
2026-03-30 14:10:48,506 - INFO - [00:14:38] Стол 1: Активность=Нет, Ячеек активных=0/9, Motion=0, YOLO=0, Состояние=СВОБОДЕН
2026-03-30 14:10:49,200 - INFO - [00:14:39] Стол 1: Активность=Нет, Ячеек активных=0/9, Motion=0, YOLO=0, Состояние=СВОБОДЕН
2026-03-30 14:10:49,892 - INFO - [00:14:40] Стол 1: Активность=Нет, Ячеек активных=0/9, Motion=0, YOLO=0, Состояние=СВОБОДЕН
2026-03-30 14:10:50,579 - INFO - [00:14:42] Стол 1: Активность=Нет, Ячеек активных=0/9, Motion=0, YOLO=0, Состояние=СВОБОДЕН
2026-03-30 14:10:51,271 - INFO - [00:14:43] Стол 1: Активность=Нет, Ячеек активных=0/9, Motion=0, YOLO=0, Состояние=СВОБОДЕН
2026-03-30 14:10:51,970 - INFO - [00:14:44] Стол 1: Активность=Нет, Ячеек активных=0/9, Motion=0, YOLO=0, Состояние=СВОБОДЕН
2026-03-30 14:10:52,656 - INFO - [00:14:45] Стол 1: Активность=Нет, Ячеек активных=0/9, Motion=0, YOLO=0, Состояние=СВОБОДЕН
2026-03-30 14:10:53,351 - INFO - [00:14:46] Стол 1: Активность=Нет, Ячеек активных=0/9, Motion=0, YOLO=0, Состояние=СВОБОДЕН
2026-03-30 14:10:54,043 - INFO - [00:14:48] Стол 1: Активность=Нет, Ячеек активных=0/9, Motion=0, YOLO=0, Состояние=СВОБОДЕН
2026-03-30 14:10:54,733 - INFO - [00:14:49] Стол 1: Активность=Нет, Ячеек активных=0/9, Motion=0, YOLO=0, Состояние=СВОБОДЕН
2026-03-30 14:10:55,433 - INFO - [00:14:50] Стол 1: Активность=Нет, Ячеек активных=0/9, Motion=0, YOLO=0, Состояние=СВОБОДЕН
2026-03-30 14:10:56,130 - INFO - [00:14:51] Стол 1: Активность=Нет, Ячеек активных=0/9, Motion=0, YOLO=0, Состояние=СВОБОДЕН
2026-03-30 14:10:56,827 - INFO - [00:14:52] Стол 1: Активность=Нет, Ячеек активных=0/9, Motion=0, YOLO=0, Состояние=СВОБОДЕН
2026-03-30 14:10:57,512 - INFO - [00:14:54] Стол 1: Активность=Нет, Ячеек активных=0/9, Motion=0, YOLO=0, Состояние=СВОБОДЕН
2026-03-30 14:10:58,201 - INFO - [00:14:55] Стол 1: Активность=Нет, Ячеек активных=0/9, Motion=0, YOLO=0, Состояние=СВОБОДЕН
2026-03-30 14:10:58,906 - INFO - [00:14:56] Стол 1: Активность=Нет, Ячеек активных=0/9, Motion=0, YOLO=0, Состояние=СВОБОДЕН
2026-03-30 14:10:59,591 - INFO - [00:14:57] Стол 1: Активность=Нет, Ячеек активных=0/9, Motion=0, YOLO=0, Состояние=СВОБОДЕН
2026-03-30 14:11:00,301 - INFO - [00:14:58] Стол 1: Активность=Нет, Ячеек активных=0/9, Motion=0, YOLO=0, Состояние=СВОБОДЕН
2026-03-30 14:11:00,987 - INFO - [00:15:00] Стол 1: Активность=Нет, Ячеек активных=0/9, Motion=2, YOLO=0, Состояние=СВОБОДЕН
2026-03-30 14:11:01,675 - INFO - [00:15:01] Стол 1: Активность=Нет, Ячеек активных=0/9, Motion=0, YOLO=0, Состояние=СВОБОДЕН
2026-03-30 14:11:02,371 - INFO - [00:15:02] Стол 1: Активность=Нет, Ячеек активных=0/9, Motion=0, YOLO=0, Состояние=СВОБОДЕН
2026-03-30 14:11:03,056 - INFO - [00:15:03] Стол 1: Активность=Нет, Ячеек активных=0/9, Motion=0, YOLO=0, Состояние=СВОБОДЕН
2026-03-30 14:11:03,748 - INFO - [00:15:04] Стол 1: Активность=Нет, Ячеек активных=0/9, Motion=0, YOLO=0, Состояние=СВОБОДЕН
2026-03-30 14:11:04,444 - INFO - [00:15:06] Стол 1: Активность=Нет, Ячеек активных=0/9, Motion=0, YOLO=0, Состояние=СВОБОДЕН
2026-03-30 14:11:05,132 - INFO - [00:15:07] Стол 1: Активность=Нет, Ячеек активных=0/9, Motion=0, YOLO=0, Состояние=СВОБОДЕН
2026-03-30 14:11:05,832 - INFO - [00:15:08] Стол 1: Активность=Нет, Ячеек активных=0/9, Motion=0, YOLO=0, Состояние=СВОБОДЕН
2026-03-30 14:11:06,520 - INFO - [00:15:09] Стол 1: Активность=Нет, Ячеек активных=0/9, Motion=4, YOLO=0, Состояние=СВОБОДЕН
2026-03-30 14:11:07,217 - INFO - [00:15:10] Стол 1: Активность=Нет, Ячеек активных=0/9, Motion=0, YOLO=0, Состояние=СВОБОДЕН
2026-03-30 14:11:07,913 - INFO - [00:15:12] Стол 1: Активность=Нет, Ячеек активных=0/9, Motion=0, YOLO=0, Состояние=СВОБОДЕН
2026-03-30 14:11:08,601 - INFO - [00:15:13] Стол 1: Активность=Нет, Ячеек активных=0/9, Motion=0, YOLO=0, Состояние=СВОБОДЕН
