2026-03-30 11:40:17,273 - INFO - Загрузка модели YOLOv8n...
2026-03-30 11:40:17,371 - INFO - Модель загружена
2026-03-30 11:40:31,237 - INFO - Выбрано столиков: 1
2026-03-30 11:40:33,366 - INFO - [00:00:00] Стол 1: Активность=Да, Ячеек активных=0/9, Motion=0, YOLO=1, Состояние=СВОБОДЕН
2026-03-30 11:40:33,366 - INFO - [0.00s] 🟡 Стол #1: старт стабилизации посадки
2026-03-30 11:40:34,460 - INFO - [00:00:01] Стол 1: Активность=Да, Ячеек активных=1/9, Motion=15681, YOLO=1, Состояние=СВОБОДЕН
2026-03-30 11:40:35,548 - INFO - [00:00:03] Стол 1: Активность=Да, Ячеек активных=1/9, Motion=15315, YOLO=2, Состояние=СВОБОДЕН
2026-03-30 11:40:36,659 - INFO - [00:00:04] Стол 1: Активность=Да, Ячеек активных=1/9, Motion=11037, YOLO=2, Состояние=СВОБОДЕН
2026-03-30 11:40:37,771 - INFO - [00:00:06] Стол 1: Активность=Нет, Ячеек активных=1/9, Motion=9498, YOLO=0, Состояние=СВОБОДЕН
2026-03-30 11:40:37,771 - INFO - [6.00s] 🟡 Стол #1: ложное срабатывание, сброс таймера посадки
2026-03-30 11:40:38,824 - INFO - [00:00:07] Стол 1: Активность=Да, Ячеек активных=1/9, Motion=9527, YOLO=1, Состояние=СВОБОДЕН
2026-03-30 11:40:38,824 - INFO - [7.50s] 🟡 Стол #1: старт стабилизации посадки
2026-03-30 11:40:39,895 - INFO - [00:00:09] Стол 1: Активность=Да, Ячеек активных=0/9, Motion=7981, YOLO=1, Состояние=СВОБОДЕН
2026-03-30 11:40:41,016 - INFO - [00:00:10] Стол 1: Активность=Да, Ячеек активных=3/9, Motion=38764, YOLO=1, Состояние=СВОБОДЕН
2026-03-30 11:40:42,133 - INFO - [00:00:12] Стол 1: Активность=Да, Ячеек активных=2/9, Motion=23360, YOLO=1, Состояние=СВОБОДЕН
2026-03-30 11:40:43,201 - INFO - [00:00:13] Стол 1: Активность=Да, Ячеек активных=2/9, Motion=20815, YOLO=1, Состояние=СВОБОДЕН
2026-03-30 11:40:44,275 - INFO - [00:00:15] Стол 1: Активность=Да, Ячеек активных=2/9, Motion=18538, YOLO=2, Состояние=СВОБОДЕН
2026-03-30 11:40:45,404 - INFO - [00:00:16] Стол 1: Активность=Да, Ячеек активных=2/9, Motion=16437, YOLO=1, Состояние=СВОБОДЕН
2026-03-30 11:40:46,514 - INFO - [00:00:18] Стол 1: Активность=Да, Ячеек активных=1/9, Motion=12218, YOLO=1, Состояние=СВОБОДЕН
2026-03-30 11:40:46,515 - INFO - [18.00s] ✅ Стол #1: КЛИЕНТ СЕЛ
2026-03-30 11:40:47,571 - INFO - [00:00:19] Стол 1: Активность=Да, Ячеек активных=1/9, Motion=8590, YOLO=2, Состояние=ЗАНЯТ
2026-03-30 11:40:48,642 - INFO - [00:00:21] Стол 1: Активность=Да, Ячеек активных=1/9, Motion=18710, YOLO=2, Состояние=ЗАНЯТ
2026-03-30 11:40:49,762 - INFO - [00:00:22] Стол 1: Активность=Да, Ячеек активных=2/9, Motion=16237, YOLO=2, Состояние=ЗАНЯТ
2026-03-30 11:40:50,898 - INFO - [00:00:24] Стол 1: Активность=Да, Ячеек активных=1/9, Motion=17101, YOLO=1, Состояние=ЗАНЯТ
2026-03-30 11:40:51,949 - INFO - [00:00:25] Стол 1: Активность=Да, Ячеек активных=0/9, Motion=5507, YOLO=1, Состояние=ЗАНЯТ
2026-03-30 11:40:53,031 - INFO - [00:00:27] Стол 1: Активность=Да, Ячеек активных=0/9, Motion=4213, YOLO=1, Состояние=ЗАНЯТ
2026-03-30 11:40:54,144 - INFO - [00:00:28] Стол 1: Активность=Да, Ячеек активных=2/9, Motion=22286, YOLO=1, Состояние=ЗАНЯТ
2026-03-30 11:40:55,259 - INFO - [00:00:30] Стол 1: Активность=Да, Ячеек активных=2/9, Motion=16270, YOLO=1, Состояние=ЗАНЯТ
2026-03-30 11:40:56,314 - INFO - [00:00:31] Стол 1: Активность=Да, Ячеек активных=2/9, Motion=31076, YOLO=1, Состояние=ЗАНЯТ
2026-03-30 11:40:57,389 - INFO - [00:00:33] Стол 1: Активность=Да, Ячеек активных=2/9, Motion=27108, YOLO=3, Состояние=ЗАНЯТ
2026-03-30 11:40:58,498 - INFO - [00:00:34] Стол 1: Активность=Да, Ячеек активных=2/9, Motion=27926, YOLO=1, Состояние=ЗАНЯТ
2026-03-30 11:40:59,610 - INFO - [00:00:36] Стол 1: Активность=Да, Ячеек активных=2/9, Motion=28056, YOLO=1, Состояние=ЗАНЯТ
2026-03-30 11:41:00,690 - INFO - [00:00:37] Стол 1: Активность=Да, Ячеек активных=1/9, Motion=11485, YOLO=1, Состояние=ЗАНЯТ
2026-03-30 11:41:01,775 - INFO - [00:00:39] Стол 1: Активность=Да, Ячеек активных=2/9, Motion=28460, YOLO=0, Состояние=ЗАНЯТ
2026-03-30 11:41:02,907 - INFO - [00:00:40] Стол 1: Активность=Да, Ячеек активных=4/9, Motion=46000, YOLO=1, Состояние=ЗАНЯТ
2026-03-30 11:41:03,986 - INFO - [00:00:42] Стол 1: Активность=Да, Ячеек активных=4/9, Motion=103483, YOLO=1, Состояние=ЗАНЯТ
2026-03-30 11:41:05,094 - INFO - [00:00:43] Стол 1: Активность=Да, Ячеек активных=3/9, Motion=55709, YOLO=0, Состояние=ЗАНЯТ
2026-03-30 11:41:06,193 - INFO - [00:00:45] Стол 1: Активность=Да, Ячеек активных=2/9, Motion=48438, YOLO=0, Состояние=ЗАНЯТ
2026-03-30 11:41:07,291 - INFO - [00:00:46] Стол 1: Активность=Нет, Ячеек активных=1/9, Motion=36140, YOLO=0, Состояние=ЗАНЯТ
2026-03-30 11:41:07,291 - INFO - [46.50s] ⚠️ Стол #1: нет активности, старт таймера ухода (20.0s)
2026-03-30 11:41:07,291 - INFO - [46.50s] ⏱ Стол #1: без движения 0.0/20.0s
2026-03-30 11:41:08,424 - INFO - [00:00:48] Стол 1: Активность=Нет, Ячеек активных=1/9, Motion=22887, YOLO=0, Состояние=ЗАНЯТ
2026-03-30 11:41:08,424 - INFO - [48.00s] ⏱ Стол #1: без движения 1.5/20.0s
2026-03-30 11:41:09,493 - INFO - [00:00:49] Стол 1: Активность=Нет, Ячеек активных=1/9, Motion=10447, YOLO=0, Состояние=ЗАНЯТ
2026-03-30 11:41:09,493 - INFO - [49.50s] ⏱ Стол #1: без движения 3.0/20.0s
2026-03-30 11:41:10,598 - INFO - [00:00:51] Стол 1: Активность=Да, Ячеек активных=2/9, Motion=34910, YOLO=0, Состояние=ЗАНЯТ
2026-03-30 11:41:11,719 - INFO - [00:00:52] Стол 1: Активность=Да, Ячеек активных=3/9, Motion=42020, YOLO=0, Состояние=ЗАНЯТ
2026-03-30 11:41:12,868 - INFO - [00:00:54] Стол 1: Активность=Да, Ячеек активных=2/9, Motion=31241, YOLO=0, Состояние=ЗАНЯТ
2026-03-30 11:41:13,945 - INFO - [00:00:55] Стол 1: Активность=Да, Ячеек активных=3/9, Motion=31752, YOLO=0, Состояние=ЗАНЯТ
2026-03-30 11:41:15,050 - INFO - [00:00:57] Стол 1: Активность=Да, Ячеек активных=2/9, Motion=24493, YOLO=1, Состояние=ЗАНЯТ
2026-03-30 11:41:16,190 - INFO - [00:00:58] Стол 1: Активность=Да, Ячеек активных=2/9, Motion=24980, YOLO=0, Состояние=ЗАНЯТ
2026-03-30 11:41:17,347 - INFO - [00:01:00] Стол 1: Активность=Да, Ячеек активных=3/9, Motion=65935, YOLO=1, Состояние=ЗАНЯТ
2026-03-30 11:41:18,426 - INFO - [00:01:01] Стол 1: Активность=Да, Ячеек активных=3/9, Motion=50827, YOLO=1, Состояние=ЗАНЯТ
2026-03-30 11:41:19,516 - INFO - [00:01:03] Стол 1: Активность=Да, Ячеек активных=3/9, Motion=36400, YOLO=1, Состояние=ЗАНЯТ
2026-03-30 11:41:20,612 - INFO - [00:01:04] Стол 1: Активность=Да, Ячеек активных=4/9, Motion=27544, YOLO=1, Состояние=ЗАНЯТ
2026-03-30 11:41:21,747 - INFO - [00:01:06] Стол 1: Активность=Да, Ячеек активных=3/9, Motion=41618, YOLO=1, Состояние=ЗАНЯТ
2026-03-30 11:41:22,814 - INFO - [00:01:07] Стол 1: Активность=Да, Ячеек активных=3/9, Motion=33729, YOLO=0, Состояние=ЗАНЯТ
2026-03-30 11:41:23,906 - INFO - [00:01:09] Стол 1: Активность=Да, Ячеек активных=3/9, Motion=27319, YOLO=1, Состояние=ЗАНЯТ
2026-03-30 11:41:25,047 - INFO - [00:01:10] Стол 1: Активность=Да, Ячеек активных=3/9, Motion=43804, YOLO=1, Состояние=ЗАНЯТ
2026-03-30 11:41:26,219 - INFO - [00:01:12] Стол 1: Активность=Да, Ячеек активных=4/9, Motion=67241, YOLO=1, Состояние=ЗАНЯТ
2026-03-30 11:41:27,320 - INFO - [00:01:13] Стол 1: Активность=Да, Ячеек активных=4/9, Motion=63381, YOLO=3, Состояние=ЗАНЯТ
2026-03-30 11:41:28,425 - INFO - [00:01:15] Стол 1: Активность=Да, Ячеек активных=5/9, Motion=65340, YOLO=2, Состояние=ЗАНЯТ
2026-03-30 11:41:29,532 - INFO - [00:01:16] Стол 1: Активность=Да, Ячеек активных=4/9, Motion=45854, YOLO=2, Состояние=ЗАНЯТ
2026-03-30 11:41:30,669 - INFO - [00:01:18] Стол 1: Активность=Да, Ячеек активных=4/9, Motion=39837, YOLO=1, Состояние=ЗАНЯТ
2026-03-30 11:41:31,760 - INFO - [00:01:19] Стол 1: Активность=Да, Ячеек активных=2/9, Motion=24908, YOLO=2, Состояние=ЗАНЯТ
2026-03-30 11:41:32,864 - INFO - [00:01:21] Стол 1: Активность=Да, Ячеек активных=2/9, Motion=22280, YOLO=2, Состояние=ЗАНЯТ
2026-03-30 11:41:33,999 - INFO - [00:01:22] Стол 1: Активность=Да, Ячеек активных=2/9, Motion=21019, YOLO=2, Состояние=ЗАНЯТ
2026-03-30 11:41:35,135 - INFO - [00:01:24] Стол 1: Активность=Да, Ячеек активных=2/9, Motion=16484, YOLO=2, Состояние=ЗАНЯТ
2026-03-30 11:41:36,197 - INFO - [00:01:25] Стол 1: Активность=Да, Ячеек активных=1/9, Motion=16390, YOLO=2, Состояние=ЗАНЯТ
2026-03-30 11:41:37,293 - INFO - [00:01:27] Стол 1: Активность=Да, Ячеек активных=4/9, Motion=51998, YOLO=4, Состояние=ЗАНЯТ
2026-03-30 11:41:38,397 - INFO - [00:01:28] Стол 1: Активность=Да, Ячеек активных=4/9, Motion=41501, YOLO=3, Состояние=ЗАНЯТ
2026-03-30 11:41:39,563 - INFO - [00:01:30] Стол 1: Активность=Да, Ячеек активных=4/9, Motion=54776, YOLO=2, Состояние=ЗАНЯТ
2026-03-30 11:41:40,658 - INFO - [00:01:31] Стол 1: Активность=Да, Ячеек активных=4/9, Motion=89711, YOLO=2, Состояние=ЗАНЯТ
2026-03-30 11:41:41,771 - INFO - [00:01:33] Стол 1: Активность=Да, Ячеек активных=4/9, Motion=60128, YOLO=3, Состояние=ЗАНЯТ
2026-03-30 11:41:42,923 - INFO - [00:01:34] Стол 1: Активность=Да, Ячеек активных=5/9, Motion=63146, YOLO=2, Состояние=ЗАНЯТ
2026-03-30 11:41:43,994 - INFO - [00:01:36] Стол 1: Активность=Да, Ячеек активных=5/9, Motion=51462, YOLO=3, Состояние=ЗАНЯТ
2026-03-30 11:41:45,137 - INFO - [00:01:37] Стол 1: Активность=Да, Ячеек активных=3/9, Motion=46450, YOLO=3, Состояние=ЗАНЯТ
2026-03-30 11:41:46,235 - INFO - [00:01:39] Стол 1: Активность=Да, Ячеек активных=4/9, Motion=38761, YOLO=3, Состояние=ЗАНЯТ
2026-03-30 11:41:47,383 - INFO - [00:01:40] Стол 1: Активность=Да, Ячеек активных=4/9, Motion=33081, YOLO=2, Состояние=ЗАНЯТ
2026-03-30 11:41:48,525 - INFO - [00:01:42] Стол 1: Активность=Да, Ячеек активных=3/9, Motion=33764, YOLO=3, Состояние=ЗАНЯТ
2026-03-30 11:41:49,624 - INFO - [00:01:43] Стол 1: Активность=Да, Ячеек активных=4/9, Motion=31298, YOLO=2, Состояние=ЗАНЯТ
2026-03-30 11:41:50,754 - INFO - [00:01:45] Стол 1: Активность=Да, Ячеек активных=3/9, Motion=33014, YOLO=3, Состояние=ЗАНЯТ
2026-03-30 11:41:51,908 - INFO - [00:01:46] Стол 1: Активность=Да, Ячеек активных=2/9, Motion=31437, YOLO=4, Состояние=ЗАНЯТ
2026-03-30 11:41:53,047 - INFO - [00:01:48] Стол 1: Активность=Да, Ячеек активных=2/9, Motion=23265, YOLO=2, Состояние=ЗАНЯТ
2026-03-30 11:41:54,135 - INFO - [00:01:49] Стол 1: Активность=Да, Ячеек активных=2/9, Motion=24630, YOLO=3, Состояние=ЗАНЯТ
2026-03-30 11:41:55,223 - INFO - [00:01:51] Стол 1: Активность=Да, Ячеек активных=1/9, Motion=21942, YOLO=2, Состояние=ЗАНЯТ
2026-03-30 11:41:56,371 - INFO - [00:01:52] Стол 1: Активность=Да, Ячеек активных=3/9, Motion=29892, YOLO=1, Состояние=ЗАНЯТ
2026-03-30 11:41:57,520 - INFO - [00:01:54] Стол 1: Активность=Да, Ячеек активных=4/9, Motion=63864, YOLO=2, Состояние=ЗАНЯТ
2026-03-30 11:41:58,628 - INFO - [00:01:55] Стол 1: Активность=Да, Ячеек активных=4/9, Motion=51422, YOLO=2, Состояние=ЗАНЯТ
2026-03-30 11:41:59,751 - INFO - [00:01:57] Стол 1: Активность=Да, Ячеек активных=4/9, Motion=34005, YOLO=2, Состояние=ЗАНЯТ
2026-03-30 11:42:01,019 - INFO - [00:01:58] Стол 1: Активность=Да, Ячеек активных=3/9, Motion=22556, YOLO=2, Состояние=ЗАНЯТ
2026-03-30 11:42:02,232 - INFO - [00:02:00] Стол 1: Активность=Да, Ячеек активных=1/9, Motion=13683, YOLO=3, Состояние=ЗАНЯТ
2026-03-30 11:42:03,321 - INFO - [00:02:01] Стол 1: Активность=Да, Ячеек активных=0/9, Motion=11655, YOLO=2, Состояние=ЗАНЯТ
2026-03-30 11:42:04,421 - INFO - [00:02:03] Стол 1: Активность=Да, Ячеек активных=0/9, Motion=13281, YOLO=1, Состояние=ЗАНЯТ
2026-03-30 11:42:05,552 - INFO - [00:02:04] Стол 1: Активность=Да, Ячеек активных=1/9, Motion=16764, YOLO=2, Состояние=ЗАНЯТ
2026-03-30 11:42:06,682 - INFO - [00:02:06] Стол 1: Активность=Да, Ячеек активных=1/9, Motion=16451, YOLO=2, Состояние=ЗАНЯТ
2026-03-30 11:42:07,788 - INFO - [00:02:07] Стол 1: Активность=Да, Ячеек активных=4/9, Motion=32243, YOLO=2, Состояние=ЗАНЯТ
2026-03-30 11:42:08,912 - INFO - [00:02:09] Стол 1: Активность=Да, Ячеек активных=2/9, Motion=26219, YOLO=2, Состояние=ЗАНЯТ
2026-03-30 11:42:10,034 - INFO - [00:02:10] Стол 1: Активность=Да, Ячеек активных=2/9, Motion=25471, YOLO=2, Состояние=ЗАНЯТ
2026-03-30 11:42:11,181 - INFO - [00:02:12] Стол 1: Активность=Да, Ячеек активных=2/9, Motion=25417, YOLO=3, Состояние=ЗАНЯТ
2026-03-30 11:42:12,264 - INFO - [00:02:13] Стол 1: Активность=Да, Ячеек активных=3/9, Motion=50444, YOLO=4, Состояние=ЗАНЯТ
2026-03-30 11:42:13,399 - INFO - [00:02:15] Стол 1: Активность=Да, Ячеек активных=3/9, Motion=43314, YOLO=2, Состояние=ЗАНЯТ
2026-03-30 11:42:14,579 - INFO - [00:02:16] Стол 1: Активность=Да, Ячеек активных=2/9, Motion=36128, YOLO=3, Состояние=ЗАНЯТ
2026-03-30 11:42:15,756 - INFO - [00:02:18] Стол 1: Активность=Да, Ячеек активных=2/9, Motion=37244, YOLO=2, Состояние=ЗАНЯТ
2026-03-30 11:42:16,955 - INFO - [00:02:19] Стол 1: Активность=Да, Ячеек активных=3/9, Motion=34466, YOLO=3, Состояние=ЗАНЯТ
2026-03-30 11:42:18,065 - INFO - [00:02:21] Стол 1: Активность=Да, Ячеек активных=3/9, Motion=39864, YOLO=2, Состояние=ЗАНЯТ
2026-03-30 11:42:19,217 - INFO - [00:02:22] Стол 1: Активность=Да, Ячеек активных=4/9, Motion=57836, YOLO=2, Состояние=ЗАНЯТ
2026-03-30 11:42:20,373 - INFO - [00:02:24] Стол 1: Активность=Да, Ячеек активных=4/9, Motion=52431, YOLO=2, Состояние=ЗАНЯТ
2026-03-30 11:42:21,450 - INFO - [00:02:25] Стол 1: Активность=Да, Ячеек активных=3/9, Motion=35210, YOLO=2, Состояние=ЗАНЯТ
2026-03-30 11:42:22,553 - INFO - [00:02:27] Стол 1: Активность=Да, Ячеек активных=3/9, Motion=43963, YOLO=2, Состояние=ЗАНЯТ
2026-03-30 11:42:23,682 - INFO - [00:02:28] Стол 1: Активность=Да, Ячеек активных=3/9, Motion=40935, YOLO=3, Состояние=ЗАНЯТ
2026-03-30 11:42:24,822 - INFO - [00:02:30] Стол 1: Активность=Да, Ячеек активных=3/9, Motion=39911, YOLO=2, Состояние=ЗАНЯТ
2026-03-30 11:42:25,898 - INFO - [00:02:31] Стол 1: Активность=Да, Ячеек активных=2/9, Motion=30867, YOLO=2, Состояние=ЗАНЯТ
2026-03-30 11:42:26,984 - INFO - [00:02:33] Стол 1: Активность=Да, Ячеек активных=3/9, Motion=33362, YOLO=1, Состояние=ЗАНЯТ
2026-03-30 11:42:28,128 - INFO - [00:02:34] Стол 1: Активность=Да, Ячеек активных=4/9, Motion=71794, YOLO=2, Состояние=ЗАНЯТ
2026-03-30 11:42:29,208 - INFO - [00:02:36] Стол 1: Активность=Да, Ячеек активных=3/9, Motion=44726, YOLO=1, Состояние=ЗАНЯТ
2026-03-30 11:42:30,305 - INFO - [00:02:37] Стол 1: Активность=Да, Ячеек активных=4/9, Motion=68507, YOLO=3, Состояние=ЗАНЯТ
2026-03-30 11:42:31,402 - INFO - [00:02:39] Стол 1: Активность=Да, Ячеек активных=3/9, Motion=99697, YOLO=4, Состояние=ЗАНЯТ
2026-03-30 11:42:32,545 - INFO - [00:02:40] Стол 1: Активность=Да, Ячеек активных=4/9, Motion=158519, YOLO=4, Состояние=ЗАНЯТ
2026-03-30 11:42:33,692 - INFO - [00:02:42] Стол 1: Активность=Да, Ячеек активных=5/9, Motion=140905, YOLO=4, Состояние=ЗАНЯТ
2026-03-30 11:42:34,779 - INFO - [00:02:43] Стол 1: Активность=Да, Ячеек активных=4/9, Motion=122896, YOLO=3, Состояние=ЗАНЯТ
2026-03-30 11:42:35,886 - INFO - [00:02:45] Стол 1: Активность=Да, Ячеек активных=4/9, Motion=100616, YOLO=4, Состояние=ЗАНЯТ
2026-03-30 11:42:37,001 - INFO - [00:02:46] Стол 1: Активность=Да, Ячеек активных=4/9, Motion=70357, YOLO=5, Состояние=ЗАНЯТ
2026-03-30 11:42:38,135 - INFO - [00:02:48] Стол 1: Активность=Да, Ячеек активных=4/9, Motion=57902, YOLO=3, Состояние=ЗАНЯТ
2026-03-30 11:42:39,309 - INFO - [00:02:49] Стол 1: Активность=Да, Ячеек активных=4/9, Motion=47460, YOLO=3, Состояние=ЗАНЯТ
2026-03-30 11:42:40,403 - INFO - [00:02:51] Стол 1: Активность=Да, Ячеек активных=4/9, Motion=67165, YOLO=4, Состояние=ЗАНЯТ
2026-03-30 11:42:41,517 - INFO - [00:02:52] Стол 1: Активность=Да, Ячеек активных=4/9, Motion=91677, YOLO=4, Состояние=ЗАНЯТ
2026-03-30 11:42:42,679 - INFO - [00:02:54] Стол 1: Активность=Да, Ячеек активных=4/9, Motion=110753, YOLO=3, Состояние=ЗАНЯТ
2026-03-30 11:42:43,854 - INFO - [00:02:55] Стол 1: Активность=Да, Ячеек активных=4/9, Motion=90784, YOLO=3, Состояние=ЗАНЯТ
2026-03-30 11:42:44,979 - INFO - [00:02:57] Стол 1: Активность=Да, Ячеек активных=5/9, Motion=83553, YOLO=3, Состояние=ЗАНЯТ
2026-03-30 11:42:46,117 - INFO - [00:02:58] Стол 1: Активность=Да, Ячеек активных=4/9, Motion=56218, YOLO=3, Состояние=ЗАНЯТ
2026-03-30 11:42:47,250 - INFO - [00:03:00] Стол 1: Активность=Да, Ячеек активных=4/9, Motion=82697, YOLO=4, Состояние=ЗАНЯТ
2026-03-30 11:42:48,351 - INFO - [00:03:01] Стол 1: Активность=Да, Ячеек активных=4/9, Motion=82441, YOLO=4, Состояние=ЗАНЯТ
2026-03-30 11:42:49,460 - INFO - [00:03:03] Стол 1: Активность=Да, Ячеек активных=4/9, Motion=72073, YOLO=4, Состояние=ЗАНЯТ
2026-03-30 11:42:50,632 - INFO - [00:03:04] Стол 1: Активность=Да, Ячеек активных=4/9, Motion=52246, YOLO=4, Состояние=ЗАНЯТ
2026-03-30 11:42:51,776 - INFO - [00:03:06] Стол 1: Активность=Да, Ячеек активных=2/9, Motion=34225, YOLO=3, Состояние=ЗАНЯТ
2026-03-30 11:42:52,874 - INFO - [00:03:07] Стол 1: Активность=Да, Ячеек активных=2/9, Motion=46942, YOLO=3, Состояние=ЗАНЯТ
2026-03-30 11:42:53,986 - INFO - [00:03:09] Стол 1: Активность=Да, Ячеек активных=2/9, Motion=29752, YOLO=3, Состояние=ЗАНЯТ
2026-03-30 11:42:55,120 - INFO - [00:03:10] Стол 1: Активность=Да, Ячеек активных=2/9, Motion=24530, YOLO=3, Состояние=ЗАНЯТ
2026-03-30 11:42:56,249 - INFO - [00:03:12] Стол 1: Активность=Да, Ячеек активных=2/9, Motion=25290, YOLO=3, Состояние=ЗАНЯТ
2026-03-30 11:42:57,332 - INFO - [00:03:13] Стол 1: Активность=Да, Ячеек активных=3/9, Motion=23836, YOLO=3, Состояние=ЗАНЯТ
2026-03-30 11:42:58,447 - INFO - [00:03:15] Стол 1: Активность=Да, Ячеек активных=4/9, Motion=33916, YOLO=4, Состояние=ЗАНЯТ
2026-03-30 11:42:59,550 - INFO - [00:03:16] Стол 1: Активность=Да, Ячеек активных=4/9, Motion=82617, YOLO=2, Состояние=ЗАНЯТ
2026-03-30 11:43:00,635 - INFO - [00:03:18] Стол 1: Активность=Да, Ячеек активных=5/9, Motion=89510, YOLO=4, Состояние=ЗАНЯТ
2026-03-30 11:43:01,738 - INFO - [00:03:19] Стол 1: Активность=Да, Ячеек активных=4/9, Motion=64038, YOLO=2, Состояние=ЗАНЯТ
2026-03-30 11:43:02,854 - INFO - [00:03:21] Стол 1: Активность=Да, Ячеек активных=5/9, Motion=86392, YOLO=2, Состояние=ЗАНЯТ
2026-03-30 11:43:03,959 - INFO - [00:03:22] Стол 1: Активность=Да, Ячеек активных=4/9, Motion=55504, YOLO=2, Состояние=ЗАНЯТ
2026-03-30 11:43:05,026 - INFO - [00:03:24] Стол 1: Активность=Да, Ячеек активных=4/9, Motion=54461, YOLO=2, Состояние=ЗАНЯТ
2026-03-30 11:43:06,114 - INFO - [00:03:25] Стол 1: Активность=Да, Ячеек активных=3/9, Motion=56588, YOLO=2, Состояние=ЗАНЯТ
2026-03-30 11:43:07,201 - INFO - [00:03:27] Стол 1: Активность=Да, Ячеек активных=3/9, Motion=50979, YOLO=1, Состояние=ЗАНЯТ
2026-03-30 11:43:08,337 - INFO - [00:03:28] Стол 1: Активность=Да, Ячеек активных=3/9, Motion=27687, YOLO=2, Состояние=ЗАНЯТ
2026-03-30 11:43:09,479 - INFO - [00:03:30] Стол 1: Активность=Да, Ячеек активных=1/9, Motion=26079, YOLO=1, Состояние=ЗАНЯТ
2026-03-30 11:43:10,564 - INFO - [00:03:31] Стол 1: Активность=Да, Ячеек активных=1/9, Motion=22335, YOLO=3, Состояние=ЗАНЯТ
2026-03-30 11:43:11,653 - INFO - [00:03:33] Стол 1: Активность=Да, Ячеек активных=1/9, Motion=24153, YOLO=2, Состояние=ЗАНЯТ
2026-03-30 11:43:12,782 - INFO - [00:03:34] Стол 1: Активность=Да, Ячеек активных=2/9, Motion=34465, YOLO=2, Состояние=ЗАНЯТ
2026-03-30 11:43:13,921 - INFO - [00:03:36] Стол 1: Активность=Да, Ячеек активных=2/9, Motion=25801, YOLO=1, Состояние=ЗАНЯТ
2026-03-30 11:43:15,002 - INFO - [00:03:37] Стол 1: Активность=Да, Ячеек активных=2/9, Motion=30589, YOLO=1, Состояние=ЗАНЯТ
2026-03-30 11:43:16,108 - INFO - [00:03:39] Стол 1: Активность=Да, Ячеек активных=2/9, Motion=20755, YOLO=1, Состояние=ЗАНЯТ
2026-03-30 11:43:17,250 - INFO - [00:03:40] Стол 1: Активность=Да, Ячеек активных=1/9, Motion=15156, YOLO=1, Состояние=ЗАНЯТ
2026-03-30 11:43:18,362 - INFO - [00:03:42] Стол 1: Активность=Да, Ячеек активных=2/9, Motion=24372, YOLO=1, Состояние=ЗАНЯТ
2026-03-30 11:43:19,533 - INFO - [00:03:43] Стол 1: Активность=Да, Ячеек активных=3/9, Motion=40795, YOLO=1, Состояние=ЗАНЯТ
2026-03-30 11:43:20,645 - INFO - [00:03:45] Стол 1: Активность=Да, Ячеек активных=3/9, Motion=48730, YOLO=1, Состояние=ЗАНЯТ
2026-03-30 11:43:21,749 - INFO - [00:03:46] Стол 1: Активность=Да, Ячеек активных=5/9, Motion=105788, YOLO=3, Состояние=ЗАНЯТ
2026-03-30 11:43:22,821 - INFO - [00:03:48] Стол 1: Активность=Да, Ячеек активных=4/9, Motion=88150, YOLO=2, Состояние=ЗАНЯТ
2026-03-30 11:43:23,915 - INFO - [00:03:49] Стол 1: Активность=Да, Ячеек активных=5/9, Motion=79005, YOLO=3, Состояние=ЗАНЯТ
2026-03-30 11:43:25,015 - INFO - [00:03:51] Стол 1: Активность=Да, Ячеек активных=5/9, Motion=80857, YOLO=4, Состояние=ЗАНЯТ
2026-03-30 11:43:26,120 - INFO - [00:03:52] Стол 1: Активность=Да, Ячеек активных=5/9, Motion=88246, YOLO=3, Состояние=ЗАНЯТ
2026-03-30 11:43:27,231 - INFO - [00:03:54] Стол 1: Активность=Да, Ячеек активных=5/9, Motion=116378, YOLO=3, Состояние=ЗАНЯТ
2026-03-30 11:43:28,368 - INFO - [00:03:55] Стол 1: Активность=Да, Ячеек активных=6/9, Motion=164987, YOLO=3, Состояние=ЗАНЯТ
2026-03-30 11:43:29,481 - INFO - [00:03:57] Стол 1: Активность=Да, Ячеек активных=6/9, Motion=68373, YOLO=4, Состояние=ЗАНЯТ
2026-03-30 11:43:30,634 - INFO - [00:03:58] Стол 1: Активность=Да, Ячеек активных=6/9, Motion=101236, YOLO=3, Состояние=ЗАНЯТ
2026-03-30 11:43:31,790 - INFO - [00:04:00] Стол 1: Активность=Да, Ячеек активных=5/9, Motion=80724, YOLO=5, Состояние=ЗАНЯТ
2026-03-30 11:43:32,907 - INFO - [00:04:01] Стол 1: Активность=Да, Ячеек активных=3/9, Motion=46824, YOLO=4, Состояние=ЗАНЯТ
2026-03-30 11:43:34,053 - INFO - [00:04:03] Стол 1: Активность=Да, Ячеек активных=4/9, Motion=79007, YOLO=4, Состояние=ЗАНЯТ
2026-03-30 11:43:35,214 - INFO - [00:04:04] Стол 1: Активность=Да, Ячеек активных=4/9, Motion=54241, YOLO=2, Состояние=ЗАНЯТ
2026-03-30 11:43:36,358 - INFO - [00:04:06] Стол 1: Активность=Да, Ячеек активных=3/9, Motion=59586, YOLO=3, Состояние=ЗАНЯТ
2026-03-30 11:43:37,545 - INFO - [00:04:07] Стол 1: Активность=Да, Ячеек активных=3/9, Motion=60398, YOLO=5, Состояние=ЗАНЯТ
2026-03-30 11:43:38,666 - INFO - [00:04:09] Стол 1: Активность=Да, Ячеек активных=4/9, Motion=58806, YOLO=4, Состояние=ЗАНЯТ
2026-03-30 11:43:39,809 - INFO - [00:04:10] Стол 1: Активность=Да, Ячеек активных=4/9, Motion=79545, YOLO=4, Состояние=ЗАНЯТ
2026-03-30 11:43:40,949 - INFO - [00:04:12] Стол 1: Активность=Да, Ячеек активных=4/9, Motion=76810, YOLO=2, Состояние=ЗАНЯТ
2026-03-30 11:43:42,125 - INFO - [00:04:13] Стол 1: Активность=Да, Ячеек активных=4/9, Motion=69535, YOLO=5, Состояние=ЗАНЯТ
2026-03-30 11:43:43,236 - INFO - [00:04:15] Стол 1: Активность=Да, Ячеек активных=4/9, Motion=66618, YOLO=3, Состояние=ЗАНЯТ
2026-03-30 11:43:44,346 - INFO - [00:04:16] Стол 1: Активность=Да, Ячеек активных=4/9, Motion=56421, YOLO=3, Состояние=ЗАНЯТ
2026-03-30 11:43:45,417 - INFO - [00:04:18] Стол 1: Активность=Да, Ячеек активных=3/9, Motion=47738, YOLO=4, Состояние=ЗАНЯТ
2026-03-30 11:43:46,509 - INFO - [00:04:19] Стол 1: Активность=Да, Ячеек активных=3/9, Motion=50912, YOLO=3, Состояние=ЗАНЯТ
2026-03-30 11:43:47,613 - INFO - [00:04:21] Стол 1: Активность=Да, Ячеек активных=3/9, Motion=50838, YOLO=2, Состояние=ЗАНЯТ
2026-03-30 11:43:48,768 - INFO - [00:04:22] Стол 1: Активность=Да, Ячеек активных=3/9, Motion=44464, YOLO=2, Состояние=ЗАНЯТ
2026-03-30 11:43:49,942 - INFO - [00:04:24] Стол 1: Активность=Да, Ячеек активных=4/9, Motion=55214, YOLO=4, Состояние=ЗАНЯТ
2026-03-30 11:43:51,052 - INFO - [00:04:25] Стол 1: Активность=Да, Ячеек активных=3/9, Motion=41316, YOLO=3, Состояние=ЗАНЯТ
2026-03-30 11:43:52,166 - INFO - [00:04:27] Стол 1: Активность=Да, Ячеек активных=3/9, Motion=49342, YOLO=4, Состояние=ЗАНЯТ
2026-03-30 11:43:53,326 - INFO - [00:04:28] Стол 1: Активность=Да, Ячеек активных=3/9, Motion=36114, YOLO=2, Состояние=ЗАНЯТ
2026-03-30 11:43:54,481 - INFO - [00:04:30] Стол 1: Активность=Да, Ячеек активных=4/9, Motion=58926, YOLO=3, Состояние=ЗАНЯТ
2026-03-30 11:43:55,677 - INFO - [00:04:31] Стол 1: Активность=Да, Ячеек активных=5/9, Motion=68444, YOLO=3, Состояние=ЗАНЯТ
2026-03-30 11:43:56,794 - INFO - [00:04:33] Стол 1: Активность=Да, Ячеек активных=5/9, Motion=104800, YOLO=5, Состояние=ЗАНЯТ
2026-03-30 11:43:57,940 - INFO - [00:04:34] Стол 1: Активность=Да, Ячеек активных=4/9, Motion=66459, YOLO=2, Состояние=ЗАНЯТ
2026-03-30 11:43:59,089 - INFO - [00:04:36] Стол 1: Активность=Да, Ячеек активных=3/9, Motion=60633, YOLO=3, Состояние=ЗАНЯТ
2026-03-30 11:44:00,185 - INFO - [00:04:37] Стол 1: Активность=Да, Ячеек активных=3/9, Motion=56988, YOLO=1, Состояние=ЗАНЯТ
2026-03-30 11:44:01,291 - INFO - [00:04:39] Стол 1: Активность=Да, Ячеек активных=3/9, Motion=49330, YOLO=1, Состояние=ЗАНЯТ
2026-03-30 11:44:02,398 - INFO - [00:04:40] Стол 1: Активность=Да, Ячеек активных=4/9, Motion=69866, YOLO=2, Состояние=ЗАНЯТ
2026-03-30 11:44:03,551 - INFO - [00:04:42] Стол 1: Активность=Да, Ячеек активных=5/9, Motion=65906, YOLO=2, Состояние=ЗАНЯТ
2026-03-30 11:44:04,634 - INFO - [00:04:43] Стол 1: Активность=Да, Ячеек активных=2/9, Motion=42705, YOLO=2, Состояние=ЗАНЯТ
2026-03-30 11:44:05,735 - INFO - [00:04:45] Стол 1: Активность=Да, Ячеек активных=2/9, Motion=44221, YOLO=2, Состояние=ЗАНЯТ
2026-03-30 11:44:06,885 - INFO - [00:04:46] Стол 1: Активность=Да, Ячеек активных=3/9, Motion=61318, YOLO=5, Состояние=ЗАНЯТ
2026-03-30 11:44:08,057 - INFO - [00:04:48] Стол 1: Активность=Да, Ячеек активных=4/9, Motion=79255, YOLO=5, Состояние=ЗАНЯТ
2026-03-30 11:44:09,146 - INFO - [00:04:49] Стол 1: Активность=Да, Ячеек активных=3/9, Motion=87326, YOLO=4, Состояние=ЗАНЯТ
2026-03-30 11:44:10,294 - INFO - [00:04:51] Стол 1: Активность=Да, Ячеек активных=4/9, Motion=98394, YOLO=2, Состояние=ЗАНЯТ
2026-03-30 11:44:11,457 - INFO - [00:04:52] Стол 1: Активность=Да, Ячеек активных=2/9, Motion=37949, YOLO=3, Состояние=ЗАНЯТ
2026-03-30 11:44:12,613 - INFO - [00:04:54] Стол 1: Активность=Да, Ячеек активных=2/9, Motion=56263, YOLO=5, Состояние=ЗАНЯТ
2026-03-30 11:44:13,764 - INFO - [00:04:55] Стол 1: Активность=Да, Ячеек активных=1/9, Motion=38341, YOLO=5, Состояние=ЗАНЯТ
2026-03-30 11:44:14,874 - INFO - [00:04:57] Стол 1: Активность=Да, Ячеек активных=3/9, Motion=73953, YOLO=6, Состояние=ЗАНЯТ
2026-03-30 11:44:16,022 - INFO - [00:04:58] Стол 1: Активность=Да, Ячеек активных=2/9, Motion=42588, YOLO=4, Состояние=ЗАНЯТ
2026-03-30 11:44:17,139 - INFO - [00:05:00] Стол 1: Активность=Да, Ячеек активных=2/9, Motion=61598, YOLO=5, Состояние=ЗАНЯТ
2026-03-30 11:44:18,316 - INFO - [00:05:01] Стол 1: Активность=Да, Ячеек активных=1/9, Motion=38757, YOLO=4, Состояние=ЗАНЯТ
2026-03-30 11:44:19,423 - INFO - [00:05:03] Стол 1: Активность=Да, Ячеек активных=1/9, Motion=35216, YOLO=2, Состояние=ЗАНЯТ
2026-03-30 11:44:20,559 - INFO - [00:05:04] Стол 1: Активность=Да, Ячеек активных=2/9, Motion=34377, YOLO=2, Состояние=ЗАНЯТ
2026-03-30 11:44:21,667 - INFO - [00:05:06] Стол 1: Активность=Да, Ячеек активных=1/9, Motion=32810, YOLO=1, Состояние=ЗАНЯТ
2026-03-30 11:44:22,760 - INFO - [00:05:07] Стол 1: Активность=Да, Ячеек активных=1/9, Motion=32065, YOLO=2, Состояние=ЗАНЯТ
2026-03-30 11:44:23,983 - INFO - [00:05:09] Стол 1: Активность=Да, Ячеек активных=3/9, Motion=37644, YOLO=2, Состояние=ЗАНЯТ
2026-03-30 11:44:25,118 - INFO - [00:05:10] Стол 1: Активность=Да, Ячеек активных=2/9, Motion=31058, YOLO=3, Состояние=ЗАНЯТ
2026-03-30 11:44:26,277 - INFO - [00:05:12] Стол 1: Активность=Да, Ячеек активных=2/9, Motion=24334, YOLO=2, Состояние=ЗАНЯТ
2026-03-30 11:44:27,375 - INFO - [00:05:13] Стол 1: Активность=Да, Ячеек активных=2/9, Motion=20677, YOLO=3, Состояние=ЗАНЯТ
2026-03-30 11:44:28,500 - INFO - [00:05:15] Стол 1: Активность=Да, Ячеек активных=2/9, Motion=25943, YOLO=2, Состояние=ЗАНЯТ
2026-03-30 11:44:29,624 - INFO - [00:05:16] Стол 1: Активность=Да, Ячеек активных=3/9, Motion=51729, YOLO=1, Состояние=ЗАНЯТ
2026-03-30 11:44:30,798 - INFO - [00:05:18] Стол 1: Активность=Да, Ячеек активных=2/9, Motion=36234, YOLO=0, Состояние=ЗАНЯТ
2026-03-30 11:44:31,905 - INFO - [00:05:19] Стол 1: Активность=Да, Ячеек активных=4/9, Motion=61444, YOLO=2, Состояние=ЗАНЯТ
2026-03-30 11:44:33,018 - INFO - [00:05:21] Стол 1: Активность=Да, Ячеек активных=4/9, Motion=54047, YOLO=2, Состояние=ЗАНЯТ
2026-03-30 11:44:34,186 - INFO - [00:05:22] Стол 1: Активность=Да, Ячеек активных=4/9, Motion=50152, YOLO=2, Состояние=ЗАНЯТ
2026-03-30 11:44:35,429 - INFO - [00:05:24] Стол 1: Активность=Да, Ячеек активных=4/9, Motion=40391, YOLO=3, Состояние=ЗАНЯТ
2026-03-30 11:44:36,563 - INFO - [00:05:25] Стол 1: Активность=Да, Ячеек активных=2/9, Motion=27085, YOLO=1, Состояние=ЗАНЯТ
2026-03-30 11:44:37,664 - INFO - [00:05:27] Стол 1: Активность=Да, Ячеек активных=3/9, Motion=36391, YOLO=1, Состояние=ЗАНЯТ
2026-03-30 11:44:38,839 - INFO - [00:05:28] Стол 1: Активность=Да, Ячеек активных=2/9, Motion=18218, YOLO=2, Состояние=ЗАНЯТ
2026-03-30 11:44:39,987 - INFO - [00:05:30] Стол 1: Активность=Да, Ячеек активных=2/9, Motion=23343, YOLO=2, Состояние=ЗАНЯТ
2026-03-30 11:44:41,086 - INFO - [00:05:31] Стол 1: Активность=Да, Ячеек активных=2/9, Motion=33989, YOLO=4, Состояние=ЗАНЯТ
2026-03-30 11:44:42,204 - INFO - [00:05:33] Стол 1: Активность=Да, Ячеек активных=3/9, Motion=47912, YOLO=1, Состояние=ЗАНЯТ
2026-03-30 11:44:43,376 - INFO - [00:05:34] Стол 1: Активность=Да, Ячеек активных=2/9, Motion=46261, YOLO=0, Состояние=ЗАНЯТ
2026-03-30 11:44:44,490 - INFO - [00:05:36] Стол 1: Активность=Да, Ячеек активных=3/9, Motion=53567, YOLO=0, Состояние=ЗАНЯТ
2026-03-30 11:44:45,577 - INFO - [00:05:37] Стол 1: Активность=Да, Ячеек активных=2/9, Motion=33326, YOLO=2, Состояние=ЗАНЯТ
2026-03-30 11:44:46,688 - INFO - [00:05:39] Стол 1: Активность=Да, Ячеек активных=5/9, Motion=61598, YOLO=1, Состояние=ЗАНЯТ
2026-03-30 11:44:47,844 - INFO - [00:05:40] Стол 1: Активность=Да, Ячеек активных=5/9, Motion=65250, YOLO=4, Состояние=ЗАНЯТ
2026-03-30 11:44:49,000 - INFO - [00:05:42] Стол 1: Активность=Да, Ячеек активных=5/9, Motion=69757, YOLO=3, Состояние=ЗАНЯТ
2026-03-30 11:44:50,090 - INFO - [00:05:43] Стол 1: Активность=Да, Ячеек активных=4/9, Motion=41701, YOLO=5, Состояние=ЗАНЯТ
2026-03-30 11:44:51,226 - INFO - [00:05:45] Стол 1: Активность=Да, Ячеек активных=5/9, Motion=105241, YOLO=2, Состояние=ЗАНЯТ
2026-03-30 11:44:52,386 - INFO - [00:05:46] Стол 1: Активность=Да, Ячеек активных=4/9, Motion=80644, YOLO=2, Состояние=ЗАНЯТ
2026-03-30 11:44:53,553 - INFO - [00:05:48] Стол 1: Активность=Да, Ячеек активных=3/9, Motion=64773, YOLO=2, Состояние=ЗАНЯТ
2026-03-30 11:44:54,729 - INFO - [00:05:49] Стол 1: Активность=Да, Ячеек активных=3/9, Motion=43488, YOLO=1, Состояние=ЗАНЯТ
2026-03-30 11:44:55,829 - INFO - [00:05:51] Стол 1: Активность=Да, Ячеек активных=2/9, Motion=42153, YOLO=3, Состояние=ЗАНЯТ
2026-03-30 11:44:56,969 - INFO - [00:05:52] Стол 1: Активность=Да, Ячеек активных=2/9, Motion=41195, YOLO=4, Состояние=ЗАНЯТ
2026-03-30 11:44:58,049 - INFO - [00:05:54] Стол 1: Активность=Да, Ячеек активных=3/9, Motion=48172, YOLO=3, Состояние=ЗАНЯТ
2026-03-30 11:44:59,221 - INFO - [00:05:55] Стол 1: Активность=Да, Ячеек активных=4/9, Motion=60921, YOLO=3, Состояние=ЗАНЯТ
2026-03-30 11:45:00,325 - INFO - [00:05:57] Стол 1: Активность=Да, Ячеек активных=4/9, Motion=55318, YOLO=4, Состояние=ЗАНЯТ
2026-03-30 11:45:01,476 - INFO - [00:05:58] Стол 1: Активность=Да, Ячеек активных=4/9, Motion=64582, YOLO=4, Состояние=ЗАНЯТ
2026-03-30 11:45:02,625 - INFO - [00:06:00] Стол 1: Активность=Да, Ячеек активных=4/9, Motion=36856, YOLO=3, Состояние=ЗАНЯТ
2026-03-30 11:45:03,701 - INFO - [00:06:01] Стол 1: Активность=Да, Ячеек активных=2/9, Motion=32363, YOLO=3, Состояние=ЗАНЯТ
2026-03-30 11:45:04,812 - INFO - [00:06:03] Стол 1: Активность=Да, Ячеек активных=3/9, Motion=44391, YOLO=2, Состояние=ЗАНЯТ
2026-03-30 11:45:05,926 - INFO - [00:06:04] Стол 1: Активность=Да, Ячеек активных=2/9, Motion=41630, YOLO=3, Состояние=ЗАНЯТ
2026-03-30 11:45:07,075 - INFO - [00:06:06] Стол 1: Активность=Да, Ячеек активных=3/9, Motion=41309, YOLO=3, Состояние=ЗАНЯТ
2026-03-30 11:45:08,168 - INFO - [00:06:07] Стол 1: Активность=Да, Ячеек активных=3/9, Motion=33739, YOLO=4, Состояние=ЗАНЯТ
2026-03-30 11:45:09,279 - INFO - [00:06:09] Стол 1: Активность=Да, Ячеек активных=3/9, Motion=27683, YOLO=5, Состояние=ЗАНЯТ
2026-03-30 11:45:10,417 - INFO - [00:06:10] Стол 1: Активность=Да, Ячеек активных=4/9, Motion=38890, YOLO=3, Состояние=ЗАНЯТ
2026-03-30 11:45:11,559 - INFO - [00:06:12] Стол 1: Активность=Да, Ячеек активных=4/9, Motion=41523, YOLO=3, Состояние=ЗАНЯТ
2026-03-30 11:45:12,639 - INFO - [00:06:13] Стол 1: Активность=Да, Ячеек активных=4/9, Motion=32779, YOLO=5, Состояние=ЗАНЯТ
2026-03-30 11:45:13,727 - INFO - [00:06:15] Стол 1: Активность=Да, Ячеек активных=2/9, Motion=27555, YOLO=3, Состояние=ЗАНЯТ
2026-03-30 11:45:14,859 - INFO - [00:06:16] Стол 1: Активность=Да, Ячеек активных=1/9, Motion=19945, YOLO=4, Состояние=ЗАНЯТ
2026-03-30 11:45:16,029 - INFO - [00:06:18] Стол 1: Активность=Да, Ячеек активных=1/9, Motion=18210, YOLO=3, Состояние=ЗАНЯТ
2026-03-30 11:45:17,119 - INFO - [00:06:19] Стол 1: Активность=Да, Ячеек активных=1/9, Motion=16901, YOLO=4, Состояние=ЗАНЯТ
2026-03-30 11:45:18,239 - INFO - [00:06:21] Стол 1: Активность=Да, Ячеек активных=3/9, Motion=27683, YOLO=3, Состояние=ЗАНЯТ
2026-03-30 11:45:19,372 - INFO - [00:06:22] Стол 1: Активность=Да, Ячеек активных=4/9, Motion=45474, YOLO=4, Состояние=ЗАНЯТ
2026-03-30 11:45:20,515 - INFO - [00:06:24] Стол 1: Активность=Да, Ячеек активных=4/9, Motion=48612, YOLO=4, Состояние=ЗАНЯТ
2026-03-30 11:45:21,595 - INFO - [00:06:25] Стол 1: Активность=Да, Ячеек активных=3/9, Motion=46568, YOLO=2, Состояние=ЗАНЯТ
2026-03-30 11:45:22,679 - INFO - [00:06:27] Стол 1: Активность=Да, Ячеек активных=3/9, Motion=43123, YOLO=2, Состояние=ЗАНЯТ
2026-03-30 11:45:23,818 - INFO - [00:06:28] Стол 1: Активность=Да, Ячеек активных=3/9, Motion=39520, YOLO=2, Состояние=ЗАНЯТ
2026-03-30 11:45:24,953 - INFO - [00:06:30] Стол 1: Активность=Да, Ячеек активных=4/9, Motion=36522, YOLO=2, Состояние=ЗАНЯТ
2026-03-30 11:45:26,032 - INFO - [00:06:31] Стол 1: Активность=Да, Ячеек активных=3/9, Motion=34407, YOLO=2, Состояние=ЗАНЯТ
2026-03-30 11:45:27,138 - INFO - [00:06:33] Стол 1: Активность=Да, Ячеек активных=2/9, Motion=27599, YOLO=3, Состояние=ЗАНЯТ
2026-03-30 11:45:28,282 - INFO - [00:06:34] Стол 1: Активность=Да, Ячеек активных=4/9, Motion=55541, YOLO=4, Состояние=ЗАНЯТ
2026-03-30 11:45:29,416 - INFO - [00:06:36] Стол 1: Активность=Да, Ячеек активных=4/9, Motion=52491, YOLO=4, Состояние=ЗАНЯТ
2026-03-30 11:45:30,503 - INFO - [00:06:37] Стол 1: Активность=Да, Ячеек активных=4/9, Motion=71376, YOLO=4, Состояние=ЗАНЯТ
2026-03-30 11:45:31,617 - INFO - [00:06:39] Стол 1: Активность=Да, Ячеек активных=4/9, Motion=66669, YOLO=4, Состояние=ЗАНЯТ
2026-03-30 11:45:32,718 - INFO - [00:06:40] Стол 1: Активность=Да, Ячеек активных=5/9, Motion=59279, YOLO=3, Состояние=ЗАНЯТ
2026-03-30 11:45:33,788 - INFO - [00:06:42] Стол 1: Активность=Да, Ячеек активных=4/9, Motion=65798, YOLO=3, Состояние=ЗАНЯТ
2026-03-30 11:45:34,875 - INFO - [00:06:43] Стол 1: Активность=Да, Ячеек активных=4/9, Motion=62510, YOLO=3, Состояние=ЗАНЯТ
2026-03-30 11:45:35,992 - INFO - [00:06:45] Стол 1: Активность=Да, Ячеек активных=3/9, Motion=57339, YOLO=4, Состояние=ЗАНЯТ
2026-03-30 11:45:37,095 - INFO - [00:06:46] Стол 1: Активность=Да, Ячеек активных=5/9, Motion=80541, YOLO=2, Состояние=ЗАНЯТ
2026-03-30 11:45:38,175 - INFO - [00:06:48] Стол 1: Активность=Да, Ячеек активных=4/9, Motion=44171, YOLO=4, Состояние=ЗАНЯТ
2026-03-30 11:45:39,270 - INFO - [00:06:49] Стол 1: Активность=Да, Ячеек активных=3/9, Motion=32863, YOLO=3, Состояние=ЗАНЯТ
2026-03-30 11:45:40,383 - INFO - [00:06:51] Стол 1: Активность=Да, Ячеек активных=3/9, Motion=33960, YOLO=4, Состояние=ЗАНЯТ
2026-03-30 11:45:41,539 - INFO - [00:06:52] Стол 1: Активность=Да, Ячеек активных=3/9, Motion=27829, YOLO=4, Состояние=ЗАНЯТ
2026-03-30 11:45:42,651 - INFO - [00:06:54] Стол 1: Активность=Да, Ячеек активных=4/9, Motion=41465, YOLO=3, Состояние=ЗАНЯТ
2026-03-30 11:45:43,839 - INFO - [00:06:55] Стол 1: Активность=Да, Ячеек активных=3/9, Motion=32955, YOLO=3, Состояние=ЗАНЯТ
2026-03-30 11:45:45,014 - INFO - [00:06:57] Стол 1: Активность=Да, Ячеек активных=3/9, Motion=35867, YOLO=5, Состояние=ЗАНЯТ
2026-03-30 11:45:46,187 - INFO - [00:06:58] Стол 1: Активность=Да, Ячеек активных=4/9, Motion=41181, YOLO=4, Состояние=ЗАНЯТ
2026-03-30 11:45:47,353 - INFO - [00:07:00] Стол 1: Активность=Да, Ячеек активных=2/9, Motion=41156, YOLO=1, Состояние=ЗАНЯТ
2026-03-30 11:45:48,436 - INFO - [00:07:01] Стол 1: Активность=Да, Ячеек активных=2/9, Motion=33340, YOLO=4, Состояние=ЗАНЯТ
2026-03-30 11:45:49,526 - INFO - [00:07:03] Стол 1: Активность=Да, Ячеек активных=2/9, Motion=30273, YOLO=3, Состояние=ЗАНЯТ
2026-03-30 11:45:50,677 - INFO - [00:07:04] Стол 1: Активность=Да, Ячеек активных=1/9, Motion=24557, YOLO=4, Состояние=ЗАНЯТ
2026-03-30 11:45:51,754 - INFO - [00:07:06] Стол 1: Активность=Да, Ячеек активных=4/9, Motion=43970, YOLO=4, Состояние=ЗАНЯТ
2026-03-30 11:45:52,843 - INFO - [00:07:07] Стол 1: Активность=Да, Ячеек активных=3/9, Motion=47080, YOLO=2, Состояние=ЗАНЯТ
2026-03-30 11:45:53,945 - INFO - [00:07:09] Стол 1: Активность=Да, Ячеек активных=3/9, Motion=87799, YOLO=1, Состояние=ЗАНЯТ
2026-03-30 11:45:55,048 - INFO - [00:07:10] Стол 1: Активность=Да, Ячеек активных=4/9, Motion=59641, YOLO=2, Состояние=ЗАНЯТ
2026-03-30 11:45:56,118 - INFO - [00:07:12] Стол 1: Активность=Да, Ячеек активных=3/9, Motion=54146, YOLO=1, Состояние=ЗАНЯТ
2026-03-30 11:45:57,226 - INFO - [00:07:13] Стол 1: Активность=Да, Ячеек активных=3/9, Motion=51737, YOLO=1, Состояние=ЗАНЯТ
2026-03-30 11:45:58,320 - INFO - [00:07:15] Стол 1: Активность=Да, Ячеек активных=3/9, Motion=40257, YOLO=1, Состояние=ЗАНЯТ
2026-03-30 11:45:59,463 - INFO - [00:07:16] Стол 1: Активность=Да, Ячеек активных=1/9, Motion=38517, YOLO=1, Состояние=ЗАНЯТ
2026-03-30 11:46:00,629 - INFO - [00:07:18] Стол 1: Активность=Да, Ячеек активных=3/9, Motion=62122, YOLO=2, Состояние=ЗАНЯТ
2026-03-30 11:46:01,732 - INFO - [00:07:19] Стол 1: Активность=Да, Ячеек активных=4/9, Motion=55164, YOLO=5, Состояние=ЗАНЯТ
2026-03-30 11:46:02,830 - INFO - [00:07:21] Стол 1: Активность=Да, Ячеек активных=4/9, Motion=52231, YOLO=2, Состояние=ЗАНЯТ
2026-03-30 11:46:03,971 - INFO - [00:07:22] Стол 1: Активность=Да, Ячеек активных=4/9, Motion=55569, YOLO=3, Состояние=ЗАНЯТ
2026-03-30 11:46:05,117 - INFO - [00:07:24] Стол 1: Активность=Да, Ячеек активных=4/9, Motion=47911, YOLO=3, Состояние=ЗАНЯТ
2026-03-30 11:46:06,297 - INFO - [00:07:25] Стол 1: Активность=Да, Ячеек активных=2/9, Motion=31640, YOLO=4, Состояние=ЗАНЯТ
2026-03-30 11:46:07,398 - INFO - [00:07:27] Стол 1: Активность=Да, Ячеек активных=4/9, Motion=45391, YOLO=3, Состояние=ЗАНЯТ
2026-03-30 11:46:08,527 - INFO - [00:07:28] Стол 1: Активность=Да, Ячеек активных=4/9, Motion=60455, YOLO=4, Состояние=ЗАНЯТ
2026-03-30 11:46:09,606 - INFO - [00:07:30] Стол 1: Активность=Да, Ячеек активных=4/9, Motion=68694, YOLO=4, Состояние=ЗАНЯТ
2026-03-30 11:46:10,714 - INFO - [00:07:31] Стол 1: Активность=Да, Ячеек активных=3/9, Motion=48688, YOLO=4, Состояние=ЗАНЯТ
2026-03-30 11:46:11,818 - INFO - [00:07:33] Стол 1: Активность=Да, Ячеек активных=2/9, Motion=49093, YOLO=4, Состояние=ЗАНЯТ
2026-03-30 11:46:12,935 - INFO - [00:07:34] Стол 1: Активность=Да, Ячеек активных=3/9, Motion=48610, YOLO=4, Состояние=ЗАНЯТ
2026-03-30 11:46:14,099 - INFO - [00:07:36] Стол 1: Активность=Да, Ячеек активных=3/9, Motion=53393, YOLO=4, Состояние=ЗАНЯТ
2026-03-30 11:46:15,213 - INFO - [00:07:37] Стол 1: Активность=Да, Ячеек активных=4/9, Motion=62517, YOLO=4, Состояние=ЗАНЯТ
2026-03-30 11:46:16,340 - INFO - [00:07:39] Стол 1: Активность=Да, Ячеек активных=4/9, Motion=48070, YOLO=4, Состояние=ЗАНЯТ
2026-03-30 11:46:17,492 - INFO - [00:07:40] Стол 1: Активность=Да, Ячеек активных=4/9, Motion=43588, YOLO=4, Состояние=ЗАНЯТ
2026-03-30 11:46:18,580 - INFO - [00:07:42] Стол 1: Активность=Да, Ячеек активных=4/9, Motion=47100, YOLO=3, Состояние=ЗАНЯТ
2026-03-30 11:46:19,665 - INFO - [00:07:43] Стол 1: Активность=Да, Ячеек активных=4/9, Motion=57799, YOLO=1, Состояние=ЗАНЯТ
2026-03-30 11:46:20,797 - INFO - [00:07:45] Стол 1: Активность=Да, Ячеек активных=2/9, Motion=48216, YOLO=1, Состояние=ЗАНЯТ
2026-03-30 11:46:21,897 - INFO - [00:07:46] Стол 1: Активность=Да, Ячеек активных=5/9, Motion=71079, YOLO=4, Состояние=ЗАНЯТ
2026-03-30 11:46:22,972 - INFO - [00:07:48] Стол 1: Активность=Да, Ячеек активных=3/9, Motion=40419, YOLO=3, Состояние=ЗАНЯТ
2026-03-30 11:46:24,069 - INFO - [00:07:49] Стол 1: Активность=Да, Ячеек активных=3/9, Motion=55709, YOLO=3, Состояние=ЗАНЯТ
2026-03-30 11:46:25,183 - INFO - [00:07:51] Стол 1: Активность=Да, Ячеек активных=3/9, Motion=41077, YOLO=2, Состояние=ЗАНЯТ
2026-03-30 11:46:26,296 - INFO - [00:07:52] Стол 1: Активность=Да, Ячеек активных=1/9, Motion=30817, YOLO=3, Состояние=ЗАНЯТ
2026-03-30 11:46:27,385 - INFO - [00:07:54] Стол 1: Активность=Да, Ячеек активных=1/9, Motion=25665, YOLO=1, Состояние=ЗАНЯТ
2026-03-30 11:46:28,562 - INFO - [00:07:55] Стол 1: Активность=Да, Ячеек активных=1/9, Motion=23319, YOLO=2, Состояние=ЗАНЯТ
2026-03-30 11:46:29,656 - INFO - [00:07:57] Стол 1: Активность=Да, Ячеек активных=3/9, Motion=37115, YOLO=3, Состояние=ЗАНЯТ
2026-03-30 11:46:30,792 - INFO - [00:07:58] Стол 1: Активность=Да, Ячеек активных=5/9, Motion=60511, YOLO=3, Состояние=ЗАНЯТ
2026-03-30 11:46:31,853 - INFO - [00:08:00] Стол 1: Активность=Да, Ячеек активных=3/9, Motion=39131, YOLO=2, Состояние=ЗАНЯТ
2026-03-30 11:46:33,041 - INFO - [00:08:01] Стол 1: Активность=Да, Ячеек активных=1/9, Motion=31035, YOLO=1, Состояние=ЗАНЯТ
2026-03-30 11:46:34,157 - INFO - [00:08:03] Стол 1: Активность=Да, Ячеек активных=4/9, Motion=50821, YOLO=3, Состояние=ЗАНЯТ
2026-03-30 11:46:35,333 - INFO - [00:08:04] Стол 1: Активность=Да, Ячеек активных=4/9, Motion=53496, YOLO=5, Состояние=ЗАНЯТ
2026-03-30 11:46:36,505 - INFO - [00:08:06] Стол 1: Активность=Да, Ячеек активных=4/9, Motion=37855, YOLO=2, Состояние=ЗАНЯТ
2026-03-30 11:46:37,594 - INFO - [00:08:07] Стол 1: Активность=Да, Ячеек активных=2/9, Motion=29537, YOLO=2, Состояние=ЗАНЯТ
2026-03-30 11:46:38,696 - INFO - [00:08:09] Стол 1: Активность=Да, Ячеек активных=2/9, Motion=43097, YOLO=2, Состояние=ЗАНЯТ
2026-03-30 11:46:39,799 - INFO - [00:08:10] Стол 1: Активность=Да, Ячеек активных=3/9, Motion=36628, YOLO=2, Состояние=ЗАНЯТ
2026-03-30 11:46:40,954 - INFO - [00:08:12] Стол 1: Активность=Да, Ячеек активных=4/9, Motion=52018, YOLO=2, Состояние=ЗАНЯТ
2026-03-30 11:46:42,051 - INFO - [00:08:13] Стол 1: Активность=Да, Ячеек активных=3/9, Motion=40812, YOLO=3, Состояние=ЗАНЯТ
2026-03-30 11:46:43,171 - INFO - [00:08:15] Стол 1: Активность=Да, Ячеек активных=3/9, Motion=35818, YOLO=3, Состояние=ЗАНЯТ
2026-03-30 11:46:44,329 - INFO - [00:08:16] Стол 1: Активность=Да, Ячеек активных=3/9, Motion=37613, YOLO=4, Состояние=ЗАНЯТ
2026-03-30 11:46:45,472 - INFO - [00:08:18] Стол 1: Активность=Да, Ячеек активных=4/9, Motion=45352, YOLO=4, Состояние=ЗАНЯТ
2026-03-30 11:46:46,571 - INFO - [00:08:19] Стол 1: Активность=Да, Ячеек активных=3/9, Motion=31654, YOLO=3, Состояние=ЗАНЯТ
2026-03-30 11:46:47,690 - INFO - [00:08:21] Стол 1: Активность=Да, Ячеек активных=2/9, Motion=23143, YOLO=3, Состояние=ЗАНЯТ
2026-03-30 11:46:48,842 - INFO - [00:08:22] Стол 1: Активность=Да, Ячеек активных=1/9, Motion=17547, YOLO=3, Состояние=ЗАНЯТ
2026-03-30 11:46:49,983 - INFO - [00:08:24] Стол 1: Активность=Да, Ячеек активных=0/9, Motion=14794, YOLO=2, Состояние=ЗАНЯТ
2026-03-30 11:46:51,065 - INFO - [00:08:25] Стол 1: Активность=Да, Ячеек активных=2/9, Motion=35490, YOLO=1, Состояние=ЗАНЯТ
2026-03-30 11:46:52,155 - INFO - [00:08:27] Стол 1: Активность=Да, Ячеек активных=2/9, Motion=28612, YOLO=2, Состояние=ЗАНЯТ
2026-03-30 11:46:53,287 - INFO - [00:08:28] Стол 1: Активность=Да, Ячеек активных=3/9, Motion=26487, YOLO=2, Состояние=ЗАНЯТ
2026-03-30 11:46:54,423 - INFO - [00:08:30] Стол 1: Активность=Да, Ячеек активных=2/9, Motion=31960, YOLO=3, Состояние=ЗАНЯТ
2026-03-30 11:46:55,520 - INFO - [00:08:31] Стол 1: Активность=Да, Ячеек активных=4/9, Motion=78076, YOLO=3, Состояние=ЗАНЯТ
2026-03-30 11:46:56,620 - INFO - [00:08:33] Стол 1: Активность=Да, Ячеек активных=2/9, Motion=28741, YOLO=4, Состояние=ЗАНЯТ
2026-03-30 11:46:57,771 - INFO - [00:08:34] Стол 1: Активность=Да, Ячеек активных=5/9, Motion=41616, YOLO=4, Состояние=ЗАНЯТ
2026-03-30 11:46:58,937 - INFO - [00:08:36] Стол 1: Активность=Да, Ячеек активных=7/9, Motion=94133, YOLO=4, Состояние=ЗАНЯТ
2026-03-30 11:47:00,049 - INFO - [00:08:37] Стол 1: Активность=Да, Ячеек активных=6/9, Motion=88238, YOLO=4, Состояние=ЗАНЯТ
2026-03-30 11:47:01,162 - INFO - [00:08:39] Стол 1: Активность=Да, Ячеек активных=5/9, Motion=71378, YOLO=4, Состояние=ЗАНЯТ
2026-03-30 11:47:02,297 - INFO - [00:08:40] Стол 1: Активность=Да, Ячеек активных=5/9, Motion=65696, YOLO=4, Состояние=ЗАНЯТ
2026-03-30 11:47:03,368 - INFO - [00:08:42] Стол 1: Активность=Да, Ячеек активных=5/9, Motion=55777, YOLO=4, Состояние=ЗАНЯТ
2026-03-30 11:47:04,555 - INFO - [00:08:43] Стол 1: Активность=Да, Ячеек активных=4/9, Motion=39200, YOLO=5, Состояние=ЗАНЯТ
2026-03-30 11:47:05,675 - INFO - [00:08:45] Стол 1: Активность=Да, Ячеек активных=3/9, Motion=33069, YOLO=4, Состояние=ЗАНЯТ
2026-03-30 11:47:06,788 - INFO - [00:08:46] Стол 1: Активность=Да, Ячеек активных=2/9, Motion=26863, YOLO=4, Состояние=ЗАНЯТ
2026-03-30 11:47:07,854 - INFO - [00:08:48] Стол 1: Активность=Да, Ячеек активных=1/9, Motion=22049, YOLO=2, Состояние=ЗАНЯТ
2026-03-30 11:47:08,926 - INFO - [00:08:49] Стол 1: Активность=Да, Ячеек активных=2/9, Motion=28187, YOLO=4, Состояние=ЗАНЯТ
2026-03-30 11:47:10,017 - INFO - [00:08:51] Стол 1: Активность=Да, Ячеек активных=1/9, Motion=39021, YOLO=4, Состояние=ЗАНЯТ
2026-03-30 11:47:11,140 - INFO - [00:08:52] Стол 1: Активность=Да, Ячеек активных=1/9, Motion=32963, YOLO=4, Состояние=ЗАНЯТ
2026-03-30 11:47:12,258 - INFO - [00:08:54] Стол 1: Активность=Да, Ячеек активных=1/9, Motion=23315, YOLO=3, Состояние=ЗАНЯТ
2026-03-30 11:47:13,329 - INFO - [00:08:55] Стол 1: Активность=Да, Ячеек активных=1/9, Motion=14979, YOLO=3, Состояние=ЗАНЯТ
2026-03-30 11:47:14,427 - INFO - [00:08:57] Стол 1: Активность=Да, Ячеек активных=2/9, Motion=28434, YOLO=3, Состояние=ЗАНЯТ
2026-03-30 11:47:15,563 - INFO - [00:08:58] Стол 1: Активность=Да, Ячеек активных=3/9, Motion=30788, YOLO=3, Состояние=ЗАНЯТ
2026-03-30 11:47:16,690 - INFO - [00:09:00] Стол 1: Активность=Да, Ячеек активных=3/9, Motion=33509, YOLO=4, Состояние=ЗАНЯТ
2026-03-30 11:47:17,758 - INFO - [00:09:01] Стол 1: Активность=Да, Ячеек активных=2/9, Motion=23922, YOLO=3, Состояние=ЗАНЯТ
2026-03-30 11:47:18,865 - INFO - [00:09:03] Стол 1: Активность=Да, Ячеек активных=1/9, Motion=38268, YOLO=3, Состояние=ЗАНЯТ
2026-03-30 11:47:20,005 - INFO - [00:09:04] Стол 1: Активность=Да, Ячеек активных=3/9, Motion=66075, YOLO=4, Состояние=ЗАНЯТ
2026-03-30 11:47:21,138 - INFO - [00:09:06] Стол 1: Активность=Да, Ячеек активных=2/9, Motion=47837, YOLO=4, Состояние=ЗАНЯТ
2026-03-30 11:47:22,204 - INFO - [00:09:07] Стол 1: Активность=Да, Ячеек активных=1/9, Motion=29992, YOLO=3, Состояние=ЗАНЯТ
2026-03-30 11:47:23,295 - INFO - [00:09:09] Стол 1: Активность=Да, Ячеек активных=3/9, Motion=50581, YOLO=3, Состояние=ЗАНЯТ
2026-03-30 11:47:24,447 - INFO - [00:09:10] Стол 1: Активность=Да, Ячеек активных=2/9, Motion=41799, YOLO=3, Состояние=ЗАНЯТ
2026-03-30 11:47:25,596 - INFO - [00:09:12] Стол 1: Активность=Да, Ячеек активных=3/9, Motion=52960, YOLO=2, Состояние=ЗАНЯТ
2026-03-30 11:47:26,673 - INFO - [00:09:13] Стол 1: Активность=Да, Ячеек активных=2/9, Motion=66448, YOLO=2, Состояние=ЗАНЯТ
2026-03-30 11:47:27,773 - INFO - [00:09:15] Стол 1: Активность=Да, Ячеек активных=4/9, Motion=68442, YOLO=3, Состояние=ЗАНЯТ
2026-03-30 11:47:28,873 - INFO - [00:09:16] Стол 1: Активность=Да, Ячеек активных=4/9, Motion=61297, YOLO=4, Состояние=ЗАНЯТ
2026-03-30 11:47:30,003 - INFO - [00:09:18] Стол 1: Активность=Да, Ячеек активных=5/9, Motion=58883, YOLO=3, Состояние=ЗАНЯТ
2026-03-30 11:47:31,066 - INFO - [00:09:19] Стол 1: Активность=Да, Ячеек активных=3/9, Motion=48043, YOLO=4, Состояние=ЗАНЯТ
2026-03-30 11:47:32,168 - INFO - [00:09:21] Стол 1: Активность=Да, Ячеек активных=3/9, Motion=35711, YOLO=3, Состояние=ЗАНЯТ
2026-03-30 11:47:33,302 - INFO - [00:09:22] Стол 1: Активность=Да, Ячеек активных=4/9, Motion=47596, YOLO=3, Состояние=ЗАНЯТ
2026-03-30 11:47:34,434 - INFO - [00:09:24] Стол 1: Активность=Да, Ячеек активных=3/9, Motion=46489, YOLO=4, Состояние=ЗАНЯТ
2026-03-30 11:47:35,495 - INFO - [00:09:25] Стол 1: Активность=Да, Ячеек активных=3/9, Motion=54034, YOLO=5, Состояние=ЗАНЯТ
2026-03-30 11:47:36,585 - INFO - [00:09:27] Стол 1: Активность=Да, Ячеек активных=2/9, Motion=58484, YOLO=4, Состояние=ЗАНЯТ
2026-03-30 11:47:37,716 - INFO - [00:09:28] Стол 1: Активность=Да, Ячеек активных=2/9, Motion=46321, YOLO=3, Состояние=ЗАНЯТ
2026-03-30 11:47:38,854 - INFO - [00:09:30] Стол 1: Активность=Да, Ячеек активных=2/9, Motion=38128, YOLO=3, Состояние=ЗАНЯТ
2026-03-30 11:47:39,922 - INFO - [00:09:31] Стол 1: Активность=Да, Ячеек активных=1/9, Motion=34027, YOLO=2, Состояние=ЗАНЯТ
2026-03-30 11:47:41,021 - INFO - [00:09:33] Стол 1: Активность=Да, Ячеек активных=2/9, Motion=50336, YOLO=3, Состояние=ЗАНЯТ
2026-03-30 11:47:42,163 - INFO - [00:09:34] Стол 1: Активность=Да, Ячеек активных=4/9, Motion=66296, YOLO=1, Состояние=ЗАНЯТ
2026-03-30 11:47:43,297 - INFO - [00:09:36] Стол 1: Активность=Да, Ячеек активных=4/9, Motion=58366, YOLO=3, Состояние=ЗАНЯТ
2026-03-30 11:47:44,401 - INFO - [00:09:37] Стол 1: Активность=Да, Ячеек активных=2/9, Motion=40943, YOLO=2, Состояние=ЗАНЯТ
2026-03-30 11:47:45,478 - INFO - [00:09:39] Стол 1: Активность=Да, Ячеек активных=3/9, Motion=32065, YOLO=1, Состояние=ЗАНЯТ
2026-03-30 11:47:46,604 - INFO - [00:09:40] Стол 1: Активность=Да, Ячеек активных=2/9, Motion=24223, YOLO=1, Состояние=ЗАНЯТ
2026-03-30 11:47:47,716 - INFO - [00:09:42] Стол 1: Активность=Да, Ячеек активных=1/9, Motion=18858, YOLO=1, Состояние=ЗАНЯТ
2026-03-30 11:47:48,866 - INFO - [00:09:43] Стол 1: Активность=Да, Ячеек активных=1/9, Motion=14310, YOLO=1, Состояние=ЗАНЯТ
2026-03-30 11:47:49,968 - INFO - [00:09:45] Стол 1: Активность=Да, Ячеек активных=1/9, Motion=33241, YOLO=2, Состояние=ЗАНЯТ
2026-03-30 11:47:51,109 - INFO - [00:09:46] Стол 1: Активность=Да, Ячеек активных=1/9, Motion=39847, YOLO=1, Состояние=ЗАНЯТ
2026-03-30 11:47:52,251 - INFO - [00:09:48] Стол 1: Активность=Да, Ячеек активных=2/9, Motion=50546, YOLO=2, Состояние=ЗАНЯТ
2026-03-30 11:47:53,313 - INFO - [00:09:49] Стол 1: Активность=Да, Ячеек активных=1/9, Motion=29406, YOLO=1, Состояние=ЗАНЯТ
2026-03-30 11:47:54,405 - INFO - [00:09:51] Стол 1: Активность=Да, Ячеек активных=1/9, Motion=35871, YOLO=1, Состояние=ЗАНЯТ
2026-03-30 11:47:55,533 - INFO - [00:09:52] Стол 1: Активность=Да, Ячеек активных=1/9, Motion=29782, YOLO=1, Состояние=ЗАНЯТ
2026-03-30 11:47:56,670 - INFO - [00:09:54] Стол 1: Активность=Да, Ячеек активных=3/9, Motion=44268, YOLO=1, Состояние=ЗАНЯТ
2026-03-30 11:47:57,748 - INFO - [00:09:55] Стол 1: Активность=Да, Ячеек активных=3/9, Motion=42201, YOLO=2, Состояние=ЗАНЯТ
2026-03-30 11:47:58,853 - INFO - [00:09:57] Стол 1: Активность=Да, Ячеек активных=3/9, Motion=42265, YOLO=3, Состояние=ЗАНЯТ
2026-03-30 11:47:59,977 - INFO - [00:09:58] Стол 1: Активность=Да, Ячеек активных=4/9, Motion=48942, YOLO=2, Состояние=ЗАНЯТ
2026-03-30 11:48:01,104 - INFO - [00:10:00] Стол 1: Активность=Да, Ячеек активных=4/9, Motion=36692, YOLO=3, Состояние=ЗАНЯТ
2026-03-30 11:48:02,180 - INFO - [00:10:01] Стол 1: Активность=Да, Ячеек активных=4/9, Motion=59582, YOLO=2, Состояние=ЗАНЯТ
2026-03-30 11:48:03,262 - INFO - [00:10:03] Стол 1: Активность=Да, Ячеек активных=4/9, Motion=45156, YOLO=1, Состояние=ЗАНЯТ
2026-03-30 11:48:04,391 - INFO - [00:10:04] Стол 1: Активность=Да, Ячеек активных=3/9, Motion=35734, YOLO=2, Состояние=ЗАНЯТ
2026-03-30 11:48:05,525 - INFO - [00:10:06] Стол 1: Активность=Да, Ячеек активных=3/9, Motion=39359, YOLO=1, Состояние=ЗАНЯТ
2026-03-30 11:48:06,599 - INFO - [00:10:07] Стол 1: Активность=Да, Ячеек активных=3/9, Motion=43582, YOLO=2, Состояние=ЗАНЯТ
2026-03-30 11:48:07,706 - INFO - [00:10:09] Стол 1: Активность=Да, Ячеек активных=3/9, Motion=48023, YOLO=2, Состояние=ЗАНЯТ
2026-03-30 11:48:08,810 - INFO - [00:10:10] Стол 1: Активность=Да, Ячеек активных=3/9, Motion=52693, YOLO=2, Состояние=ЗАНЯТ
2026-03-30 11:48:09,942 - INFO - [00:10:12] Стол 1: Активность=Да, Ячеек активных=2/9, Motion=58933, YOLO=3, Состояние=ЗАНЯТ
2026-03-30 11:48:11,020 - INFO - [00:10:13] Стол 1: Активность=Да, Ячеек активных=2/9, Motion=60764, YOLO=3, Состояние=ЗАНЯТ
2026-03-30 11:48:12,120 - INFO - [00:10:15] Стол 1: Активность=Да, Ячеек активных=2/9, Motion=55179, YOLO=2, Состояние=ЗАНЯТ
2026-03-30 11:48:13,247 - INFO - [00:10:16] Стол 1: Активность=Да, Ячеек активных=2/9, Motion=68538, YOLO=4, Состояние=ЗАНЯТ
2026-03-30 11:48:14,332 - INFO - [00:10:18] Стол 1: Активность=Да, Ячеек активных=3/9, Motion=66729, YOLO=7, Состояние=ЗАНЯТ
2026-03-30 11:48:15,502 - INFO - [00:10:19] Стол 1: Активность=Да, Ячеек активных=2/9, Motion=50095, YOLO=4, Состояние=ЗАНЯТ
2026-03-30 11:48:16,599 - INFO - [00:10:21] Стол 1: Активность=Да, Ячеек активных=2/9, Motion=47628, YOLO=4, Состояние=ЗАНЯТ
2026-03-30 11:48:17,697 - INFO - [00:10:22] Стол 1: Активность=Да, Ячеек активных=3/9, Motion=45407, YOLO=4, Состояние=ЗАНЯТ
2026-03-30 11:48:18,762 - INFO - [00:10:24] Стол 1: Активность=Да, Ячеек активных=2/9, Motion=37099, YOLO=3, Состояние=ЗАНЯТ
2026-03-30 11:48:19,842 - INFO - [00:10:25] Стол 1: Активность=Да, Ячеек активных=2/9, Motion=30891, YOLO=5, Состояние=ЗАНЯТ
2026-03-30 11:48:20,969 - INFO - [00:10:27] Стол 1: Активность=Да, Ячеек активных=3/9, Motion=52016, YOLO=5, Состояние=ЗАНЯТ
2026-03-30 11:48:22,078 - INFO - [00:10:28] Стол 1: Активность=Да, Ячеек активных=2/9, Motion=59185, YOLO=2, Состояние=ЗАНЯТ
2026-03-30 11:48:23,243 - INFO - [00:10:30] Стол 1: Активность=Да, Ячеек активных=2/9, Motion=68692, YOLO=2, Состояние=ЗАНЯТ
2026-03-30 11:48:24,304 - INFO - [00:10:31] Стол 1: Активность=Да, Ячеек активных=2/9, Motion=63124, YOLO=2, Состояние=ЗАНЯТ
2026-03-30 11:48:25,399 - INFO - [00:10:33] Стол 1: Активность=Да, Ячеек активных=3/9, Motion=55516, YOLO=2, Состояние=ЗАНЯТ
2026-03-30 11:48:26,493 - INFO - [00:10:34] Стол 1: Активность=Да, Ячеек активных=3/9, Motion=75940, YOLO=2, Состояние=ЗАНЯТ
2026-03-30 11:48:27,627 - INFO - [00:10:36] Стол 1: Активность=Да, Ячеек активных=3/9, Motion=43025, YOLO=3, Состояние=ЗАНЯТ
2026-03-30 11:48:28,805 - INFO - [00:10:37] Стол 1: Активность=Да, Ячеек активных=3/9, Motion=39510, YOLO=2, Состояние=ЗАНЯТ
2026-03-30 11:48:29,905 - INFO - [00:10:39] Стол 1: Активность=Да, Ячеек активных=3/9, Motion=35530, YOLO=2, Состояние=ЗАНЯТ
2026-03-30 11:48:31,038 - INFO - [00:10:40] Стол 1: Активность=Да, Ячеек активных=3/9, Motion=24639, YOLO=2, Состояние=ЗАНЯТ
2026-03-30 11:48:32,154 - INFO - [00:10:42] Стол 1: Активность=Да, Ячеек активных=3/9, Motion=25139, YOLO=2, Состояние=ЗАНЯТ
2026-03-30 11:48:33,232 - INFO - [00:10:43] Стол 1: Активность=Да, Ячеек активных=1/9, Motion=16528, YOLO=2, Состояние=ЗАНЯТ
2026-03-30 11:48:34,315 - INFO - [00:10:45] Стол 1: Активность=Да, Ячеек активных=1/9, Motion=14195, YOLO=2, Состояние=ЗАНЯТ
2026-03-30 11:48:35,449 - INFO - [00:10:46] Стол 1: Активность=Да, Ячеек активных=3/9, Motion=28033, YOLO=2, Состояние=ЗАНЯТ
2026-03-30 11:48:36,586 - INFO - [00:10:48] Стол 1: Активность=Да, Ячеек активных=3/9, Motion=27143, YOLO=2, Состояние=ЗАНЯТ
2026-03-30 11:48:37,679 - INFO - [00:10:49] Стол 1: Активность=Да, Ячеек активных=3/9, Motion=36284, YOLO=2, Состояние=ЗАНЯТ
2026-03-30 11:48:38,770 - INFO - [00:10:51] Стол 1: Активность=Да, Ячеек активных=3/9, Motion=36316, YOLO=1, Состояние=ЗАНЯТ
2026-03-30 11:48:39,915 - INFO - [00:10:52] Стол 1: Активность=Да, Ячеек активных=3/9, Motion=27003, YOLO=2, Состояние=ЗАНЯТ
2026-03-30 11:48:41,020 - INFO - [00:10:54] Стол 1: Активность=Да, Ячеек активных=3/9, Motion=47500, YOLO=2, Состояние=ЗАНЯТ
2026-03-30 11:48:42,178 - INFO - [00:10:55] Стол 1: Активность=Да, Ячеек активных=2/9, Motion=40638, YOLO=3, Состояние=ЗАНЯТ
2026-03-30 11:48:43,275 - INFO - [00:10:57] Стол 1: Активность=Да, Ячеек активных=2/9, Motion=38830, YOLO=3, Состояние=ЗАНЯТ
2026-03-30 11:48:44,420 - INFO - [00:10:58] Стол 1: Активность=Да, Ячеек активных=2/9, Motion=42815, YOLO=1, Состояние=ЗАНЯТ
2026-03-30 11:48:45,546 - INFO - [00:11:00] Стол 1: Активность=Да, Ячеек активных=1/9, Motion=36276, YOLO=1, Состояние=ЗАНЯТ
2026-03-30 11:48:46,628 - INFO - [00:11:01] Стол 1: Активность=Да, Ячеек активных=1/9, Motion=30963, YOLO=1, Состояние=ЗАНЯТ
2026-03-30 11:48:47,720 - INFO - [00:11:03] Стол 1: Активность=Да, Ячеек активных=1/9, Motion=40774, YOLO=2, Состояние=ЗАНЯТ
2026-03-30 11:48:48,844 - INFO - [00:11:04] Стол 1: Активность=Да, Ячеек активных=1/9, Motion=25659, YOLO=1, Состояние=ЗАНЯТ
2026-03-30 11:48:49,970 - INFO - [00:11:06] Стол 1: Активность=Да, Ячеек активных=1/9, Motion=17980, YOLO=1, Состояние=ЗАНЯТ
2026-03-30 11:48:51,039 - INFO - [00:11:07] Стол 1: Активность=Да, Ячеек активных=1/9, Motion=14168, YOLO=1, Состояние=ЗАНЯТ
2026-03-30 11:48:52,124 - INFO - [00:11:09] Стол 1: Активность=Да, Ячеек активных=1/9, Motion=9496, YOLO=2, Состояние=ЗАНЯТ
2026-03-30 11:48:53,260 - INFO - [00:11:10] Стол 1: Активность=Да, Ячеек активных=1/9, Motion=8914, YOLO=1, Состояние=ЗАНЯТ
2026-03-30 11:48:54,373 - INFO - [00:11:12] Стол 1: Активность=Да, Ячеек активных=0/9, Motion=7215, YOLO=1, Состояние=ЗАНЯТ
2026-03-30 11:48:55,525 - INFO - [00:11:13] Стол 1: Активность=Да, Ячеек активных=1/9, Motion=22897, YOLO=2, Состояние=ЗАНЯТ
2026-03-30 11:48:56,600 - INFO - [00:11:15] Стол 1: Активность=Да, Ячеек активных=1/9, Motion=20049, YOLO=2, Состояние=ЗАНЯТ
2026-03-30 11:48:57,737 - INFO - [00:11:16] Стол 1: Активность=Да, Ячеек активных=1/9, Motion=14873, YOLO=2, Состояние=ЗАНЯТ
2026-03-30 11:48:58,874 - INFO - [00:11:18] Стол 1: Активность=Да, Ячеек активных=1/9, Motion=10179, YOLO=2, Состояние=ЗАНЯТ
2026-03-30 11:49:00,051 - INFO - [00:11:19] Стол 1: Активность=Да, Ячеек активных=1/9, Motion=9408, YOLO=2, Состояние=ЗАНЯТ
2026-03-30 11:49:01,125 - INFO - [00:11:21] Стол 1: Активность=Да, Ячеек активных=1/9, Motion=10958, YOLO=2, Состояние=ЗАНЯТ
2026-03-30 11:49:02,244 - INFO - [00:11:22] Стол 1: Активность=Да, Ячеек активных=1/9, Motion=35931, YOLO=3, Состояние=ЗАНЯТ
2026-03-30 11:49:03,365 - INFO - [00:11:24] Стол 1: Активность=Да, Ячеек активных=1/9, Motion=28027, YOLO=3, Состояние=ЗАНЯТ
2026-03-30 11:49:04,427 - INFO - [00:11:25] Стол 1: Активность=Да, Ячеек активных=1/9, Motion=38580, YOLO=1, Состояние=ЗАНЯТ
2026-03-30 11:49:05,532 - INFO - [00:11:27] Стол 1: Активность=Да, Ячеек активных=1/9, Motion=22215, YOLO=2, Состояние=ЗАНЯТ
2026-03-30 11:49:06,654 - INFO - [00:11:28] Стол 1: Активность=Да, Ячеек активных=1/9, Motion=28818, YOLO=3, Состояние=ЗАНЯТ
2026-03-30 11:49:07,787 - INFO - [00:11:30] Стол 1: Активность=Да, Ячеек активных=3/9, Motion=49064, YOLO=3, Состояние=ЗАНЯТ
2026-03-30 11:49:08,858 - INFO - [00:11:31] Стол 1: Активность=Да, Ячеек активных=3/9, Motion=43422, YOLO=1, Состояние=ЗАНЯТ
2026-03-30 11:49:09,951 - INFO - [00:11:33] Стол 1: Активность=Да, Ячеек активных=3/9, Motion=41099, YOLO=2, Состояние=ЗАНЯТ
2026-03-30 11:49:11,082 - INFO - [00:11:34] Стол 1: Активность=Да, Ячеек активных=2/9, Motion=39241, YOLO=1, Состояние=ЗАНЯТ
2026-03-30 11:49:12,192 - INFO - [00:11:36] Стол 1: Активность=Да, Ячеек активных=3/9, Motion=41258, YOLO=2, Состояние=ЗАНЯТ
2026-03-30 11:49:13,282 - INFO - [00:11:37] Стол 1: Активность=Да, Ячеек активных=1/9, Motion=31765, YOLO=3, Состояние=ЗАНЯТ
2026-03-30 11:49:14,357 - INFO - [00:11:39] Стол 1: Активность=Да, Ячеек активных=1/9, Motion=22140, YOLO=3, Состояние=ЗАНЯТ
2026-03-30 11:49:15,474 - INFO - [00:11:40] Стол 1: Активность=Да, Ячеек активных=1/9, Motion=15006, YOLO=3, Состояние=ЗАНЯТ
2026-03-30 11:49:16,605 - INFO - [00:11:42] Стол 1: Активность=Да, Ячеек активных=3/9, Motion=39950, YOLO=3, Состояние=ЗАНЯТ
2026-03-30 11:49:17,680 - INFO - [00:11:43] Стол 1: Активность=Да, Ячеек активных=3/9, Motion=36449, YOLO=1, Состояние=ЗАНЯТ
2026-03-30 11:49:18,786 - INFO - [00:11:45] Стол 1: Активность=Да, Ячеек активных=4/9, Motion=92287, YOLO=0, Состояние=ЗАНЯТ
2026-03-30 11:49:19,908 - INFO - [00:11:46] Стол 1: Активность=Да, Ячеек активных=3/9, Motion=58998, YOLO=1, Состояние=ЗАНЯТ
2026-03-30 11:49:21,095 - INFO - [00:11:48] Стол 1: Активность=Да, Ячеек активных=3/9, Motion=34373, YOLO=0, Состояние=ЗАНЯТ
2026-03-30 11:49:22,179 - INFO - [00:11:49] Стол 1: Активность=Да, Ячеек активных=2/9, Motion=17902, YOLO=0, Состояние=ЗАНЯТ
2026-03-30 11:49:23,286 - INFO - [00:11:51] Стол 1: Активность=Нет, Ячеек активных=1/9, Motion=12925, YOLO=0, Состояние=ЗАНЯТ
2026-03-30 11:49:23,286 - INFO - [711.00s] ⚠️ Стол #1: нет активности, старт таймера ухода (20.0s)
2026-03-30 11:49:23,286 - INFO - [711.00s] ⏱ Стол #1: без движения 0.0/20.0s
2026-03-30 11:49:24,459 - INFO - [00:11:52] Стол 1: Активность=Нет, Ячеек активных=1/9, Motion=26325, YOLO=0, Состояние=ЗАНЯТ
2026-03-30 11:49:24,459 - INFO - [712.50s] ⏱ Стол #1: без движения 1.5/20.0s
2026-03-30 11:49:25,557 - INFO - [00:11:54] Стол 1: Активность=Нет, Ячеек активных=1/9, Motion=24674, YOLO=0, Состояние=ЗАНЯТ
2026-03-30 11:49:25,557 - INFO - [714.00s] ⏱ Стол #1: без движения 3.0/20.0s
2026-03-30 11:49:26,660 - INFO - [00:11:55] Стол 1: Активность=Нет, Ячеек активных=1/9, Motion=28039, YOLO=0, Состояние=ЗАНЯТ
2026-03-30 11:49:26,660 - INFO - [715.50s] ⏱ Стол #1: без движения 4.5/20.0s
2026-03-30 11:49:27,797 - INFO - [00:11:57] Стол 1: Активность=Да, Ячеек активных=2/9, Motion=70017, YOLO=2, Состояние=ЗАНЯТ
2026-03-30 11:49:28,959 - INFO - [00:11:58] Стол 1: Активность=Да, Ячеек активных=4/9, Motion=72782, YOLO=4, Состояние=ЗАНЯТ
2026-03-30 11:49:30,169 - INFO - [00:12:00] Стол 1: Активность=Да, Ячеек активных=5/9, Motion=105049, YOLO=2, Состояние=ЗАНЯТ
2026-03-30 11:49:31,272 - INFO - [00:12:01] Стол 1: Активность=Да, Ячеек активных=4/9, Motion=60932, YOLO=3, Состояние=ЗАНЯТ
2026-03-30 11:49:32,426 - INFO - [00:12:03] Стол 1: Активность=Да, Ячеек активных=7/9, Motion=104826, YOLO=3, Состояние=ЗАНЯТ
2026-03-30 11:49:33,614 - INFO - [00:12:04] Стол 1: Активность=Да, Ячеек активных=7/9, Motion=117501, YOLO=4, Состояние=ЗАНЯТ
2026-03-30 11:49:34,817 - INFO - [00:12:06] Стол 1: Активность=Да, Ячеек активных=7/9, Motion=133095, YOLO=5, Состояние=ЗАНЯТ
2026-03-30 11:49:35,961 - INFO - [00:12:07] Стол 1: Активность=Да, Ячеек активных=6/9, Motion=157430, YOLO=3, Состояние=ЗАНЯТ
2026-03-30 11:49:37,097 - INFO - [00:12:09] Стол 1: Активность=Да, Ячеек активных=5/9, Motion=152162, YOLO=5, Состояние=ЗАНЯТ
2026-03-30 11:49:38,270 - INFO - [00:12:10] Стол 1: Активность=Да, Ячеек активных=6/9, Motion=129032, YOLO=2, Состояние=ЗАНЯТ
2026-03-30 11:49:39,464 - INFO - [00:12:12] Стол 1: Активность=Да, Ячеек активных=6/9, Motion=139191, YOLO=1, Состояние=ЗАНЯТ
2026-03-30 11:49:40,581 - INFO - [00:12:13] Стол 1: Активность=Да, Ячеек активных=6/9, Motion=148214, YOLO=2, Состояние=ЗАНЯТ
2026-03-30 11:49:41,731 - INFO - [00:12:15] Стол 1: Активность=Да, Ячеек активных=6/9, Motion=165819, YOLO=5, Состояние=ЗАНЯТ
2026-03-30 11:49:42,899 - INFO - [00:12:16] Стол 1: Активность=Да, Ячеек активных=6/9, Motion=135012, YOLO=3, Состояние=ЗАНЯТ
2026-03-30 11:49:44,090 - INFO - [00:12:18] Стол 1: Активность=Да, Ячеек активных=6/9, Motion=158557, YOLO=3, Состояние=ЗАНЯТ
2026-03-30 11:49:45,230 - INFO - [00:12:19] Стол 1: Активность=Да, Ячеек активных=7/9, Motion=140413, YOLO=4, Состояние=ЗАНЯТ
2026-03-30 11:49:46,374 - INFO - [00:12:21] Стол 1: Активность=Да, Ячеек активных=6/9, Motion=101672, YOLO=4, Состояние=ЗАНЯТ
2026-03-30 11:49:47,557 - INFO - [00:12:22] Стол 1: Активность=Да, Ячеек активных=5/9, Motion=90784, YOLO=3, Состояние=ЗАНЯТ
2026-03-30 11:49:48,733 - INFO - [00:12:24] Стол 1: Активность=Да, Ячеек активных=5/9, Motion=110233, YOLO=3, Состояние=ЗАНЯТ
2026-03-30 11:49:49,847 - INFO - [00:12:25] Стол 1: Активность=Да, Ячеек активных=5/9, Motion=97177, YOLO=3, Состояние=ЗАНЯТ
2026-03-30 11:49:50,974 - INFO - [00:12:27] Стол 1: Активность=Да, Ячеек активных=6/9, Motion=165031, YOLO=3, Состояние=ЗАНЯТ
2026-03-30 11:49:52,163 - INFO - [00:12:28] Стол 1: Активность=Да, Ячеек активных=5/9, Motion=110184, YOLO=4, Состояние=ЗАНЯТ
2026-03-30 11:49:53,341 - INFO - [00:12:30] Стол 1: Активность=Да, Ячеек активных=5/9, Motion=124447, YOLO=5, Состояние=ЗАНЯТ
2026-03-30 11:49:54,441 - INFO - [00:12:31] Стол 1: Активность=Да, Ячеек активных=6/9, Motion=129041, YOLO=3, Состояние=ЗАНЯТ
2026-03-30 11:49:55,566 - INFO - [00:12:33] Стол 1: Активность=Да, Ячеек активных=5/9, Motion=115840, YOLO=3, Состояние=ЗАНЯТ
2026-03-30 11:49:56,728 - INFO - [00:12:34] Стол 1: Активность=Да, Ячеек активных=5/9, Motion=120658, YOLO=4, Состояние=ЗАНЯТ
2026-03-30 11:49:57,886 - INFO - [00:12:36] Стол 1: Активность=Да, Ячеек активных=6/9, Motion=119568, YOLO=4, Состояние=ЗАНЯТ
2026-03-30 11:49:59,077 - INFO - [00:12:37] Стол 1: Активность=Да, Ячеек активных=5/9, Motion=100228, YOLO=5, Состояние=ЗАНЯТ
2026-03-30 11:50:00,205 - INFO - [00:12:39] Стол 1: Активность=Да, Ячеек активных=5/9, Motion=95086, YOLO=5, Состояние=ЗАНЯТ
2026-03-30 11:50:01,361 - INFO - [00:12:40] Стол 1: Активность=Да, Ячеек активных=3/9, Motion=95883, YOLO=3, Состояние=ЗАНЯТ
2026-03-30 11:50:02,515 - INFO - [00:12:42] Стол 1: Активность=Да, Ячеек активных=6/9, Motion=108635, YOLO=4, Состояние=ЗАНЯТ
2026-03-30 11:50:03,619 - INFO - [00:12:43] Стол 1: Активность=Да, Ячеек активных=8/9, Motion=145146, YOLO=5, Состояние=ЗАНЯТ
2026-03-30 11:50:04,780 - INFO - [00:12:45] Стол 1: Активность=Да, Ячеек активных=6/9, Motion=115445, YOLO=4, Состояние=ЗАНЯТ
2026-03-30 11:50:05,929 - INFO - [00:12:46] Стол 1: Активность=Да, Ячеек активных=4/9, Motion=99640, YOLO=5, Состояние=ЗАНЯТ
2026-03-30 11:50:07,001 - INFO - [00:12:48] Стол 1: Активность=Да, Ячеек активных=6/9, Motion=93221, YOLO=4, Состояние=ЗАНЯТ
2026-03-30 11:50:08,210 - INFO - [00:12:49] Стол 1: Активность=Да, Ячеек активных=7/9, Motion=141320, YOLO=4, Состояние=ЗАНЯТ
2026-03-30 11:50:09,331 - INFO - [00:12:51] Стол 1: Активность=Да, Ячеек активных=6/9, Motion=134963, YOLO=5, Состояние=ЗАНЯТ
2026-03-30 11:50:10,442 - INFO - [00:12:52] Стол 1: Активность=Да, Ячеек активных=6/9, Motion=114012, YOLO=5, Состояние=ЗАНЯТ
2026-03-30 11:50:11,538 - INFO - [00:12:54] Стол 1: Активность=Да, Ячеек активных=6/9, Motion=117250, YOLO=4, Состояние=ЗАНЯТ
2026-03-30 11:50:12,719 - INFO - [00:12:55] Стол 1: Активность=Да, Ячеек активных=6/9, Motion=119721, YOLO=4, Состояние=ЗАНЯТ
2026-03-30 11:50:13,834 - INFO - [00:12:57] Стол 1: Активность=Да, Ячеек активных=7/9, Motion=143475, YOLO=5, Состояние=ЗАНЯТ
2026-03-30 11:50:15,006 - INFO - [00:12:58] Стол 1: Активность=Да, Ячеек активных=7/9, Motion=182091, YOLO=8, Состояние=ЗАНЯТ
2026-03-30 11:50:16,170 - INFO - [00:13:00] Стол 1: Активность=Да, Ячеек активных=7/9, Motion=163141, YOLO=6, Состояние=ЗАНЯТ
2026-03-30 11:50:17,377 - INFO - [00:13:01] Стол 1: Активность=Да, Ячеек активных=7/9, Motion=157609, YOLO=5, Состояние=ЗАНЯТ
2026-03-30 11:50:18,508 - INFO - [00:13:03] Стол 1: Активность=Да, Ячеек активных=7/9, Motion=141651, YOLO=6, Состояние=ЗАНЯТ
2026-03-30 11:50:19,659 - INFO - [00:13:04] Стол 1: Активность=Да, Ячеек активных=6/9, Motion=128176, YOLO=6, Состояние=ЗАНЯТ
2026-03-30 11:50:20,749 - INFO - [00:13:06] Стол 1: Активность=Да, Ячеек активных=6/9, Motion=128916, YOLO=7, Состояние=ЗАНЯТ
2026-03-30 11:50:21,909 - INFO - [00:13:07] Стол 1: Активность=Да, Ячеек активных=6/9, Motion=143819, YOLO=5, Состояние=ЗАНЯТ
2026-03-30 11:50:23,078 - INFO - [00:13:09] Стол 1: Активность=Да, Ячеек активных=7/9, Motion=157321, YOLO=6, Состояние=ЗАНЯТ
2026-03-30 11:50:24,320 - INFO - [00:13:10] Стол 1: Активность=Да, Ячеек активных=6/9, Motion=128587, YOLO=6, Состояние=ЗАНЯТ
2026-03-30 11:50:25,593 - INFO - [00:13:12] Стол 1: Активность=Да, Ячеек активных=6/9, Motion=133142, YOLO=5, Состояние=ЗАНЯТ
2026-03-30 11:50:26,757 - INFO - [00:13:13] Стол 1: Активность=Да, Ячеек активных=5/9, Motion=137886, YOLO=6, Состояние=ЗАНЯТ
2026-03-30 11:50:27,924 - INFO - [00:13:15] Стол 1: Активность=Да, Ячеек активных=7/9, Motion=172435, YOLO=5, Состояние=ЗАНЯТ
2026-03-30 11:50:29,236 - INFO - [00:13:16] Стол 1: Активность=Да, Ячеек активных=6/9, Motion=167737, YOLO=5, Состояние=ЗАНЯТ
2026-03-30 11:50:30,421 - INFO - [00:13:18] Стол 1: Активность=Да, Ячеек активных=6/9, Motion=155895, YOLO=4, Состояние=ЗАНЯТ
2026-03-30 11:50:31,634 - INFO - [00:13:19] Стол 1: Активность=Да, Ячеек активных=7/9, Motion=158857, YOLO=5, Состояние=ЗАНЯТ
2026-03-30 11:50:32,757 - INFO - [00:13:21] Стол 1: Активность=Да, Ячеек активных=7/9, Motion=142120, YOLO=5, Состояние=ЗАНЯТ
2026-03-30 11:50:33,920 - INFO - [00:13:22] Стол 1: Активность=Да, Ячеек активных=6/9, Motion=126371, YOLO=5, Состояние=ЗАНЯТ
2026-03-30 11:50:35,082 - INFO - [00:13:24] Стол 1: Активность=Да, Ячеек активных=6/9, Motion=88848, YOLO=3, Состояние=ЗАНЯТ
2026-03-30 11:50:36,197 - INFO - [00:13:25] Стол 1: Активность=Да, Ячеек активных=4/9, Motion=63871, YOLO=3, Состояние=ЗАНЯТ
2026-03-30 11:50:37,359 - INFO - [00:13:27] Стол 1: Активность=Да, Ячеек активных=5/9, Motion=108971, YOLO=4, Состояние=ЗАНЯТ
2026-03-30 11:50:38,577 - INFO - [00:13:28] Стол 1: Активность=Да, Ячеек активных=6/9, Motion=193397, YOLO=5, Состояние=ЗАНЯТ
2026-03-30 11:50:39,800 - INFO - [00:13:30] Стол 1: Активность=Да, Ячеек активных=5/9, Motion=153670, YOLO=4, Состояние=ЗАНЯТ
2026-03-30 11:50:41,070 - INFO - [00:13:31] Стол 1: Активность=Да, Ячеек активных=5/9, Motion=108302, YOLO=3, Состояние=ЗАНЯТ
2026-03-30 11:50:42,255 - INFO - [00:13:33] Стол 1: Активность=Да, Ячеек активных=4/9, Motion=63462, YOLO=3, Состояние=ЗАНЯТ
2026-03-30 11:50:43,449 - INFO - [00:13:34] Стол 1: Активность=Да, Ячеек активных=5/9, Motion=54629, YOLO=1, Состояние=ЗАНЯТ
2026-03-30 11:50:44,576 - INFO - [00:13:36] Стол 1: Активность=Да, Ячеек активных=3/9, Motion=54447, YOLO=2, Состояние=ЗАНЯТ
2026-03-30 11:50:45,790 - INFO - [00:13:37] Стол 1: Активность=Да, Ячеек активных=4/9, Motion=57106, YOLO=2, Состояние=ЗАНЯТ
2026-03-30 11:50:46,924 - INFO - [00:13:39] Стол 1: Активность=Да, Ячеек активных=3/9, Motion=46455, YOLO=1, Состояние=ЗАНЯТ
2026-03-30 11:50:48,052 - INFO - [00:13:40] Стол 1: Активность=Да, Ячеек активных=1/9, Motion=36499, YOLO=2, Состояние=ЗАНЯТ
2026-03-30 11:50:49,180 - INFO - [00:13:42] Стол 1: Активность=Да, Ячеек активных=1/9, Motion=35272, YOLO=2, Состояние=ЗАНЯТ
2026-03-30 11:50:50,289 - INFO - [00:13:43] Стол 1: Активность=Да, Ячеек активных=3/9, Motion=45927, YOLO=1, Состояние=ЗАНЯТ
2026-03-30 11:50:51,398 - INFO - [00:13:45] Стол 1: Активность=Да, Ячеек активных=3/9, Motion=33970, YOLO=3, Состояние=ЗАНЯТ
2026-03-30 11:50:52,528 - INFO - [00:13:46] Стол 1: Активность=Да, Ячеек активных=2/9, Motion=50350, YOLO=3, Состояние=ЗАНЯТ
2026-03-30 11:50:53,736 - INFO - [00:13:48] Стол 1: Активность=Да, Ячеек активных=2/9, Motion=37132, YOLO=3, Состояние=ЗАНЯТ
2026-03-30 11:50:54,835 - INFO - [00:13:49] Стол 1: Активность=Да, Ячеек активных=3/9, Motion=27984, YOLO=2, Состояние=ЗАНЯТ
2026-03-30 11:50:55,968 - INFO - [00:13:51] Стол 1: Активность=Да, Ячеек активных=4/9, Motion=64357, YOLO=2, Состояние=ЗАНЯТ
2026-03-30 11:50:57,122 - INFO - [00:13:52] Стол 1: Активность=Да, Ячеек активных=4/9, Motion=39543, YOLO=3, Состояние=ЗАНЯТ
2026-03-30 11:50:58,282 - INFO - [00:13:54] Стол 1: Активность=Да, Ячеек активных=3/9, Motion=44752, YOLO=2, Состояние=ЗАНЯТ
2026-03-30 11:50:59,370 - INFO - [00:13:55] Стол 1: Активность=Да, Ячеек активных=3/9, Motion=59672, YOLO=3, Состояние=ЗАНЯТ
2026-03-30 11:51:00,485 - INFO - [00:13:57] Стол 1: Активность=Да, Ячеек активных=3/9, Motion=56257, YOLO=2, Состояние=ЗАНЯТ
2026-03-30 11:51:01,639 - INFO - [00:13:58] Стол 1: Активность=Да, Ячеек активных=3/9, Motion=44849, YOLO=2, Состояние=ЗАНЯТ
2026-03-30 11:51:02,821 - INFO - [00:14:00] Стол 1: Активность=Да, Ячеек активных=2/9, Motion=33412, YOLO=2, Состояние=ЗАНЯТ
2026-03-30 11:51:03,923 - INFO - [00:14:01] Стол 1: Активность=Да, Ячеек активных=3/9, Motion=34768, YOLO=1, Состояние=ЗАНЯТ
2026-03-30 11:51:05,038 - INFO - [00:14:03] Стол 1: Активность=Да, Ячеек активных=3/9, Motion=28822, YOLO=2, Состояние=ЗАНЯТ
2026-03-30 11:51:06,210 - INFO - [00:14:04] Стол 1: Активность=Да, Ячеек активных=3/9, Motion=26888, YOLO=2, Состояние=ЗАНЯТ
2026-03-30 11:51:07,364 - INFO - [00:14:06] Стол 1: Активность=Да, Ячеек активных=3/9, Motion=46247, YOLO=2, Состояние=ЗАНЯТ
2026-03-30 11:51:08,465 - INFO - [00:14:07] Стол 1: Активность=Да, Ячеек активных=4/9, Motion=61140, YOLO=3, Состояние=ЗАНЯТ
2026-03-30 11:51:09,591 - INFO - [00:14:09] Стол 1: Активность=Да, Ячеек активных=3/9, Motion=42390, YOLO=3, Состояние=ЗАНЯТ
2026-03-30 11:51:10,749 - INFO - [00:14:10] Стол 1: Активность=Да, Ячеек активных=3/9, Motion=34120, YOLO=3, Состояние=ЗАНЯТ
2026-03-30 11:51:11,895 - INFO - [00:14:12] Стол 1: Активность=Да, Ячеек активных=2/9, Motion=28859, YOLO=1, Состояние=ЗАНЯТ
2026-03-30 11:51:12,996 - INFO - [00:14:13] Стол 1: Активность=Да, Ячеек активных=2/9, Motion=39587, YOLO=1, Состояние=ЗАНЯТ
2026-03-30 11:51:14,099 - INFO - [00:14:15] Стол 1: Активность=Да, Ячеек активных=2/9, Motion=37071, YOLO=1, Состояние=ЗАНЯТ
2026-03-30 11:51:15,245 - INFO - [00:14:16] Стол 1: Активность=Да, Ячеек активных=2/9, Motion=23904, YOLO=1, Состояние=ЗАНЯТ
2026-03-30 11:51:16,404 - INFO - [00:14:18] Стол 1: Активность=Да, Ячеек активных=3/9, Motion=54229, YOLO=1, Состояние=ЗАНЯТ
2026-03-30 11:51:17,494 - INFO - [00:14:19] Стол 1: Активность=Да, Ячеек активных=2/9, Motion=43371, YOLO=1, Состояние=ЗАНЯТ
2026-03-30 11:51:18,610 - INFO - [00:14:21] Стол 1: Активность=Да, Ячеек активных=2/9, Motion=33955, YOLO=1, Состояние=ЗАНЯТ
2026-03-30 11:51:19,754 - INFO - [00:14:22] Стол 1: Активность=Да, Ячеек активных=1/9, Motion=32169, YOLO=1, Состояние=ЗАНЯТ
2026-03-30 11:51:20,921 - INFO - [00:14:24] Стол 1: Активность=Да, Ячеек активных=1/9, Motion=26546, YOLO=1, Состояние=ЗАНЯТ
2026-03-30 11:51:21,994 - INFO - [00:14:25] Стол 1: Активность=Да, Ячеек активных=1/9, Motion=33166, YOLO=2, Состояние=ЗАНЯТ
2026-03-30 11:51:23,111 - INFO - [00:14:27] Стол 1: Активность=Да, Ячеек активных=2/9, Motion=47505, YOLO=2, Состояние=ЗАНЯТ
2026-03-30 11:51:24,250 - INFO - [00:14:28] Стол 1: Активность=Да, Ячеек активных=2/9, Motion=47770, YOLO=2, Состояние=ЗАНЯТ
2026-03-30 11:51:25,401 - INFO - [00:14:30] Стол 1: Активность=Да, Ячеек активных=2/9, Motion=35377, YOLO=1, Состояние=ЗАНЯТ
2026-03-30 11:51:26,488 - INFO - [00:14:31] Стол 1: Активность=Да, Ячеек активных=2/9, Motion=29787, YOLO=1, Состояние=ЗАНЯТ
2026-03-30 11:51:27,600 - INFO - [00:14:33] Стол 1: Активность=Да, Ячеек активных=2/9, Motion=26550, YOLO=1, Состояние=ЗАНЯТ
2026-03-30 11:51:28,741 - INFO - [00:14:34] Стол 1: Активность=Да, Ячеек активных=2/9, Motion=20359, YOLO=1, Состояние=ЗАНЯТ
2026-03-30 11:51:29,872 - INFO - [00:14:36] Стол 1: Активность=Да, Ячеек активных=2/9, Motion=15057, YOLO=1, Состояние=ЗАНЯТ
2026-03-30 11:51:30,956 - INFO - [00:14:37] Стол 1: Активность=Да, Ячеек активных=1/9, Motion=11850, YOLO=1, Состояние=ЗАНЯТ
2026-03-30 11:51:32,049 - INFO - [00:14:39] Стол 1: Активность=Да, Ячеек активных=1/9, Motion=8715, YOLO=1, Состояние=ЗАНЯТ
2026-03-30 11:51:33,204 - INFO - [00:14:40] Стол 1: Активность=Да, Ячеек активных=1/9, Motion=6835, YOLO=2, Состояние=ЗАНЯТ
2026-03-30 11:51:34,335 - INFO - [00:14:42] Стол 1: Активность=Да, Ячеек активных=1/9, Motion=16266, YOLO=1, Состояние=ЗАНЯТ
2026-03-30 11:51:35,413 - INFO - [00:14:43] Стол 1: Активность=Да, Ячеек активных=2/9, Motion=25961, YOLO=1, Состояние=ЗАНЯТ
2026-03-30 11:51:36,531 - INFO - [00:14:45] Стол 1: Активность=Да, Ячеек активных=2/9, Motion=21928, YOLO=1, Состояние=ЗАНЯТ
2026-03-30 11:51:37,685 - INFO - [00:14:46] Стол 1: Активность=Да, Ячеек активных=2/9, Motion=19976, YOLO=1, Состояние=ЗАНЯТ
2026-03-30 11:51:38,862 - INFO - [00:14:48] Стол 1: Активность=Да, Ячеек активных=2/9, Motion=17618, YOLO=1, Состояние=ЗАНЯТ
2026-03-30 11:51:39,940 - INFO - [00:14:49] Стол 1: Активность=Да, Ячеек активных=0/9, Motion=14155, YOLO=1, Состояние=ЗАНЯТ
2026-03-30 11:51:41,047 - INFO - [00:14:51] Стол 1: Активность=Да, Ячеек активных=0/9, Motion=14480, YOLO=1, Состояние=ЗАНЯТ
2026-03-30 11:51:42,166 - INFO - [00:14:52] Стол 1: Активность=Да, Ячеек активных=2/9, Motion=23352, YOLO=1, Состояние=ЗАНЯТ
2026-03-30 11:51:43,244 - INFO - [00:14:54] Стол 1: Активность=Да, Ячеек активных=2/9, Motion=20607, YOLO=1, Состояние=ЗАНЯТ
2026-03-30 11:51:44,331 - INFO - [00:14:55] Стол 1: Активность=Да, Ячеек активных=2/9, Motion=17035, YOLO=1, Состояние=ЗАНЯТ
2026-03-30 11:51:45,415 - INFO - [00:14:57] Стол 1: Активность=Да, Ячеек активных=2/9, Motion=26015, YOLO=1, Состояние=ЗАНЯТ
2026-03-30 11:51:46,515 - INFO - [00:14:58] Стол 1: Активность=Да, Ячеек активных=1/9, Motion=19616, YOLO=1, Состояние=ЗАНЯТ
2026-03-30 11:51:47,652 - INFO - [00:15:00] Стол 1: Активность=Да, Ячеек активных=1/9, Motion=17959, YOLO=2, Состояние=ЗАНЯТ
2026-03-30 11:51:48,726 - INFO - [00:15:01] Стол 1: Активность=Да, Ячеек активных=1/9, Motion=13663, YOLO=1, Состояние=ЗАНЯТ
2026-03-30 11:51:49,800 - INFO - [00:15:03] Стол 1: Активность=Да, Ячеек активных=0/9, Motion=9975, YOLO=1, Состояние=ЗАНЯТ
